{"C:\\Users\\User\\Documents\\react\\react\\rs-react-app\\src\\App.tsx": {"path":"C:\\Users\\User\\Documents\\react\\react\\rs-react-app\\src\\App.tsx","statementMap":{"0":{"start":{"line":1,"column":0},"end":{"line":1,"column":34}},"1":{"start":{"line":3,"column":0},"end":{"line":3,"column":64}},"2":{"start":{"line":4,"column":0},"end":{"line":4,"column":null}},"3":{"start":{"line":11,"column":0},"end":{"line":11,"column":69}},"4":{"start":{"line":12,"column":0},"end":{"line":12,"column":19}},"5":{"start":{"line":22,"column":4},"end":{"line":22,"column":17}},"6":{"start":{"line":23,"column":28},"end":{"line":23,"column":68}},"7":{"start":{"line":24,"column":4},"end":{"line":29,"column":6}},"8":{"start":{"line":32,"column":4},"end":{"line":32,"column":53}},"9":{"start":{"line":33,"column":4},"end":{"line":33,"column":69}},"10":{"start":{"line":33,"column":43},"end":{"line":33,"column":68}},"11":{"start":{"line":34,"column":4},"end":{"line":34,"column":43}},"12":{"start":{"line":35,"column":4},"end":{"line":35,"column":33}},"13":{"start":{"line":35,"column":22},"end":{"line":35,"column":32}},"14":{"start":{"line":36,"column":4},"end":{"line":36,"column":41}},"15":{"start":{"line":40,"column":4},"end":{"line":40,"column":16}},"16":{"start":{"line":44,"column":40},"end":{"line":44,"column":50}},"17":{"start":{"line":46,"column":4},"end":{"line":54,"column":6}},"18":{"start":{"line":58,"column":0},"end":{"line":58,"column":19}}},"fnMap":{"0":{"name":"(anonymous_1)","decl":{"start":{"line":21,"column":2},"end":{"line":21,"column":14}},"loc":{"start":{"line":21,"column":42},"end":{"line":37,"column":3}}},"1":{"name":"(anonymous_2)","decl":{"start":{"line":33,"column":24},"end":{"line":33,"column":25}},"loc":{"start":{"line":33,"column":43},"end":{"line":33,"column":68}}},"2":{"name":"(anonymous_3)","decl":{"start":{"line":35,"column":16},"end":{"line":35,"column":19}},"loc":{"start":{"line":35,"column":22},"end":{"line":35,"column":32}}},"3":{"name":"(anonymous_4)","decl":{"start":{"line":39,"column":2},"end":{"line":39,"column":19}},"loc":{"start":{"line":39,"column":19},"end":{"line":41,"column":3}}},"4":{"name":"(anonymous_5)","decl":{"start":{"line":43,"column":2},"end":{"line":43,"column":8}},"loc":{"start":{"line":43,"column":8},"end":{"line":55,"column":3}}}},"branchMap":{},"s":{"0":1,"1":1,"2":1,"3":1,"4":1,"5":25,"6":24,"7":24,"8":24,"9":24,"10":0,"11":24,"12":24,"13":24,"14":24,"15":24,"16":110,"17":110,"18":1},"f":{"0":25,"1":0,"2":24,"3":24,"4":110},"b":{}}
,"C:\\Users\\User\\Documents\\react\\react\\rs-react-app\\src\\__tests__\\test-utils.tsx": {"path":"C:\\Users\\User\\Documents\\react\\react\\rs-react-app\\src\\__tests__\\test-utils.tsx","statementMap":{"0":{"start":{"line":2,"column":0},"end":{"line":2,"column":48}},"1":{"start":{"line":6,"column":13},"end":{"line":11,"column":2}},"2":{"start":{"line":14,"column":37},"end":{"line":19,"column":1}},"3":{"start":{"line":15,"column":2},"end":{"line":18,"column":5}},"4":{"start":{"line":14,"column":13},"end":{"line":14,"column":37}},"5":{"start":{"line":22,"column":29},"end":{"line":28,"column":1}},"6":{"start":{"line":23,"column":2},"end":{"line":23,"column":23}},"7":{"start":{"line":24,"column":2},"end":{"line":24,"column":39}},"8":{"start":{"line":25,"column":2},"end":{"line":25,"column":39}},"9":{"start":{"line":26,"column":2},"end":{"line":26,"column":42}},"10":{"start":{"line":27,"column":2},"end":{"line":27,"column":37}},"11":{"start":{"line":22,"column":13},"end":{"line":22,"column":29}},"12":{"start":{"line":31,"column":13},"end":{"line":48,"column":2}},"13":{"start":{"line":51,"column":21},"end":{"line":54,"column":24}},"14":{"start":{"line":54,"column":5},"end":{"line":54,"column":24}},"15":{"start":{"line":57,"column":25},"end":{"line":57,"column":31}},"16":{"start":{"line":56,"column":0},"end":{"line":56,"column":39}}},"fnMap":{"0":{"name":"(anonymous_4)","decl":{"start":{"line":14,"column":37},"end":{"line":14,"column":40}},"loc":{"start":{"line":14,"column":42},"end":{"line":19,"column":1}}},"1":{"name":"(anonymous_5)","decl":{"start":{"line":22,"column":29},"end":{"line":22,"column":32}},"loc":{"start":{"line":22,"column":34},"end":{"line":28,"column":1}}},"2":{"name":"(anonymous_6)","decl":{"start":{"line":51,"column":21},"end":{"line":51,"column":null}},"loc":{"start":{"line":54,"column":5},"end":{"line":54,"column":24}}}},"branchMap":{},"s":{"0":8,"1":8,"2":8,"3":49,"4":8,"5":8,"6":41,"7":41,"8":41,"9":41,"10":41,"11":8,"12":8,"13":8,"14":123,"15":8,"16":8},"f":{"0":49,"1":41,"2":123},"b":{}}
,"C:\\Users\\User\\Documents\\react\\react\\rs-react-app\\src\\__tests__\\mocks\\api.ts": {"path":"C:\\Users\\User\\Documents\\react\\react\\rs-react-app\\src\\__tests__\\mocks\\api.ts","statementMap":{"0":{"start":{"line":2,"column":13},"end":{"line":2,"column":35}},"1":{"start":{"line":5,"column":30},"end":{"line":7,"column":1}},"2":{"start":{"line":6,"column":2},"end":{"line":6,"column":27}},"3":{"start":{"line":5,"column":13},"end":{"line":5,"column":30}},"4":{"start":{"line":10,"column":30},"end":{"line":16,"column":1}},"5":{"start":{"line":11,"column":2},"end":{"line":15,"column":5}},"6":{"start":{"line":14,"column":22},"end":{"line":14,"column":26}},"7":{"start":{"line":10,"column":13},"end":{"line":10,"column":30}},"8":{"start":{"line":18,"column":28},"end":{"line":25,"column":1}},"9":{"start":{"line":19,"column":2},"end":{"line":24,"column":5}},"10":{"start":{"line":23,"column":23},"end":{"line":23,"column":41}},"11":{"start":{"line":18,"column":13},"end":{"line":18,"column":28}},"12":{"start":{"line":27,"column":35},"end":{"line":29,"column":1}},"13":{"start":{"line":28,"column":2},"end":{"line":28,"column":62}},"14":{"start":{"line":27,"column":13},"end":{"line":27,"column":35}},"15":{"start":{"line":32,"column":30},"end":{"line":34,"column":1}},"16":{"start":{"line":33,"column":2},"end":{"line":33,"column":24}},"17":{"start":{"line":32,"column":13},"end":{"line":32,"column":30}}},"fnMap":{"0":{"name":"(anonymous_0)","decl":{"start":{"line":5,"column":30},"end":{"line":5,"column":33}},"loc":{"start":{"line":5,"column":35},"end":{"line":7,"column":1}}},"1":{"name":"(anonymous_1)","decl":{"start":{"line":10,"column":30},"end":{"line":10,"column":31}},"loc":{"start":{"line":10,"column":44},"end":{"line":16,"column":1}}},"2":{"name":"(anonymous_2)","decl":{"start":{"line":14,"column":10},"end":{"line":14,"column":15}},"loc":{"start":{"line":14,"column":22},"end":{"line":14,"column":26}}},"3":{"name":"(anonymous_3)","decl":{"start":{"line":18,"column":28},"end":{"line":18,"column":29}},"loc":{"start":{"line":18,"column":87},"end":{"line":25,"column":1}}},"4":{"name":"(anonymous_4)","decl":{"start":{"line":23,"column":10},"end":{"line":23,"column":15}},"loc":{"start":{"line":23,"column":23},"end":{"line":23,"column":41}}},"5":{"name":"(anonymous_5)","decl":{"start":{"line":27,"column":35},"end":{"line":27,"column":38}},"loc":{"start":{"line":27,"column":40},"end":{"line":29,"column":1}}},"6":{"name":"(anonymous_6)","decl":{"start":{"line":32,"column":30},"end":{"line":32,"column":33}},"loc":{"start":{"line":32,"column":35},"end":{"line":34,"column":1}}}},"branchMap":{"0":{"loc":{"start":{"line":18,"column":29},"end":{"line":18,"column":49}},"type":"default-arg","locations":[{"start":{"line":18,"column":46},"end":{"line":18,"column":49}}]},"1":{"loc":{"start":{"line":18,"column":51},"end":{"line":18,"column":83}},"type":"default-arg","locations":[{"start":{"line":18,"column":69},"end":{"line":18,"column":83}}]}},"s":{"0":8,"1":8,"2":32,"3":8,"4":8,"5":10,"6":10,"7":8,"8":8,"9":2,"10":0,"11":8,"12":8,"13":0,"14":8,"15":8,"16":24,"17":8},"f":{"0":32,"1":10,"2":10,"3":2,"4":0,"5":0,"6":24},"b":{"0":[0],"1":[1]}}
,"C:\\Users\\User\\Documents\\react\\react\\rs-react-app\\src\\components\\error\\Error.tsx": {"path":"C:\\Users\\User\\Documents\\react\\react\\rs-react-app\\src\\components\\error\\Error.tsx","statementMap":{"0":{"start":{"line":1,"column":0},"end":{"line":1,"column":26}},"1":{"start":{"line":8,"column":4},"end":{"line":8,"column":17}},"2":{"start":{"line":9,"column":4},"end":{"line":9,"column":50}},"3":{"start":{"line":13,"column":4},"end":{"line":13,"column":52}},"4":{"start":{"line":17,"column":4},"end":{"line":17,"column":64}},"5":{"start":{"line":20,"column":15},"end":{"line":22,"column":3}},"6":{"start":{"line":21,"column":4},"end":{"line":21,"column":52}},"7":{"start":{"line":25,"column":4},"end":{"line":32,"column":5}},"8":{"start":{"line":26,"column":6},"end":{"line":31,"column":8}},"9":{"start":{"line":34,"column":4},"end":{"line":34,"column":31}},"10":{"start":{"line":3,"column":0},"end":{"line":3,"column":13}}},"fnMap":{"0":{"name":"(anonymous_1)","decl":{"start":{"line":7,"column":2},"end":{"line":7,"column":14}},"loc":{"start":{"line":7,"column":50},"end":{"line":10,"column":3}}},"1":{"name":"(anonymous_2)","decl":{"start":{"line":12,"column":2},"end":{"line":12,"column":8}},"loc":{"start":{"line":12,"column":46},"end":{"line":14,"column":3}}},"2":{"name":"(anonymous_3)","decl":{"start":{"line":16,"column":2},"end":{"line":16,"column":19}},"loc":{"start":{"line":16,"column":60},"end":{"line":18,"column":3}}},"3":{"name":"(anonymous_4)","decl":{"start":{"line":20,"column":15},"end":{"line":20,"column":18}},"loc":{"start":{"line":20,"column":20},"end":{"line":22,"column":3}}},"4":{"name":"(anonymous_5)","decl":{"start":{"line":24,"column":2},"end":{"line":24,"column":8}},"loc":{"start":{"line":24,"column":8},"end":{"line":35,"column":3}}}},"branchMap":{"0":{"loc":{"start":{"line":25,"column":4},"end":{"line":32,"column":5}},"type":"if","locations":[{"start":{"line":25,"column":4},"end":{"line":32,"column":5}},{"start":{},"end":{}}]}},"s":{"0":2,"1":60,"2":59,"3":36,"4":18,"5":59,"6":3,"7":166,"8":36,"9":130,"10":2},"f":{"0":60,"1":36,"2":18,"3":3,"4":166},"b":{"0":[36,130]}}
,"C:\\Users\\User\\Documents\\react\\react\\rs-react-app\\src\\components\\error\\ErrorButton.tsx": {"path":"C:\\Users\\User\\Documents\\react\\react\\rs-react-app\\src\\components\\error\\ErrorButton.tsx","statementMap":{"0":{"start":{"line":1,"column":0},"end":{"line":1,"column":34}},"1":{"start":{"line":4,"column":15},"end":{"line":6,"column":3}},"2":{"start":{"line":5,"column":4},"end":{"line":5,"column":45}},"3":{"start":{"line":9,"column":4},"end":{"line":13,"column":6}},"4":{"start":{"line":17,"column":0},"end":{"line":17,"column":27}}},"fnMap":{"0":{"name":"(anonymous_0)","decl":{"start":{"line":4,"column":15},"end":{"line":4,"column":18}},"loc":{"start":{"line":4,"column":20},"end":{"line":6,"column":3}}},"1":{"name":"(anonymous_1)","decl":{"start":{"line":8,"column":2},"end":{"line":8,"column":8}},"loc":{"start":{"line":8,"column":8},"end":{"line":14,"column":3}}}},"branchMap":{},"s":{"0":2,"1":42,"2":0,"3":109,"4":2},"f":{"0":0,"1":109},"b":{}}
,"C:\\Users\\User\\Documents\\react\\react\\rs-react-app\\src\\components\\header\\Header.tsx": {"path":"C:\\Users\\User\\Documents\\react\\react\\rs-react-app\\src\\components\\header\\Header.tsx","statementMap":{"0":{"start":{"line":1,"column":0},"end":{"line":1,"column":34}},"1":{"start":{"line":2,"column":0},"end":{"line":2,"column":39}},"2":{"start":{"line":3,"column":0},"end":{"line":3,"column":41}},"3":{"start":{"line":4,"column":0},"end":{"line":4,"column":22}},"4":{"start":{"line":9,"column":47},"end":{"line":9,"column":57}},"5":{"start":{"line":10,"column":4},"end":{"line":19,"column":6}},"6":{"start":{"line":23,"column":0},"end":{"line":23,"column":22}}},"fnMap":{"0":{"name":"(anonymous_1)","decl":{"start":{"line":8,"column":2},"end":{"line":8,"column":8}},"loc":{"start":{"line":8,"column":8},"end":{"line":20,"column":3}}}},"branchMap":{},"s":{"0":2,"1":2,"2":2,"3":2,"4":129,"5":129,"6":2},"f":{"0":129},"b":{}}
,"C:\\Users\\User\\Documents\\react\\react\\rs-react-app\\src\\components\\header\\search\\Button.tsx": {"path":"C:\\Users\\User\\Documents\\react\\react\\rs-react-app\\src\\components\\header\\search\\Button.tsx","statementMap":{"0":{"start":{"line":1,"column":0},"end":{"line":1,"column":34}},"1":{"start":{"line":6,"column":45},"end":{"line":6,"column":55}},"2":{"start":{"line":7,"column":4},"end":{"line":11,"column":6}},"3":{"start":{"line":15,"column":0},"end":{"line":15,"column":22}}},"fnMap":{"0":{"name":"(anonymous_0)","decl":{"start":{"line":5,"column":2},"end":{"line":5,"column":8}},"loc":{"start":{"line":5,"column":8},"end":{"line":12,"column":3}}}},"branchMap":{},"s":{"0":3,"1":142,"2":142,"3":3},"f":{"0":142},"b":{}}
,"C:\\Users\\User\\Documents\\react\\react\\rs-react-app\\src\\components\\header\\search\\Input.tsx": {"path":"C:\\Users\\User\\Documents\\react\\react\\rs-react-app\\src\\components\\header\\search\\Input.tsx","statementMap":{"0":{"start":{"line":1,"column":0},"end":{"line":1,"column":34}},"1":{"start":{"line":6,"column":45},"end":{"line":6,"column":55}},"2":{"start":{"line":7,"column":4},"end":{"line":14,"column":6}},"3":{"start":{"line":18,"column":0},"end":{"line":18,"column":21}}},"fnMap":{"0":{"name":"(anonymous_0)","decl":{"start":{"line":5,"column":2},"end":{"line":5,"column":8}},"loc":{"start":{"line":5,"column":8},"end":{"line":15,"column":3}}}},"branchMap":{"0":{"loc":{"start":{"line":12,"column":21},"end":{"line":12,"column":55}},"type":"binary-expr","locations":[{"start":{"line":12,"column":21},"end":{"line":12,"column":32}},{"start":{"line":12,"column":36},"end":{"line":12,"column":55}}]}},"s":{"0":3,"1":139,"2":139,"3":3},"f":{"0":139},"b":{"0":[139,1]}}
,"C:\\Users\\User\\Documents\\react\\react\\rs-react-app\\src\\components\\layout\\AppContainer.tsx": {"path":"C:\\Users\\User\\Documents\\react\\react\\rs-react-app\\src\\components\\layout\\AppContainer.tsx","statementMap":{"0":{"start":{"line":1,"column":0},"end":{"line":1,"column":34}},"1":{"start":{"line":3,"column":0},"end":{"line":3,"column":42}},"2":{"start":{"line":4,"column":0},"end":{"line":4,"column":47}},"3":{"start":{"line":5,"column":0},"end":{"line":5,"column":56}},"4":{"start":{"line":6,"column":0},"end":{"line":6,"column":47}},"5":{"start":{"line":13,"column":65},"end":{"line":13,"column":75}},"6":{"start":{"line":15,"column":4},"end":{"line":27,"column":6}},"7":{"start":{"line":31,"column":0},"end":{"line":31,"column":28}}},"fnMap":{"0":{"name":"(anonymous_1)","decl":{"start":{"line":12,"column":2},"end":{"line":12,"column":8}},"loc":{"start":{"line":12,"column":8},"end":{"line":28,"column":3}}}},"branchMap":{},"s":{"0":1,"1":1,"2":1,"3":1,"4":1,"5":110,"6":110,"7":1},"f":{"0":110},"b":{}}
,"C:\\Users\\User\\Documents\\react\\react\\rs-react-app\\src\\components\\loader\\Loader.tsx": {"path":"C:\\Users\\User\\Documents\\react\\react\\rs-react-app\\src\\components\\loader\\Loader.tsx","statementMap":{"0":{"start":{"line":1,"column":0},"end":{"line":1,"column":34}},"1":{"start":{"line":2,"column":0},"end":{"line":2,"column":22}},"2":{"start":{"line":3,"column":0},"end":{"line":3,"column":47}},"3":{"start":{"line":7,"column":4},"end":{"line":7,"column":54}},"4":{"start":{"line":11,"column":0},"end":{"line":11,"column":22}}},"fnMap":{"0":{"name":"(anonymous_1)","decl":{"start":{"line":6,"column":2},"end":{"line":6,"column":8}},"loc":{"start":{"line":6,"column":8},"end":{"line":8,"column":3}}}},"branchMap":{},"s":{"0":2,"1":2,"2":2,"3":85,"4":2},"f":{"0":85},"b":{}}
,"C:\\Users\\User\\Documents\\react\\react\\rs-react-app\\src\\components\\main\\ResultsContainer.tsx": {"path":"C:\\Users\\User\\Documents\\react\\react\\rs-react-app\\src\\components\\main\\ResultsContainer.tsx","statementMap":{"0":{"start":{"line":1,"column":0},"end":{"line":1,"column":34}},"1":{"start":{"line":3,"column":0},"end":{"line":3,"column":42}},"2":{"start":{"line":4,"column":0},"end":{"line":4,"column":50}},"3":{"start":{"line":8,"column":33},"end":{"line":8,"column":43}},"4":{"start":{"line":9,"column":4},"end":{"line":24,"column":6}},"5":{"start":{"line":15,"column":10},"end":{"line":15,"column":32}},"6":{"start":{"line":28,"column":0},"end":{"line":28,"column":32}}},"fnMap":{"0":{"name":"(anonymous_1)","decl":{"start":{"line":7,"column":2},"end":{"line":7,"column":8}},"loc":{"start":{"line":7,"column":8},"end":{"line":25,"column":3}}},"1":{"name":"(anonymous_2)","decl":{"start":{"line":14,"column":21},"end":{"line":14,"column":22}},"loc":{"start":{"line":15,"column":10},"end":{"line":15,"column":32}}}},"branchMap":{"0":{"loc":{"start":{"line":12,"column":9},"end":{"line":12,"column":30}},"type":"binary-expr","locations":[{"start":{"line":12,"column":9},"end":{"line":12,"column":16}},{"start":{"line":12,"column":20},"end":{"line":12,"column":30}}]},"1":{"loc":{"start":{"line":13,"column":9},"end":{"line":13,"column":67}},"type":"binary-expr","locations":[{"start":{"line":13,"column":9},"end":{"line":13,"column":17}},{"start":{"line":13,"column":21},"end":{"line":13,"column":41}},{"start":{"line":13,"column":45},"end":{"line":13,"column":67}}]},"2":{"loc":{"start":{"line":18,"column":25},"end":{"line":18,"column":57}},"type":"binary-expr","locations":[{"start":{"line":18,"column":25},"end":{"line":18,"column":48}},{"start":{"line":18,"column":52},"end":{"line":18,"column":57}}]},"3":{"loc":{"start":{"line":19,"column":15},"end":{"line":19,"column":44}},"type":"binary-expr","locations":[{"start":{"line":19,"column":15},"end":{"line":19,"column":35}},{"start":{"line":19,"column":39},"end":{"line":19,"column":44}}]}},"s":{"0":1,"1":1,"2":1,"3":110,"4":110,"5":0,"6":1},"f":{"0":110,"1":0},"b":{"0":[110,62],"1":[110,48,28],"2":[0,0],"3":[0,0]}}
,"C:\\Users\\User\\Documents\\react\\react\\rs-react-app\\src\\components\\main\\ResultsHeader.tsx": {"path":"C:\\Users\\User\\Documents\\react\\react\\rs-react-app\\src\\components\\main\\ResultsHeader.tsx","statementMap":{"0":{"start":{"line":1,"column":0},"end":{"line":1,"column":34}},"1":{"start":{"line":5,"column":4},"end":{"line":10,"column":6}},"2":{"start":{"line":14,"column":0},"end":{"line":14,"column":29}}},"fnMap":{"0":{"name":"(anonymous_0)","decl":{"start":{"line":4,"column":2},"end":{"line":4,"column":8}},"loc":{"start":{"line":4,"column":8},"end":{"line":11,"column":3}}}},"branchMap":{},"s":{"0":1,"1":90,"2":1},"f":{"0":90},"b":{}}
,"C:\\Users\\User\\Documents\\react\\react\\rs-react-app\\src\\services\\LocalStorageService.ts": {"path":"C:\\Users\\User\\Documents\\react\\react\\rs-react-app\\src\\services\\LocalStorageService.ts","statementMap":{"0":{"start":{"line":4,"column":24},"end":{"line":4,"column":44}},"1":{"start":{"line":10,"column":2},"end":{"line":14,"column":3}},"2":{"start":{"line":11,"column":4},"end":{"line":11,"column":61}},"3":{"start":{"line":13,"column":4},"end":{"line":13,"column":71}},"4":{"start":{"line":21,"column":2},"end":{"line":26,"column":3}},"5":{"start":{"line":22,"column":4},"end":{"line":22,"column":55}},"6":{"start":{"line":24,"column":4},"end":{"line":24,"column":77}},"7":{"start":{"line":25,"column":4},"end":{"line":25,"column":14}},"8":{"start":{"line":33,"column":2},"end":{"line":37,"column":3}},"9":{"start":{"line":34,"column":4},"end":{"line":34,"column":45}},"10":{"start":{"line":36,"column":4},"end":{"line":36,"column":74}},"11":{"start":{"line":44,"column":2},"end":{"line":51,"column":3}},"12":{"start":{"line":45,"column":17},"end":{"line":45,"column":40}},"13":{"start":{"line":46,"column":4},"end":{"line":46,"column":37}},"14":{"start":{"line":47,"column":4},"end":{"line":47,"column":34}},"15":{"start":{"line":48,"column":4},"end":{"line":48,"column":16}},"16":{"start":{"line":50,"column":4},"end":{"line":50,"column":17}},"17":{"start":{"line":54,"column":13},"end":{"line":59,"column":2}}},"fnMap":{"0":{"name":"saveSearchTerm","decl":{"start":{"line":9,"column":9},"end":{"line":9,"column":23}},"loc":{"start":{"line":9,"column":42},"end":{"line":15,"column":1}}},"1":{"name":"getSavedSearchTerm","decl":{"start":{"line":20,"column":9},"end":{"line":20,"column":27}},"loc":{"start":{"line":20,"column":27},"end":{"line":27,"column":1}}},"2":{"name":"clearSearchTerm","decl":{"start":{"line":32,"column":9},"end":{"line":32,"column":24}},"loc":{"start":{"line":32,"column":24},"end":{"line":38,"column":1}}},"3":{"name":"isLocalStorageAvailable","decl":{"start":{"line":43,"column":9},"end":{"line":43,"column":32}},"loc":{"start":{"line":43,"column":32},"end":{"line":52,"column":1}}}},"branchMap":{"0":{"loc":{"start":{"line":22,"column":11},"end":{"line":22,"column":54}},"type":"binary-expr","locations":[{"start":{"line":22,"column":11},"end":{"line":22,"column":48}},{"start":{"line":22,"column":52},"end":{"line":22,"column":54}}]}},"s":{"0":2,"1":31,"2":31,"3":13,"4":130,"5":130,"6":8,"7":8,"8":0,"9":0,"10":0,"11":0,"12":0,"13":0,"14":0,"15":0,"16":0,"17":2},"f":{"0":31,"1":130,"2":0,"3":0},"b":{"0":[130,19]}}
,"C:\\Users\\User\\Documents\\react\\react\\rs-react-app\\src\\services\\services.tsx": {"path":"C:\\Users\\User\\Documents\\react\\react\\rs-react-app\\src\\services\\services.tsx","statementMap":{"0":{"start":{"line":3,"column":0},"end":{"line":3,"column":60}},"1":{"start":{"line":13,"column":4},"end":{"line":13,"column":66}},"2":{"start":{"line":14,"column":4},"end":{"line":14,"column":31}},"3":{"start":{"line":17,"column":4},"end":{"line":17,"column":63}},"4":{"start":{"line":18,"column":4},"end":{"line":18,"column":53}},"5":{"start":{"line":19,"column":4},"end":{"line":19,"column":53}},"6":{"start":{"line":20,"column":4},"end":{"line":20,"column":37}},"7":{"start":{"line":21,"column":4},"end":{"line":21,"column":51}},"8":{"start":{"line":28,"column":4},"end":{"line":28,"column":55}},"9":{"start":{"line":35,"column":4},"end":{"line":35,"column":73}},"10":{"start":{"line":37,"column":4},"end":{"line":59,"column":5}},"11":{"start":{"line":39,"column":26},"end":{"line":39,"column":38}},"12":{"start":{"line":40,"column":23},"end":{"line":46,"column":8}},"13":{"start":{"line":48,"column":6},"end":{"line":50,"column":7}},"14":{"start":{"line":49,"column":8},"end":{"line":49,"column":46}},"15":{"start":{"line":52,"column":41},"end":{"line":52,"column":62}},"16":{"start":{"line":53,"column":6},"end":{"line":53,"column":73}},"17":{"start":{"line":55,"column":6},"end":{"line":58,"column":9}},"18":{"start":{"line":66,"column":22},"end":{"line":66,"column":42}},"19":{"start":{"line":67,"column":24},"end":{"line":67,"column":36}},"20":{"start":{"line":70,"column":4},"end":{"line":70,"column":52}},"21":{"start":{"line":72,"column":4},"end":{"line":72,"column":35}},"22":{"start":{"line":79,"column":22},"end":{"line":79,"column":42}},"23":{"start":{"line":80,"column":4},"end":{"line":80,"column":36}},"24":{"start":{"line":87,"column":4},"end":{"line":87,"column":61}},"25":{"start":{"line":94,"column":4},"end":{"line":94,"column":23}},"26":{"start":{"line":101,"column":4},"end":{"line":101,"column":22}},"27":{"start":{"line":8,"column":0},"end":{"line":8,"column":13}},"28":{"start":{"line":106,"column":35},"end":{"line":110,"column":1}},"29":{"start":{"line":109,"column":2},"end":{"line":109,"column":38}},"30":{"start":{"line":106,"column":13},"end":{"line":106,"column":35}},"31":{"start":{"line":114,"column":2},"end":{"line":118,"column":3}},"32":{"start":{"line":115,"column":2},"end":{"line":118,"column":3}},"33":{"start":{"line":116,"column":20},"end":{"line":116,"column":48}},"34":{"start":{"line":117,"column":4},"end":{"line":117,"column":33}},"35":{"start":{"line":113,"column":13},"end":{"line":113,"column":null}},"36":{"start":{"line":120,"column":28},"end":{"line":126,"column":1}},"37":{"start":{"line":124,"column":18},"end":{"line":124,"column":46}},"38":{"start":{"line":125,"column":2},"end":{"line":125,"column":36}},"39":{"start":{"line":120,"column":13},"end":{"line":120,"column":28}},"40":{"start":{"line":129,"column":2},"end":{"line":138,"column":3}},"41":{"start":{"line":129,"column":67},"end":{"line":138,"column":3}},"42":{"start":{"line":130,"column":22},"end":{"line":130,"column":37}},"43":{"start":{"line":131,"column":24},"end":{"line":131,"column":36}},"44":{"start":{"line":134,"column":4},"end":{"line":134,"column":52}},"45":{"start":{"line":136,"column":20},"end":{"line":136,"column":48}},"46":{"start":{"line":137,"column":4},"end":{"line":137,"column":38}},"47":{"start":{"line":128,"column":13},"end":{"line":128,"column":null}},"48":{"start":{"line":140,"column":20},"end":{"line":147,"column":1}},"49":{"start":{"line":143,"column":18},"end":{"line":143,"column":46}},"50":{"start":{"line":145,"column":20},"end":{"line":145,"column":35}},"51":{"start":{"line":146,"column":2},"end":{"line":146,"column":37}},"52":{"start":{"line":140,"column":13},"end":{"line":140,"column":20}},"53":{"start":{"line":150,"column":2},"end":{"line":153,"column":3}},"54":{"start":{"line":150,"column":67},"end":{"line":153,"column":3}},"55":{"start":{"line":151,"column":20},"end":{"line":151,"column":48}},"56":{"start":{"line":152,"column":4},"end":{"line":152,"column":26}},"57":{"start":{"line":149,"column":13},"end":{"line":149,"column":null}}},"fnMap":{"0":{"name":"(anonymous_0)","decl":{"start":{"line":12,"column":2},"end":{"line":12,"column":14}},"loc":{"start":{"line":12,"column":73},"end":{"line":22,"column":3}}},"1":{"name":"(anonymous_1)","decl":{"start":{"line":27,"column":2},"end":{"line":27,"column":19}},"loc":{"start":{"line":27,"column":52},"end":{"line":29,"column":3}}},"2":{"name":"(anonymous_2)","decl":{"start":{"line":34,"column":2},"end":{"line":34,"column":7}},"loc":{"start":{"line":34,"column":34},"end":{"line":60,"column":3}}},"3":{"name":"(anonymous_3)","decl":{"start":{"line":65,"column":2},"end":{"line":65,"column":14}},"loc":{"start":{"line":65,"column":14},"end":{"line":73,"column":3}}},"4":{"name":"(anonymous_4)","decl":{"start":{"line":78,"column":2},"end":{"line":78,"column":6}},"loc":{"start":{"line":78,"column":6},"end":{"line":81,"column":3}}},"5":{"name":"(anonymous_5)","decl":{"start":{"line":86,"column":2},"end":{"line":86,"column":13}},"loc":{"start":{"line":86,"column":13},"end":{"line":88,"column":3}}},"6":{"name":"(anonymous_6)","decl":{"start":{"line":93,"column":2},"end":{"line":93,"column":11}},"loc":{"start":{"line":93,"column":11},"end":{"line":95,"column":3}}},"7":{"name":"(anonymous_7)","decl":{"start":{"line":100,"column":2},"end":{"line":100,"column":11}},"loc":{"start":{"line":100,"column":23},"end":{"line":102,"column":3}}},"8":{"name":"(anonymous_8)","decl":{"start":{"line":106,"column":35},"end":{"line":106,"column":null}},"loc":{"start":{"line":108,"column":19},"end":{"line":110,"column":1}}},"9":{"name":"(anonymous_9)","decl":{"start":{"line":114,"column":2},"end":{"line":114,"column":3}},"loc":{"start":{"line":115,"column":2},"end":{"line":118,"column":3}}},"10":{"name":"(anonymous_10)","decl":{"start":{"line":115,"column":2},"end":{"line":115,"column":3}},"loc":{"start":{"line":115,"column":39},"end":{"line":118,"column":3}}},"11":{"name":"(anonymous_11)","decl":{"start":{"line":120,"column":28},"end":{"line":120,"column":33}},"loc":{"start":{"line":123,"column":4},"end":{"line":126,"column":1}}},"12":{"name":"(anonymous_12)","decl":{"start":{"line":129,"column":2},"end":{"line":129,"column":3}},"loc":{"start":{"line":129,"column":67},"end":{"line":138,"column":3}}},"13":{"name":"(anonymous_13)","decl":{"start":{"line":129,"column":67},"end":{"line":129,"column":70}},"loc":{"start":{"line":129,"column":72},"end":{"line":138,"column":3}}},"14":{"name":"(anonymous_14)","decl":{"start":{"line":140,"column":20},"end":{"line":140,"column":null}},"loc":{"start":{"line":142,"column":4},"end":{"line":147,"column":1}}},"15":{"name":"(anonymous_15)","decl":{"start":{"line":150,"column":2},"end":{"line":150,"column":3}},"loc":{"start":{"line":150,"column":67},"end":{"line":153,"column":3}}},"16":{"name":"(anonymous_16)","decl":{"start":{"line":150,"column":67},"end":{"line":150,"column":70}},"loc":{"start":{"line":150,"column":72},"end":{"line":153,"column":3}}}},"branchMap":{"0":{"loc":{"start":{"line":13,"column":18},"end":{"line":13,"column":65}},"type":"binary-expr","locations":[{"start":{"line":13,"column":18},"end":{"line":13,"column":38}},{"start":{"line":13,"column":42},"end":{"line":13,"column":65}}]},"1":{"loc":{"start":{"line":48,"column":6},"end":{"line":50,"column":7}},"type":"if","locations":[{"start":{"line":48,"column":6},"end":{"line":50,"column":7}},{"start":{},"end":{}}]}},"s":{"0":1,"1":63,"2":63,"3":63,"4":63,"5":63,"6":63,"7":63,"8":25,"9":38,"10":38,"11":38,"12":38,"13":36,"14":2,"15":12,"16":12,"17":26,"18":0,"19":0,"20":0,"21":0,"22":0,"23":0,"24":0,"25":0,"26":0,"27":1,"28":1,"29":0,"30":1,"31":1,"32":24,"33":25,"34":25,"35":1,"36":1,"37":0,"38":0,"39":1,"40":1,"41":24,"42":14,"43":14,"44":14,"45":14,"46":14,"47":1,"48":1,"49":24,"50":24,"51":24,"52":1,"53":1,"54":24,"55":0,"56":0,"57":1},"f":{"0":63,"1":25,"2":38,"3":0,"4":0,"5":0,"6":0,"7":0,"8":0,"9":24,"10":25,"11":0,"12":24,"13":14,"14":24,"15":24,"16":0},"b":{"0":[63,63],"1":[2,12]}}
}
