{"C:\\Users\\User\\Documents\\react\\react\\rs-react-app\\src\\App.tsx": {"path":"C:\\Users\\User\\Documents\\react\\react\\rs-react-app\\src\\App.tsx","statementMap":{"0":{"start":{"line":1,"column":0},"end":{"line":1,"column":47}},"1":{"start":{"line":2,"column":0},"end":{"line":2,"column":75}},"2":{"start":{"line":3,"column":0},"end":{"line":3,"column":64}},"3":{"start":{"line":4,"column":0},"end":{"line":4,"column":63}},"4":{"start":{"line":5,"column":0},"end":{"line":5,"column":null}},"5":{"start":{"line":12,"column":0},"end":{"line":12,"column":null}},"6":{"start":{"line":17,"column":0},"end":{"line":17,"column":56}},"7":{"start":{"line":18,"column":0},"end":{"line":18,"column":56}},"8":{"start":{"line":19,"column":0},"end":{"line":19,"column":56}},"9":{"start":{"line":20,"column":0},"end":{"line":20,"column":null}},"10":{"start":{"line":26,"column":0},"end":{"line":26,"column":19}},"11":{"start":{"line":28,"column":12},"end":{"line":202,"column":1}},"12":{"start":{"line":29,"column":19},"end":{"line":29,"column":35}},"13":{"start":{"line":30,"column":19},"end":{"line":30,"column":32}},"14":{"start":{"line":31,"column":17},"end":{"line":31,"column":28}},"15":{"start":{"line":32,"column":50},"end":{"line":33,"column":null}},"16":{"start":{"line":33,"column":15},"end":{"line":33,"column":28}},"17":{"start":{"line":35,"column":30},"end":{"line":35,"column":76}},"18":{"start":{"line":35,"column":56},"end":{"line":35,"column":75}},"19":{"start":{"line":36,"column":36},"end":{"line":37,"column":null}},"20":{"start":{"line":37,"column":15},"end":{"line":37,"column":32}},"21":{"start":{"line":39,"column":41},"end":{"line":39,"column":56}},"22":{"start":{"line":40,"column":25},"end":{"line":40,"column":42}},"23":{"start":{"line":42,"column":28},"end":{"line":46,"column":null}},"24":{"start":{"line":44,"column":6},"end":{"line":44,"column":41}},"25":{"start":{"line":49,"column":23},"end":{"line":73,"column":null}},"26":{"start":{"line":52,"column":6},"end":{"line":68,"column":7}},"27":{"start":{"line":53,"column":8},"end":{"line":53,"column":35}},"28":{"start":{"line":56,"column":8},"end":{"line":56,"column":65}},"29":{"start":{"line":56,"column":39},"end":{"line":56,"column":63}},"30":{"start":{"line":59,"column":31},"end":{"line":59,"column":61}},"31":{"start":{"line":60,"column":8},"end":{"line":66,"column":10}},"32":{"start":{"line":67,"column":8},"end":{"line":67,"column":15}},"33":{"start":{"line":71,"column":6},"end":{"line":71,"column":64}},"34":{"start":{"line":76,"column":23},"end":{"line":83,"column":63}},"35":{"start":{"line":77,"column":25},"end":{"line":77,"column":37}},"36":{"start":{"line":78,"column":4},"end":{"line":78,"column":33}},"37":{"start":{"line":80,"column":4},"end":{"line":80,"column":29}},"38":{"start":{"line":81,"column":4},"end":{"line":81,"column":18}},"39":{"start":{"line":82,"column":4},"end":{"line":82,"column":34}},"40":{"start":{"line":85,"column":27},"end":{"line":101,"column":null}},"41":{"start":{"line":89,"column":8},"end":{"line":89,"column":59}},"42":{"start":{"line":91,"column":6},"end":{"line":97,"column":7}},"43":{"start":{"line":92,"column":8},"end":{"line":92,"column":49}},"44":{"start":{"line":93,"column":13},"end":{"line":97,"column":7}},"45":{"start":{"line":94,"column":8},"end":{"line":94,"column":29}},"46":{"start":{"line":96,"column":8},"end":{"line":96,"column":22}},"47":{"start":{"line":99,"column":6},"end":{"line":99,"column":37}},"48":{"start":{"line":104,"column":26},"end":{"line":123,"column":null}},"49":{"start":{"line":106,"column":26},"end":{"line":106,"column":48}},"50":{"start":{"line":109,"column":6},"end":{"line":114,"column":7}},"51":{"start":{"line":110,"column":8},"end":{"line":110,"column":45}},"52":{"start":{"line":113,"column":8},"end":{"line":113,"column":48}},"53":{"start":{"line":117,"column":6},"end":{"line":121,"column":7}},"54":{"start":{"line":118,"column":8},"end":{"line":118,"column":46}},"55":{"start":{"line":120,"column":8},"end":{"line":120,"column":33}},"56":{"start":{"line":126,"column":29},"end":{"line":136,"column":50}},"57":{"start":{"line":127,"column":4},"end":{"line":127,"column":29}},"58":{"start":{"line":130,"column":24},"end":{"line":130,"column":46}},"59":{"start":{"line":131,"column":4},"end":{"line":135,"column":5}},"60":{"start":{"line":132,"column":6},"end":{"line":132,"column":34}},"61":{"start":{"line":134,"column":6},"end":{"line":134,"column":20}},"62":{"start":{"line":139,"column":2},"end":{"line":168,"column":5}},"63":{"start":{"line":141,"column":27},"end":{"line":141,"column":73}},"64":{"start":{"line":142,"column":26},"end":{"line":142,"column":54}},"65":{"start":{"line":143,"column":24},"end":{"line":143,"column":55}},"66":{"start":{"line":148,"column":4},"end":{"line":150,"column":5}},"67":{"start":{"line":149,"column":6},"end":{"line":149,"column":37}},"68":{"start":{"line":153,"column":4},"end":{"line":153,"column":42}},"69":{"start":{"line":156,"column":4},"end":{"line":156,"column":42}},"70":{"start":{"line":171,"column":2},"end":{"line":178,"column":74}},"71":{"start":{"line":172,"column":4},"end":{"line":177,"column":5}},"72":{"start":{"line":176,"column":6},"end":{"line":176,"column":27}},"73":{"start":{"line":181,"column":47},"end":{"line":184,"column":null}},"74":{"start":{"line":187,"column":2},"end":{"line":201,"column":4}},"75":{"start":{"line":204,"column":0},"end":{"line":204,"column":19}}},"fnMap":{"0":{"name":"(anonymous_1)","decl":{"start":{"line":28,"column":12},"end":{"line":28,"column":15}},"loc":{"start":{"line":28,"column":17},"end":{"line":202,"column":1}}},"1":{"name":"(anonymous_2)","decl":{"start":{"line":33,"column":4},"end":{"line":33,"column":5}},"loc":{"start":{"line":33,"column":15},"end":{"line":33,"column":28}}},"2":{"name":"(anonymous_3)","decl":{"start":{"line":35,"column":45},"end":{"line":35,"column":46}},"loc":{"start":{"line":35,"column":56},"end":{"line":35,"column":75}}},"3":{"name":"(anonymous_4)","decl":{"start":{"line":37,"column":4},"end":{"line":37,"column":5}},"loc":{"start":{"line":37,"column":15},"end":{"line":37,"column":32}}},"4":{"name":"(anonymous_5)","decl":{"start":{"line":43,"column":4},"end":{"line":43,"column":5}},"loc":{"start":{"line":43,"column":47},"end":{"line":45,"column":5}}},"5":{"name":"(anonymous_6)","decl":{"start":{"line":50,"column":4},"end":{"line":50,"column":9}},"loc":{"start":{"line":50,"column":52},"end":{"line":72,"column":5}}},"6":{"name":"(anonymous_7)","decl":{"start":{"line":56,"column":26},"end":{"line":56,"column":27}},"loc":{"start":{"line":56,"column":39},"end":{"line":56,"column":63}}},"7":{"name":"(anonymous_8)","decl":{"start":{"line":76,"column":35},"end":{"line":76,"column":38}},"loc":{"start":{"line":76,"column":40},"end":{"line":83,"column":3}}},"8":{"name":"(anonymous_9)","decl":{"start":{"line":86,"column":4},"end":{"line":86,"column":5}},"loc":{"start":{"line":86,"column":21},"end":{"line":100,"column":5}}},"9":{"name":"(anonymous_10)","decl":{"start":{"line":105,"column":4},"end":{"line":105,"column":5}},"loc":{"start":{"line":105,"column":44},"end":{"line":122,"column":5}}},"10":{"name":"(anonymous_11)","decl":{"start":{"line":126,"column":41},"end":{"line":126,"column":44}},"loc":{"start":{"line":126,"column":46},"end":{"line":136,"column":3}}},"11":{"name":"(anonymous_12)","decl":{"start":{"line":139,"column":12},"end":{"line":139,"column":15}},"loc":{"start":{"line":139,"column":17},"end":{"line":161,"column":3}}},"12":{"name":"(anonymous_13)","decl":{"start":{"line":171,"column":12},"end":{"line":171,"column":15}},"loc":{"start":{"line":171,"column":17},"end":{"line":178,"column":3}}}},"branchMap":{"0":{"loc":{"start":{"line":50,"column":32},"end":{"line":50,"column":48}},"type":"default-arg","locations":[{"start":{"line":50,"column":47},"end":{"line":50,"column":48}}]},"1":{"loc":{"start":{"line":52,"column":6},"end":{"line":68,"column":7}},"type":"if","locations":[{"start":{"line":52,"column":6},"end":{"line":68,"column":7}},{"start":{},"end":{}}]},"2":{"loc":{"start":{"line":89,"column":8},"end":{"line":89,"column":59}},"type":"binary-expr","locations":[{"start":{"line":89,"column":8},"end":{"line":89,"column":24}},{"start":{"line":89,"column":28},"end":{"line":89,"column":59}}]},"3":{"loc":{"start":{"line":91,"column":6},"end":{"line":97,"column":7}},"type":"if","locations":[{"start":{"line":91,"column":6},"end":{"line":97,"column":7}},{"start":{"line":93,"column":13},"end":{"line":97,"column":7}}]},"4":{"loc":{"start":{"line":93,"column":13},"end":{"line":97,"column":7}},"type":"if","locations":[{"start":{"line":93,"column":13},"end":{"line":97,"column":7}},{"start":{"line":95,"column":13},"end":{"line":97,"column":7}}]},"5":{"loc":{"start":{"line":109,"column":6},"end":{"line":114,"column":7}},"type":"if","locations":[{"start":{"line":109,"column":6},"end":{"line":114,"column":7}},{"start":{"line":111,"column":13},"end":{"line":114,"column":7}}]},"6":{"loc":{"start":{"line":117,"column":6},"end":{"line":121,"column":7}},"type":"if","locations":[{"start":{"line":117,"column":6},"end":{"line":121,"column":7}},{"start":{"line":119,"column":13},"end":{"line":121,"column":7}}]},"7":{"loc":{"start":{"line":131,"column":4},"end":{"line":135,"column":5}},"type":"if","locations":[{"start":{"line":131,"column":4},"end":{"line":135,"column":5}},{"start":{"line":133,"column":11},"end":{"line":135,"column":5}}]},"8":{"loc":{"start":{"line":141,"column":27},"end":{"line":141,"column":73}},"type":"cond-expr","locations":[{"start":{"line":141,"column":41},"end":{"line":141,"column":66}},{"start":{"line":141,"column":69},"end":{"line":141,"column":73}}]},"9":{"loc":{"start":{"line":143,"column":24},"end":{"line":143,"column":55}},"type":"binary-expr","locations":[{"start":{"line":143,"column":24},"end":{"line":143,"column":38}},{"start":{"line":143,"column":42},"end":{"line":143,"column":55}}]},"10":{"loc":{"start":{"line":148,"column":4},"end":{"line":150,"column":5}},"type":"if","locations":[{"start":{"line":148,"column":4},"end":{"line":150,"column":5}},{"start":{},"end":{}}]},"11":{"loc":{"start":{"line":172,"column":4},"end":{"line":177,"column":5}},"type":"if","locations":[{"start":{"line":172,"column":4},"end":{"line":177,"column":5}},{"start":{},"end":{}}]},"12":{"loc":{"start":{"line":173,"column":6},"end":{"line":174,"column":59}},"type":"binary-expr","locations":[{"start":{"line":173,"column":6},"end":{"line":173,"column":20}},{"start":{"line":174,"column":7},"end":{"line":174,"column":23}},{"start":{"line":174,"column":27},"end":{"line":174,"column":58}}]}},"s":{"0":1,"1":1,"2":1,"3":1,"4":1,"5":1,"6":1,"7":1,"8":1,"9":1,"10":1,"11":1,"12":97,"13":97,"14":97,"15":97,"16":167,"17":97,"18":167,"19":97,"20":167,"21":97,"22":97,"23":97,"24":0,"25":97,"26":38,"27":38,"28":38,"29":38,"30":34,"31":34,"32":34,"33":0,"34":97,"35":14,"36":14,"37":14,"38":14,"39":14,"40":97,"41":0,"42":0,"43":0,"44":0,"45":0,"46":0,"47":0,"48":97,"49":0,"50":0,"51":0,"52":0,"53":0,"54":0,"55":0,"56":97,"57":0,"58":0,"59":0,"60":0,"61":0,"62":97,"63":24,"64":24,"65":24,"66":24,"67":1,"68":24,"69":24,"70":97,"71":24,"72":0,"73":97,"74":97,"75":1},"f":{"0":97,"1":167,"2":167,"3":167,"4":0,"5":38,"6":38,"7":14,"8":0,"9":0,"10":0,"11":24,"12":24},"b":{"0":[0],"1":[38,0],"2":[0,0],"3":[0,0],"4":[0,0],"5":[0,0],"6":[0,0],"7":[0,0],"8":[0,24],"9":[24,24],"10":[1,23],"11":[0,24],"12":[24,24,24]}}
,"C:\\Users\\User\\Documents\\react\\react\\rs-react-app\\src\\__tests__\\test-utils.tsx": {"path":"C:\\Users\\User\\Documents\\react\\react\\rs-react-app\\src\\__tests__\\test-utils.tsx","statementMap":{"0":{"start":{"line":1,"column":0},"end":{"line":1,"column":26}},"1":{"start":{"line":2,"column":0},"end":{"line":2,"column":48}},"2":{"start":{"line":3,"column":0},"end":{"line":3,"column":39}},"3":{"start":{"line":4,"column":0},"end":{"line":4,"column":48}},"4":{"start":{"line":5,"column":0},"end":{"line":5,"column":50}},"5":{"start":{"line":7,"column":0},"end":{"line":7,"column":58}},"6":{"start":{"line":8,"column":0},"end":{"line":8,"column":70}},"7":{"start":{"line":9,"column":0},"end":{"line":9,"column":66}},"8":{"start":{"line":10,"column":0},"end":{"line":10,"column":57}},"9":{"start":{"line":14,"column":13},"end":{"line":19,"column":2}},"10":{"start":{"line":22,"column":37},"end":{"line":27,"column":1}},"11":{"start":{"line":23,"column":2},"end":{"line":26,"column":5}},"12":{"start":{"line":22,"column":13},"end":{"line":22,"column":37}},"13":{"start":{"line":30,"column":29},"end":{"line":36,"column":1}},"14":{"start":{"line":31,"column":2},"end":{"line":31,"column":23}},"15":{"start":{"line":32,"column":2},"end":{"line":32,"column":39}},"16":{"start":{"line":33,"column":2},"end":{"line":33,"column":39}},"17":{"start":{"line":34,"column":2},"end":{"line":34,"column":42}},"18":{"start":{"line":35,"column":2},"end":{"line":35,"column":37}},"19":{"start":{"line":30,"column":13},"end":{"line":30,"column":29}},"20":{"start":{"line":39,"column":13},"end":{"line":56,"column":2}},"21":{"start":{"line":59,"column":31},"end":{"line":74,"column":1}},"22":{"start":{"line":60,"column":2},"end":{"line":73,"column":5}},"23":{"start":{"line":68,"column":6},"end":{"line":72,"column":8}},"24":{"start":{"line":59,"column":13},"end":{"line":59,"column":31}},"25":{"start":{"line":77,"column":21},"end":{"line":103,"column":1}},"26":{"start":{"line":91,"column":4},"end":{"line":99,"column":6}},"27":{"start":{"line":102,"column":2},"end":{"line":102,"column":60}},"28":{"start":{"line":106,"column":25},"end":{"line":106,"column":31}},"29":{"start":{"line":105,"column":0},"end":{"line":105,"column":39}}},"fnMap":{"0":{"name":"(anonymous_5)","decl":{"start":{"line":22,"column":37},"end":{"line":22,"column":40}},"loc":{"start":{"line":22,"column":42},"end":{"line":27,"column":1}}},"1":{"name":"(anonymous_6)","decl":{"start":{"line":30,"column":29},"end":{"line":30,"column":32}},"loc":{"start":{"line":30,"column":34},"end":{"line":36,"column":1}}},"2":{"name":"(anonymous_7)","decl":{"start":{"line":59,"column":31},"end":{"line":59,"column":32}},"loc":{"start":{"line":59,"column":71},"end":{"line":74,"column":1}}},"3":{"name":"(anonymous_8)","decl":{"start":{"line":67,"column":16},"end":{"line":67,"column":17}},"loc":{"start":{"line":68,"column":6},"end":{"line":72,"column":8}}},"4":{"name":"(anonymous_9)","decl":{"start":{"line":77,"column":21},"end":{"line":77,"column":null}},"loc":{"start":{"line":89,"column":4},"end":{"line":103,"column":1}}},"5":{"name":"Wrapper","decl":{"start":{"line":90,"column":11},"end":{"line":90,"column":18}},"loc":{"start":{"line":90,"column":62},"end":{"line":100,"column":3}}}},"branchMap":{"0":{"loc":{"start":{"line":79,"column":2},"end":{"line":88,"column":41}},"type":"default-arg","locations":[{"start":{"line":88,"column":39},"end":{"line":88,"column":41}}]},"1":{"loc":{"start":{"line":81,"column":4},"end":{"line":81,"column":43}},"type":"default-arg","locations":[{"start":{"line":81,"column":12},"end":{"line":81,"column":43}}]},"2":{"loc":{"start":{"line":82,"column":4},"end":{"line":82,"column":26}},"type":"default-arg","locations":[{"start":{"line":82,"column":21},"end":{"line":82,"column":26}}]}},"s":{"0":18,"1":18,"2":18,"3":18,"4":18,"5":18,"6":18,"7":18,"8":18,"9":18,"10":18,"11":72,"12":18,"13":18,"14":54,"15":54,"16":54,"17":54,"18":54,"19":18,"20":18,"21":18,"22":164,"23":164,"24":18,"25":18,"26":187,"27":164,"28":18,"29":18},"f":{"0":72,"1":54,"2":164,"3":164,"4":164,"5":187},"b":{"0":[146],"1":[146],"2":[164]}}
,"C:\\Users\\User\\Documents\\react\\react\\rs-react-app\\src\\__tests__\\mocks\\api.ts": {"path":"C:\\Users\\User\\Documents\\react\\react\\rs-react-app\\src\\__tests__\\mocks\\api.ts","statementMap":{"0":{"start":{"line":2,"column":13},"end":{"line":2,"column":35}},"1":{"start":{"line":5,"column":30},"end":{"line":7,"column":1}},"2":{"start":{"line":6,"column":2},"end":{"line":6,"column":27}},"3":{"start":{"line":5,"column":13},"end":{"line":5,"column":30}},"4":{"start":{"line":10,"column":30},"end":{"line":25,"column":1}},"5":{"start":{"line":11,"column":2},"end":{"line":24,"column":5}},"6":{"start":{"line":14,"column":23},"end":{"line":23,"column":6}},"7":{"start":{"line":10,"column":13},"end":{"line":10,"column":30}},"8":{"start":{"line":27,"column":28},"end":{"line":37,"column":1}},"9":{"start":{"line":31,"column":2},"end":{"line":36,"column":5}},"10":{"start":{"line":35,"column":23},"end":{"line":35,"column":41}},"11":{"start":{"line":27,"column":13},"end":{"line":27,"column":28}},"12":{"start":{"line":39,"column":35},"end":{"line":41,"column":1}},"13":{"start":{"line":40,"column":2},"end":{"line":40,"column":62}},"14":{"start":{"line":39,"column":13},"end":{"line":39,"column":35}},"15":{"start":{"line":44,"column":30},"end":{"line":46,"column":1}},"16":{"start":{"line":45,"column":2},"end":{"line":45,"column":24}},"17":{"start":{"line":44,"column":13},"end":{"line":44,"column":30}}},"fnMap":{"0":{"name":"(anonymous_0)","decl":{"start":{"line":5,"column":30},"end":{"line":5,"column":33}},"loc":{"start":{"line":5,"column":35},"end":{"line":7,"column":1}}},"1":{"name":"(anonymous_1)","decl":{"start":{"line":10,"column":30},"end":{"line":10,"column":31}},"loc":{"start":{"line":10,"column":53},"end":{"line":25,"column":1}}},"2":{"name":"(anonymous_2)","decl":{"start":{"line":14,"column":10},"end":{"line":14,"column":15}},"loc":{"start":{"line":14,"column":23},"end":{"line":23,"column":6}}},"3":{"name":"(anonymous_3)","decl":{"start":{"line":27,"column":28},"end":{"line":27,"column":null}},"loc":{"start":{"line":30,"column":4},"end":{"line":37,"column":1}}},"4":{"name":"(anonymous_4)","decl":{"start":{"line":35,"column":10},"end":{"line":35,"column":15}},"loc":{"start":{"line":35,"column":23},"end":{"line":35,"column":41}}},"5":{"name":"(anonymous_5)","decl":{"start":{"line":39,"column":35},"end":{"line":39,"column":38}},"loc":{"start":{"line":39,"column":40},"end":{"line":41,"column":1}}},"6":{"name":"(anonymous_6)","decl":{"start":{"line":44,"column":30},"end":{"line":44,"column":33}},"loc":{"start":{"line":44,"column":35},"end":{"line":46,"column":1}}}},"branchMap":{"0":{"loc":{"start":{"line":28,"column":2},"end":{"line":28,"column":22}},"type":"default-arg","locations":[{"start":{"line":28,"column":19},"end":{"line":28,"column":22}}]},"1":{"loc":{"start":{"line":29,"column":2},"end":{"line":29,"column":34}},"type":"default-arg","locations":[{"start":{"line":29,"column":20},"end":{"line":29,"column":34}}]}},"s":{"0":18,"1":18,"2":42,"3":18,"4":18,"5":10,"6":0,"7":18,"8":18,"9":2,"10":0,"11":18,"12":18,"13":0,"14":18,"15":18,"16":24,"17":18},"f":{"0":42,"1":10,"2":0,"3":2,"4":0,"5":0,"6":24},"b":{"0":[0],"1":[1]}}
,"C:\\Users\\User\\Documents\\react\\react\\rs-react-app\\src\\components\\common\\Pagination.tsx": {"path":"C:\\Users\\User\\Documents\\react\\react\\rs-react-app\\src\\components\\common\\Pagination.tsx","statementMap":{"0":{"start":{"line":1,"column":0},"end":{"line":1,"column":26}},"1":{"start":{"line":3,"column":0},"end":{"line":3,"column":26}},"2":{"start":{"line":5,"column":46},"end":{"line":104,"column":1}},"3":{"start":{"line":12,"column":2},"end":{"line":14,"column":3}},"4":{"start":{"line":13,"column":4},"end":{"line":13,"column":16}},"5":{"start":{"line":16,"column":20},"end":{"line":16,"column":56}},"6":{"start":{"line":17,"column":18},"end":{"line":17,"column":66}},"7":{"start":{"line":19,"column":26},"end":{"line":49,"column":3}},"8":{"start":{"line":20,"column":28},"end":{"line":20,"column":30}},"9":{"start":{"line":21,"column":23},"end":{"line":21,"column":24}},"10":{"start":{"line":23,"column":4},"end":{"line":46,"column":5}},"11":{"start":{"line":25,"column":6},"end":{"line":27,"column":7}},"12":{"start":{"line":25,"column":19},"end":{"line":25,"column":20}},"13":{"start":{"line":26,"column":8},"end":{"line":26,"column":22}},"14":{"start":{"line":30,"column":20},"end":{"line":30,"column":48}},"15":{"start":{"line":31,"column":18},"end":{"line":31,"column":55}},"16":{"start":{"line":33,"column":6},"end":{"line":36,"column":7}},"17":{"start":{"line":34,"column":8},"end":{"line":34,"column":22}},"18":{"start":{"line":35,"column":8},"end":{"line":35,"column":38}},"19":{"start":{"line":35,"column":23},"end":{"line":35,"column":38}},"20":{"start":{"line":38,"column":6},"end":{"line":40,"column":7}},"21":{"start":{"line":38,"column":19},"end":{"line":38,"column":24}},"22":{"start":{"line":39,"column":8},"end":{"line":39,"column":22}},"23":{"start":{"line":42,"column":6},"end":{"line":45,"column":7}},"24":{"start":{"line":43,"column":8},"end":{"line":43,"column":49}},"25":{"start":{"line":43,"column":34},"end":{"line":43,"column":49}},"26":{"start":{"line":44,"column":8},"end":{"line":44,"column":31}},"27":{"start":{"line":48,"column":4},"end":{"line":48,"column":17}},"28":{"start":{"line":51,"column":23},"end":{"line":51,"column":40}},"29":{"start":{"line":53,"column":2},"end":{"line":103,"column":4}},"30":{"start":{"line":64,"column":25},"end":{"line":64,"column":54}},"31":{"start":{"line":73,"column":12},"end":{"line":88,"column":null}},"32":{"start":{"line":83,"column":31},"end":{"line":83,"column":49}},"33":{"start":{"line":95,"column":25},"end":{"line":95,"column":54}},"34":{"start":{"line":106,"column":0},"end":{"line":106,"column":26}}},"fnMap":{"0":{"name":"(anonymous_1)","decl":{"start":{"line":5,"column":46},"end":{"line":5,"column":47}},"loc":{"start":{"line":11,"column":5},"end":{"line":104,"column":1}}},"1":{"name":"(anonymous_2)","decl":{"start":{"line":19,"column":26},"end":{"line":19,"column":29}},"loc":{"start":{"line":19,"column":31},"end":{"line":49,"column":3}}},"2":{"name":"(anonymous_3)","decl":{"start":{"line":64,"column":19},"end":{"line":64,"column":22}},"loc":{"start":{"line":64,"column":25},"end":{"line":64,"column":54}}},"3":{"name":"(anonymous_4)","decl":{"start":{"line":72,"column":28},"end":{"line":72,"column":29}},"loc":{"start":{"line":73,"column":12},"end":{"line":88,"column":null}}},"4":{"name":"(anonymous_5)","decl":{"start":{"line":83,"column":25},"end":{"line":83,"column":28}},"loc":{"start":{"line":83,"column":31},"end":{"line":83,"column":49}}},"5":{"name":"(anonymous_6)","decl":{"start":{"line":95,"column":19},"end":{"line":95,"column":22}},"loc":{"start":{"line":95,"column":25},"end":{"line":95,"column":54}}}},"branchMap":{"0":{"loc":{"start":{"line":12,"column":2},"end":{"line":14,"column":3}},"type":"if","locations":[{"start":{"line":12,"column":2},"end":{"line":14,"column":3}},{"start":{},"end":{}}]},"1":{"loc":{"start":{"line":23,"column":4},"end":{"line":46,"column":5}},"type":"if","locations":[{"start":{"line":23,"column":4},"end":{"line":46,"column":5}},{"start":{"line":28,"column":11},"end":{"line":46,"column":5}}]},"2":{"loc":{"start":{"line":33,"column":6},"end":{"line":36,"column":7}},"type":"if","locations":[{"start":{"line":33,"column":6},"end":{"line":36,"column":7}},{"start":{},"end":{}}]},"3":{"loc":{"start":{"line":35,"column":8},"end":{"line":35,"column":38}},"type":"if","locations":[{"start":{"line":35,"column":8},"end":{"line":35,"column":38}},{"start":{},"end":{}}]},"4":{"loc":{"start":{"line":42,"column":6},"end":{"line":45,"column":7}},"type":"if","locations":[{"start":{"line":42,"column":6},"end":{"line":45,"column":7}},{"start":{},"end":{}}]},"5":{"loc":{"start":{"line":43,"column":8},"end":{"line":43,"column":49}},"type":"if","locations":[{"start":{"line":43,"column":8},"end":{"line":43,"column":49}},{"start":{},"end":{}}]},"6":{"loc":{"start":{"line":73,"column":12},"end":{"line":88,"column":null}},"type":"cond-expr","locations":[{"start":{"line":74,"column":14},"end":{"line":74,"column":46}},{"start":{"line":78,"column":14},"end":{"line":79,"column":null}}]},"7":{"loc":{"start":{"line":81,"column":18},"end":{"line":81,"column":null}},"type":"cond-expr","locations":[{"start":{"line":81,"column":41},"end":{"line":81,"column":49}},{"start":{"line":81,"column":52},"end":{"line":81,"column":null}}]},"8":{"loc":{"start":{"line":85,"column":30},"end":{"line":85,"column":71}},"type":"cond-expr","locations":[{"start":{"line":85,"column":53},"end":{"line":85,"column":59}},{"start":{"line":85,"column":62},"end":{"line":85,"column":71}}]}},"s":{"0":2,"1":2,"2":2,"3":90,"4":63,"5":27,"6":27,"7":27,"8":27,"9":27,"10":27,"11":26,"12":26,"13":65,"14":1,"15":1,"16":1,"17":1,"18":1,"19":1,"20":1,"21":1,"22":5,"23":1,"24":1,"25":1,"26":1,"27":27,"28":27,"29":27,"30":0,"31":74,"32":0,"33":0,"34":2},"f":{"0":90,"1":27,"2":0,"3":74,"4":0,"5":0},"b":{"0":[63,27],"1":[26,1],"2":[1,0],"3":[1,0],"4":[1,0],"5":[1,0],"6":[2,72],"7":[27,45],"8":[27,45]}}
,"C:\\Users\\User\\Documents\\react\\react\\rs-react-app\\src\\components\\common\\ThemeToggle.tsx": {"path":"C:\\Users\\User\\Documents\\react\\react\\rs-react-app\\src\\components\\common\\ThemeToggle.tsx","statementMap":{"0":{"start":{"line":1,"column":0},"end":{"line":1,"column":26}},"1":{"start":{"line":2,"column":0},"end":{"line":2,"column":55}},"2":{"start":{"line":3,"column":0},"end":{"line":3,"column":27}},"3":{"start":{"line":5,"column":30},"end":{"line":18,"column":1}},"4":{"start":{"line":6,"column":33},"end":{"line":6,"column":43}},"5":{"start":{"line":8,"column":2},"end":{"line":17,"column":4}},"6":{"start":{"line":20,"column":0},"end":{"line":20,"column":27}}},"fnMap":{"0":{"name":"(anonymous_1)","decl":{"start":{"line":5,"column":30},"end":{"line":5,"column":33}},"loc":{"start":{"line":5,"column":35},"end":{"line":18,"column":1}}}},"branchMap":{"0":{"loc":{"start":{"line":12,"column":31},"end":{"line":12,"column":67}},"type":"cond-expr","locations":[{"start":{"line":12,"column":51},"end":{"line":12,"column":57}},{"start":{"line":12,"column":60},"end":{"line":12,"column":67}}]},"1":{"loc":{"start":{"line":13,"column":26},"end":{"line":13,"column":62}},"type":"cond-expr","locations":[{"start":{"line":13,"column":46},"end":{"line":13,"column":52}},{"start":{"line":13,"column":55},"end":{"line":13,"column":62}}]},"2":{"loc":{"start":{"line":15,"column":7},"end":{"line":15,"column":38}},"type":"cond-expr","locations":[{"start":{"line":15,"column":27},"end":{"line":15,"column":31}},{"start":{"line":15,"column":34},"end":{"line":15,"column":38}}]}},"s":{"0":2,"1":2,"2":2,"3":2,"4":103,"5":103,"6":2},"f":{"0":103},"b":{"0":[101,2],"1":[101,2],"2":[101,2]}}
,"C:\\Users\\User\\Documents\\react\\react\\rs-react-app\\src\\components\\details\\ItemDetails.tsx": {"path":"C:\\Users\\User\\Documents\\react\\react\\rs-react-app\\src\\components\\details\\ItemDetails.tsx","statementMap":{"0":{"start":{"line":1,"column":0},"end":{"line":1,"column":26}},"1":{"start":{"line":2,"column":0},"end":{"line":2,"column":67}},"2":{"start":{"line":3,"column":0},"end":{"line":3,"column":67}},"3":{"start":{"line":4,"column":0},"end":{"line":4,"column":38}},"4":{"start":{"line":5,"column":0},"end":{"line":5,"column":27}},"5":{"start":{"line":7,"column":30},"end":{"line":196,"column":1}},"6":{"start":{"line":8,"column":19},"end":{"line":8,"column":35}},"7":{"start":{"line":9,"column":51},"end":{"line":10,"column":null}},"8":{"start":{"line":10,"column":15},"end":{"line":10,"column":32}},"9":{"start":{"line":13,"column":22},"end":{"line":15,"column":3}},"10":{"start":{"line":14,"column":4},"end":{"line":14,"column":29}},"11":{"start":{"line":17,"column":2},"end":{"line":19,"column":3}},"12":{"start":{"line":18,"column":4},"end":{"line":18,"column":16}},"13":{"start":{"line":21,"column":2},"end":{"line":195,"column":4}},"14":{"start":{"line":128,"column":22},"end":{"line":128,"column":45}},"15":{"start":{"line":198,"column":0},"end":{"line":198,"column":27}}},"fnMap":{"0":{"name":"(anonymous_1)","decl":{"start":{"line":7,"column":30},"end":{"line":7,"column":33}},"loc":{"start":{"line":7,"column":35},"end":{"line":196,"column":1}}},"1":{"name":"(anonymous_2)","decl":{"start":{"line":10,"column":4},"end":{"line":10,"column":5}},"loc":{"start":{"line":10,"column":15},"end":{"line":10,"column":32}}},"2":{"name":"(anonymous_3)","decl":{"start":{"line":13,"column":22},"end":{"line":13,"column":25}},"loc":{"start":{"line":13,"column":27},"end":{"line":15,"column":3}}},"3":{"name":"(anonymous_4)","decl":{"start":{"line":127,"column":59},"end":{"line":127,"column":60}},"loc":{"start":{"line":128,"column":22},"end":{"line":128,"column":45}}}},"branchMap":{"0":{"loc":{"start":{"line":17,"column":2},"end":{"line":19,"column":3}},"type":"if","locations":[{"start":{"line":17,"column":2},"end":{"line":19,"column":3}},{"start":{},"end":{}}]},"1":{"loc":{"start":{"line":37,"column":11},"end":{"line":41,"column":null}},"type":"binary-expr","locations":[{"start":{"line":37,"column":11},"end":{"line":37,"column":18}},{"start":{"line":38,"column":12},"end":{"line":40,"column":null}}]},"2":{"loc":{"start":{"line":44,"column":11},"end":{"line":61,"column":null}},"type":"binary-expr","locations":[{"start":{"line":44,"column":11},"end":{"line":44,"column":16}},{"start":{"line":45,"column":12},"end":{"line":60,"column":null}}]},"3":{"loc":{"start":{"line":49,"column":19},"end":{"line":51,"column":78}},"type":"cond-expr","locations":[{"start":{"line":50,"column":22},"end":{"line":50,"column":159}},{"start":{"line":51,"column":22},"end":{"line":51,"column":78}}]},"4":{"loc":{"start":{"line":49,"column":19},"end":{"line":49,"column":71}},"type":"binary-expr","locations":[{"start":{"line":49,"column":19},"end":{"line":49,"column":40}},{"start":{"line":49,"column":44},"end":{"line":49,"column":71}}]},"5":{"loc":{"start":{"line":64,"column":11},"end":{"line":190,"column":null}},"type":"binary-expr","locations":[{"start":{"line":64,"column":11},"end":{"line":64,"column":23}},{"start":{"line":64,"column":27},"end":{"line":64,"column":35}},{"start":{"line":65,"column":12},"end":{"line":189,"column":null}}]},"6":{"loc":{"start":{"line":68,"column":17},"end":{"line":71,"column":null}},"type":"binary-expr","locations":[{"start":{"line":68,"column":17},"end":{"line":68,"column":36}},{"start":{"line":69,"column":18},"end":{"line":70,"column":null}}]},"7":{"loc":{"start":{"line":80,"column":27},"end":{"line":80,"column":65}},"type":"binary-expr","locations":[{"start":{"line":80,"column":27},"end":{"line":80,"column":56}},{"start":{"line":80,"column":60},"end":{"line":80,"column":65}}]},"8":{"loc":{"start":{"line":82,"column":19},"end":{"line":90,"column":null}},"type":"binary-expr","locations":[{"start":{"line":82,"column":19},"end":{"line":82,"column":52}},{"start":{"line":83,"column":20},"end":{"line":89,"column":null}}]},"9":{"loc":{"start":{"line":92,"column":19},"end":{"line":100,"column":null}},"type":"binary-expr","locations":[{"start":{"line":92,"column":19},"end":{"line":92,"column":50}},{"start":{"line":93,"column":20},"end":{"line":99,"column":null}}]},"10":{"loc":{"start":{"line":105,"column":15},"end":{"line":120,"column":null}},"type":"binary-expr","locations":[{"start":{"line":105,"column":15},"end":{"line":105,"column":45}},{"start":{"line":106,"column":16},"end":{"line":119,"column":null}}]},"11":{"loc":{"start":{"line":113,"column":21},"end":{"line":117,"column":null}},"type":"binary-expr","locations":[{"start":{"line":113,"column":21},"end":{"line":113,"column":53}},{"start":{"line":114,"column":22},"end":{"line":116,"column":null}}]},"12":{"loc":{"start":{"line":123,"column":15},"end":{"line":141,"column":null}},"type":"binary-expr","locations":[{"start":{"line":123,"column":15},"end":{"line":123,"column":36}},{"start":{"line":123,"column":40},"end":{"line":123,"column":72}},{"start":{"line":124,"column":16},"end":{"line":140,"column":null}}]},"13":{"loc":{"start":{"line":135,"column":21},"end":{"line":138,"column":null}},"type":"binary-expr","locations":[{"start":{"line":135,"column":21},"end":{"line":135,"column":53}},{"start":{"line":136,"column":22},"end":{"line":137,"column":null}}]},"14":{"loc":{"start":{"line":145,"column":15},"end":{"line":188,"column":null}},"type":"binary-expr","locations":[{"start":{"line":145,"column":16},"end":{"line":145,"column":40}},{"start":{"line":146,"column":16},"end":{"line":146,"column":41}},{"start":{"line":147,"column":16},"end":{"line":147,"column":42}},{"start":{"line":148,"column":16},"end":{"line":187,"column":null}}]},"15":{"loc":{"start":{"line":151,"column":21},"end":{"line":155,"column":null}},"type":"binary-expr","locations":[{"start":{"line":151,"column":21},"end":{"line":151,"column":45}},{"start":{"line":152,"column":22},"end":{"line":154,"column":null}}]},"16":{"loc":{"start":{"line":157,"column":21},"end":{"line":161,"column":null}},"type":"binary-expr","locations":[{"start":{"line":157,"column":21},"end":{"line":157,"column":46}},{"start":{"line":158,"column":22},"end":{"line":160,"column":null}}]},"17":{"loc":{"start":{"line":163,"column":21},"end":{"line":167,"column":null}},"type":"binary-expr","locations":[{"start":{"line":163,"column":21},"end":{"line":163,"column":47}},{"start":{"line":164,"column":22},"end":{"line":166,"column":null}}]},"18":{"loc":{"start":{"line":169,"column":21},"end":{"line":173,"column":null}},"type":"binary-expr","locations":[{"start":{"line":169,"column":21},"end":{"line":169,"column":45}},{"start":{"line":170,"column":22},"end":{"line":172,"column":null}}]},"19":{"loc":{"start":{"line":175,"column":21},"end":{"line":179,"column":null}},"type":"binary-expr","locations":[{"start":{"line":175,"column":21},"end":{"line":175,"column":46}},{"start":{"line":176,"column":22},"end":{"line":178,"column":null}}]},"20":{"loc":{"start":{"line":181,"column":21},"end":{"line":185,"column":null}},"type":"binary-expr","locations":[{"start":{"line":181,"column":21},"end":{"line":181,"column":46}},{"start":{"line":182,"column":22},"end":{"line":184,"column":null}}]}},"s":{"0":2,"1":2,"2":2,"3":2,"4":2,"5":2,"6":93,"7":93,"8":173,"9":93,"10":1,"11":93,"12":85,"13":8,"14":10,"15":2},"f":{"0":93,"1":173,"2":1,"3":10},"b":{"0":[85,8],"1":[8,1],"2":[8,1],"3":[0,1],"4":[1,1],"5":[8,6,6],"6":[6,2],"7":[6,5],"8":[6,2],"9":[6,2],"10":[6,1],"11":[1,1],"12":[6,3,3],"13":[3,1],"14":[6,5,5,1],"15":[1,1],"16":[1,0],"17":[1,0],"18":[1,0],"19":[1,0],"20":[1,0]}}
,"C:\\Users\\User\\Documents\\react\\react\\rs-react-app\\src\\components\\download\\DownloadFlyout.tsx": {"path":"C:\\Users\\User\\Documents\\react\\react\\rs-react-app\\src\\components\\download\\DownloadFlyout.tsx","statementMap":{"0":{"start":{"line":1,"column":0},"end":{"line":1,"column":26}},"1":{"start":{"line":2,"column":0},"end":{"line":2,"column":67}},"2":{"start":{"line":3,"column":0},"end":{"line":3,"column":71}},"3":{"start":{"line":5,"column":0},"end":{"line":5,"column":56}},"4":{"start":{"line":6,"column":0},"end":{"line":6,"column":30}},"5":{"start":{"line":8,"column":33},"end":{"line":113,"column":1}},"6":{"start":{"line":9,"column":19},"end":{"line":9,"column":35}},"7":{"start":{"line":10,"column":30},"end":{"line":10,"column":76}},"8":{"start":{"line":10,"column":56},"end":{"line":10,"column":75}},"9":{"start":{"line":12,"column":2},"end":{"line":14,"column":3}},"10":{"start":{"line":13,"column":4},"end":{"line":13,"column":16}},"11":{"start":{"line":16,"column":28},"end":{"line":18,"column":3}},"12":{"start":{"line":17,"column":4},"end":{"line":17,"column":31}},"13":{"start":{"line":20,"column":30},"end":{"line":31,"column":3}},"14":{"start":{"line":21,"column":4},"end":{"line":30,"column":8}},"15":{"start":{"line":21,"column":32},"end":{"line":30,"column":6}},"16":{"start":{"line":33,"column":25},"end":{"line":76,"column":3}},"17":{"start":{"line":34,"column":20},"end":{"line":43,"column":6}},"18":{"start":{"line":45,"column":25},"end":{"line":45,"column":61}},"19":{"start":{"line":47,"column":6},"end":{"line":66,"column":19}},"20":{"start":{"line":51,"column":10},"end":{"line":64,"column":22}},"21":{"start":{"line":53,"column":34},"end":{"line":53,"column":47}},"22":{"start":{"line":55,"column":14},"end":{"line":61,"column":15}},"23":{"start":{"line":60,"column":16},"end":{"line":60,"column":62}},"24":{"start":{"line":62,"column":14},"end":{"line":62,"column":33}},"25":{"start":{"line":68,"column":21},"end":{"line":68,"column":58}},"26":{"start":{"line":70,"column":4},"end":{"line":75,"column":7}},"27":{"start":{"line":78,"column":19},"end":{"line":78,"column":73}},"28":{"start":{"line":80,"column":2},"end":{"line":112,"column":4}},"29":{"start":{"line":115,"column":0},"end":{"line":115,"column":30}}},"fnMap":{"0":{"name":"(anonymous_1)","decl":{"start":{"line":8,"column":33},"end":{"line":8,"column":36}},"loc":{"start":{"line":8,"column":38},"end":{"line":113,"column":1}}},"1":{"name":"(anonymous_2)","decl":{"start":{"line":10,"column":45},"end":{"line":10,"column":46}},"loc":{"start":{"line":10,"column":56},"end":{"line":10,"column":75}}},"2":{"name":"(anonymous_3)","decl":{"start":{"line":16,"column":28},"end":{"line":16,"column":31}},"loc":{"start":{"line":16,"column":33},"end":{"line":18,"column":3}}},"3":{"name":"(anonymous_4)","decl":{"start":{"line":20,"column":30},"end":{"line":20,"column":31}},"loc":{"start":{"line":20,"column":50},"end":{"line":31,"column":3}}},"4":{"name":"(anonymous_5)","decl":{"start":{"line":21,"column":21},"end":{"line":21,"column":22}},"loc":{"start":{"line":21,"column":32},"end":{"line":30,"column":6}}},"5":{"name":"(anonymous_6)","decl":{"start":{"line":33,"column":25},"end":{"line":33,"column":28}},"loc":{"start":{"line":33,"column":30},"end":{"line":76,"column":3}}},"6":{"name":"(anonymous_7)","decl":{"start":{"line":50,"column":13},"end":{"line":50,"column":14}},"loc":{"start":{"line":51,"column":10},"end":{"line":64,"column":22}}},"7":{"name":"(anonymous_8)","decl":{"start":{"line":52,"column":17},"end":{"line":52,"column":18}},"loc":{"start":{"line":52,"column":27},"end":{"line":63,"column":13}}}},"branchMap":{"0":{"loc":{"start":{"line":12,"column":2},"end":{"line":14,"column":3}},"type":"if","locations":[{"start":{"line":12,"column":2},"end":{"line":14,"column":3}},{"start":{},"end":{}}]},"1":{"loc":{"start":{"line":22,"column":13},"end":{"line":22,"column":29}},"type":"binary-expr","locations":[{"start":{"line":22,"column":13},"end":{"line":22,"column":23}},{"start":{"line":22,"column":27},"end":{"line":22,"column":29}}]},"2":{"loc":{"start":{"line":23,"column":14},"end":{"line":23,"column":38}},"type":"binary-expr","locations":[{"start":{"line":23,"column":14},"end":{"line":23,"column":32}},{"start":{"line":23,"column":36},"end":{"line":23,"column":38}}]},"3":{"loc":{"start":{"line":25,"column":24},"end":{"line":25,"column":51}},"type":"binary-expr","locations":[{"start":{"line":25,"column":24},"end":{"line":25,"column":45}},{"start":{"line":25,"column":49},"end":{"line":25,"column":51}}]},"4":{"loc":{"start":{"line":26,"column":17},"end":{"line":26,"column":48}},"type":"binary-expr","locations":[{"start":{"line":26,"column":17},"end":{"line":26,"column":42}},{"start":{"line":26,"column":46},"end":{"line":26,"column":48}}]},"5":{"loc":{"start":{"line":27,"column":15},"end":{"line":27,"column":44}},"type":"binary-expr","locations":[{"start":{"line":27,"column":15},"end":{"line":27,"column":38}},{"start":{"line":27,"column":42},"end":{"line":27,"column":44}}]},"6":{"loc":{"start":{"line":28,"column":18},"end":{"line":28,"column":71}},"type":"cond-expr","locations":[{"start":{"line":28,"column":29},"end":{"line":28,"column":66}},{"start":{"line":28,"column":69},"end":{"line":28,"column":71}}]},"7":{"loc":{"start":{"line":29,"column":11},"end":{"line":29,"column":25}},"type":"binary-expr","locations":[{"start":{"line":29,"column":11},"end":{"line":29,"column":19}},{"start":{"line":29,"column":23},"end":{"line":29,"column":25}}]},"8":{"loc":{"start":{"line":55,"column":14},"end":{"line":61,"column":15}},"type":"if","locations":[{"start":{"line":55,"column":14},"end":{"line":61,"column":15}},{"start":{},"end":{}}]},"9":{"loc":{"start":{"line":56,"column":16},"end":{"line":58,"column":42}},"type":"binary-expr","locations":[{"start":{"line":56,"column":16},"end":{"line":56,"column":41}},{"start":{"line":57,"column":16},"end":{"line":57,"column":41}},{"start":{"line":58,"column":16},"end":{"line":58,"column":42}}]},"10":{"loc":{"start":{"line":78,"column":19},"end":{"line":78,"column":73}},"type":"cond-expr","locations":[{"start":{"line":78,"column":50},"end":{"line":78,"column":59}},{"start":{"line":78,"column":62},"end":{"line":78,"column":73}}]}},"s":{"0":2,"1":2,"2":2,"3":2,"4":2,"5":2,"6":93,"7":93,"8":173,"9":93,"10":85,"11":8,"12":1,"13":8,"14":5,"15":7,"16":8,"17":5,"18":5,"19":5,"20":7,"21":56,"22":56,"23":2,"24":54,"25":5,"26":5,"27":8,"28":8,"29":2},"f":{"0":93,"1":173,"2":1,"3":5,"4":7,"5":5,"6":7,"7":56},"b":{"0":[85,8],"1":[7,0],"2":[7,1],"3":[7,2],"4":[7,4],"5":[7,4],"6":[7,0],"7":[7,0],"8":[2,54],"9":[56,55,55],"10":[4,4]}}
,"C:\\Users\\User\\Documents\\react\\react\\rs-react-app\\src\\components\\error\\Error.tsx": {"path":"C:\\Users\\User\\Documents\\react\\react\\rs-react-app\\src\\components\\error\\Error.tsx","statementMap":{"0":{"start":{"line":1,"column":0},"end":{"line":1,"column":26}},"1":{"start":{"line":8,"column":4},"end":{"line":8,"column":17}},"2":{"start":{"line":20,"column":2},"end":{"line":22,"column":4}},"3":{"start":{"line":21,"column":4},"end":{"line":21,"column":52}},"4":{"start":{"line":9,"column":4},"end":{"line":9,"column":50}},"5":{"start":{"line":13,"column":4},"end":{"line":13,"column":52}},"6":{"start":{"line":17,"column":4},"end":{"line":17,"column":64}},"7":{"start":{"line":25,"column":4},"end":{"line":32,"column":5}},"8":{"start":{"line":26,"column":6},"end":{"line":31,"column":8}},"9":{"start":{"line":34,"column":4},"end":{"line":34,"column":31}},"10":{"start":{"line":3,"column":0},"end":{"line":3,"column":13}}},"fnMap":{"0":{"name":"(anonymous_1)","decl":{"start":{"line":7,"column":2},"end":{"line":7,"column":14}},"loc":{"start":{"line":7,"column":50},"end":{"line":10,"column":3}}},"1":{"name":"(anonymous_2)","decl":{"start":{"line":20,"column":15},"end":{"line":20,"column":18}},"loc":{"start":{"line":20,"column":20},"end":{"line":22,"column":3}}},"2":{"name":"(anonymous_3)","decl":{"start":{"line":12,"column":2},"end":{"line":12,"column":8}},"loc":{"start":{"line":12,"column":46},"end":{"line":14,"column":3}}},"3":{"name":"(anonymous_4)","decl":{"start":{"line":16,"column":2},"end":{"line":16,"column":19}},"loc":{"start":{"line":16,"column":60},"end":{"line":18,"column":3}}},"4":{"name":"(anonymous_5)","decl":{"start":{"line":24,"column":2},"end":{"line":24,"column":8}},"loc":{"start":{"line":24,"column":8},"end":{"line":35,"column":3}}}},"branchMap":{"0":{"loc":{"start":{"line":25,"column":4},"end":{"line":32,"column":5}},"type":"if","locations":[{"start":{"line":25,"column":4},"end":{"line":32,"column":5}},{"start":{},"end":{}}]}},"s":{"0":2,"1":60,"2":59,"3":3,"4":59,"5":36,"6":18,"7":159,"8":36,"9":123,"10":2},"f":{"0":60,"1":3,"2":36,"3":18,"4":159},"b":{"0":[36,123]}}
,"C:\\Users\\User\\Documents\\react\\react\\rs-react-app\\src\\components\\error\\ErrorButton.tsx": {"path":"C:\\Users\\User\\Documents\\react\\react\\rs-react-app\\src\\components\\error\\ErrorButton.tsx","statementMap":{"0":{"start":{"line":1,"column":20},"end":{"line":11,"column":1}},"1":{"start":{"line":2,"column":21},"end":{"line":4,"column":3}},"2":{"start":{"line":3,"column":4},"end":{"line":3,"column":45}},"3":{"start":{"line":6,"column":2},"end":{"line":10,"column":4}},"4":{"start":{"line":13,"column":0},"end":{"line":13,"column":27}}},"fnMap":{"0":{"name":"(anonymous_0)","decl":{"start":{"line":1,"column":20},"end":{"line":1,"column":23}},"loc":{"start":{"line":1,"column":25},"end":{"line":11,"column":1}}},"1":{"name":"(anonymous_1)","decl":{"start":{"line":2,"column":21},"end":{"line":2,"column":24}},"loc":{"start":{"line":2,"column":26},"end":{"line":4,"column":3}}}},"branchMap":{},"s":{"0":2,"1":102,"2":0,"3":102,"4":2},"f":{"0":102,"1":0},"b":{}}
,"C:\\Users\\User\\Documents\\react\\react\\rs-react-app\\src\\components\\footer\\Footer.tsx": {"path":"C:\\Users\\User\\Documents\\react\\react\\rs-react-app\\src\\components\\footer\\Footer.tsx","statementMap":{"0":{"start":{"line":1,"column":0},"end":{"line":1,"column":26}},"1":{"start":{"line":2,"column":0},"end":{"line":2,"column":40}},"2":{"start":{"line":3,"column":0},"end":{"line":3,"column":22}},"3":{"start":{"line":5,"column":25},"end":{"line":37,"column":1}},"4":{"start":{"line":6,"column":2},"end":{"line":36,"column":4}},"5":{"start":{"line":39,"column":0},"end":{"line":39,"column":22}}},"fnMap":{"0":{"name":"(anonymous_1)","decl":{"start":{"line":5,"column":25},"end":{"line":5,"column":28}},"loc":{"start":{"line":5,"column":30},"end":{"line":37,"column":1}}}},"branchMap":{},"s":{"0":1,"1":1,"2":1,"3":1,"4":83,"5":1},"f":{"0":83},"b":{}}
,"C:\\Users\\User\\Documents\\react\\react\\rs-react-app\\src\\components\\header\\Header.tsx": {"path":"C:\\Users\\User\\Documents\\react\\react\\rs-react-app\\src\\components\\header\\Header.tsx","statementMap":{"0":{"start":{"line":1,"column":0},"end":{"line":1,"column":40}},"1":{"start":{"line":2,"column":0},"end":{"line":2,"column":39}},"2":{"start":{"line":3,"column":0},"end":{"line":3,"column":41}},"3":{"start":{"line":4,"column":0},"end":{"line":4,"column":48}},"4":{"start":{"line":5,"column":0},"end":{"line":5,"column":22}},"5":{"start":{"line":8,"column":15},"end":{"line":38,"column":1}},"6":{"start":{"line":9,"column":2},"end":{"line":37,"column":4}},"7":{"start":{"line":40,"column":0},"end":{"line":40,"column":22}}},"fnMap":{"0":{"name":"(anonymous_1)","decl":{"start":{"line":8,"column":15},"end":{"line":8,"column":16}},"loc":{"start":{"line":8,"column":67},"end":{"line":38,"column":1}}}},"branchMap":{},"s":{"0":2,"1":2,"2":2,"3":2,"4":2,"5":2,"6":103,"7":2},"f":{"0":103},"b":{}}
,"C:\\Users\\User\\Documents\\react\\react\\rs-react-app\\src\\components\\header\\search\\Button.tsx": {"path":"C:\\Users\\User\\Documents\\react\\react\\rs-react-app\\src\\components\\header\\search\\Button.tsx","statementMap":{"0":{"start":{"line":3,"column":15},"end":{"line":9,"column":1}},"1":{"start":{"line":4,"column":2},"end":{"line":8,"column":4}},"2":{"start":{"line":11,"column":0},"end":{"line":11,"column":22}}},"fnMap":{"0":{"name":"(anonymous_0)","decl":{"start":{"line":3,"column":15},"end":{"line":3,"column":16}},"loc":{"start":{"line":3,"column":65},"end":{"line":9,"column":1}}}},"branchMap":{},"s":{"0":3,"1":116,"2":3},"f":{"0":116},"b":{}}
,"C:\\Users\\User\\Documents\\react\\react\\rs-react-app\\src\\components\\header\\search\\Input.tsx": {"path":"C:\\Users\\User\\Documents\\react\\react\\rs-react-app\\src\\components\\header\\search\\Input.tsx","statementMap":{"0":{"start":{"line":3,"column":14},"end":{"line":12,"column":1}},"1":{"start":{"line":4,"column":2},"end":{"line":11,"column":4}},"2":{"start":{"line":14,"column":0},"end":{"line":14,"column":21}}},"fnMap":{"0":{"name":"(anonymous_0)","decl":{"start":{"line":3,"column":14},"end":{"line":3,"column":15}},"loc":{"start":{"line":3,"column":63},"end":{"line":12,"column":1}}}},"branchMap":{"0":{"loc":{"start":{"line":9,"column":19},"end":{"line":9,"column":53}},"type":"binary-expr","locations":[{"start":{"line":9,"column":19},"end":{"line":9,"column":30}},{"start":{"line":9,"column":34},"end":{"line":9,"column":53}}]}},"s":{"0":3,"1":113,"2":3},"f":{"0":113},"b":{"0":[113,1]}}
,"C:\\Users\\User\\Documents\\react\\react\\rs-react-app\\src\\components\\layout\\AppContainer.tsx": {"path":"C:\\Users\\User\\Documents\\react\\react\\rs-react-app\\src\\components\\layout\\AppContainer.tsx","statementMap":{"0":{"start":{"line":2,"column":0},"end":{"line":2,"column":42}},"1":{"start":{"line":3,"column":0},"end":{"line":3,"column":47}},"2":{"start":{"line":4,"column":0},"end":{"line":4,"column":56}},"3":{"start":{"line":5,"column":0},"end":{"line":5,"column":47}},"4":{"start":{"line":6,"column":0},"end":{"line":6,"column":46}},"5":{"start":{"line":7,"column":0},"end":{"line":7,"column":49}},"6":{"start":{"line":8,"column":0},"end":{"line":8,"column":38}},"7":{"start":{"line":9,"column":0},"end":{"line":9,"column":56}},"8":{"start":{"line":10,"column":0},"end":{"line":10,"column":28}},"9":{"start":{"line":15,"column":21},"end":{"line":62,"column":1}},"10":{"start":{"line":26,"column":2},"end":{"line":61,"column":4}},"11":{"start":{"line":64,"column":0},"end":{"line":64,"column":28}}},"fnMap":{"0":{"name":"(anonymous_1)","decl":{"start":{"line":15,"column":21},"end":{"line":15,"column":22}},"loc":{"start":{"line":25,"column":24},"end":{"line":62,"column":1}}}},"branchMap":{"0":{"loc":{"start":{"line":24,"column":2},"end":{"line":24,"column":23}},"type":"default-arg","locations":[{"start":{"line":24,"column":18},"end":{"line":24,"column":23}}]},"1":{"loc":{"start":{"line":27,"column":37},"end":{"line":27,"column":72}},"type":"cond-expr","locations":[{"start":{"line":27,"column":53},"end":{"line":27,"column":67}},{"start":{"line":27,"column":70},"end":{"line":27,"column":72}}]},"2":{"loc":{"start":{"line":39,"column":9},"end":{"line":46,"column":null}},"type":"binary-expr","locations":[{"start":{"line":39,"column":9},"end":{"line":39,"column":19}},{"start":{"line":39,"column":23},"end":{"line":39,"column":35}},{"start":{"line":40,"column":10},"end":{"line":45,"column":null}}]}},"s":{"0":1,"1":1,"2":1,"3":1,"4":1,"5":1,"6":1,"7":1,"8":1,"9":1,"10":83,"11":1},"f":{"0":83},"b":{"0":[0],"1":[0,83],"2":[83,83,83]}}
,"C:\\Users\\User\\Documents\\react\\react\\rs-react-app\\src\\components\\loader\\Loader.tsx": {"path":"C:\\Users\\User\\Documents\\react\\react\\rs-react-app\\src\\components\\loader\\Loader.tsx","statementMap":{"0":{"start":{"line":1,"column":0},"end":{"line":1,"column":22}},"1":{"start":{"line":2,"column":0},"end":{"line":2,"column":47}},"2":{"start":{"line":4,"column":15},"end":{"line":6,"column":1}},"3":{"start":{"line":5,"column":2},"end":{"line":5,"column":52}},"4":{"start":{"line":8,"column":0},"end":{"line":8,"column":22}}},"fnMap":{"0":{"name":"(anonymous_1)","decl":{"start":{"line":4,"column":15},"end":{"line":4,"column":18}},"loc":{"start":{"line":4,"column":20},"end":{"line":6,"column":1}}}},"branchMap":{},"s":{"0":4,"1":4,"2":4,"3":66,"4":4},"f":{"0":66},"b":{}}
,"C:\\Users\\User\\Documents\\react\\react\\rs-react-app\\src\\components\\main\\ResultsContainer.tsx": {"path":"C:\\Users\\User\\Documents\\react\\react\\rs-react-app\\src\\components\\main\\ResultsContainer.tsx","statementMap":{"0":{"start":{"line":3,"column":0},"end":{"line":3,"column":42}},"1":{"start":{"line":4,"column":0},"end":{"line":4,"column":50}},"2":{"start":{"line":5,"column":0},"end":{"line":5,"column":52}},"3":{"start":{"line":6,"column":0},"end":{"line":6,"column":48}},"4":{"start":{"line":7,"column":0},"end":{"line":7,"column":67}},"5":{"start":{"line":8,"column":0},"end":{"line":8,"column":72}},"6":{"start":{"line":10,"column":25},"end":{"line":73,"column":1}},"7":{"start":{"line":15,"column":19},"end":{"line":15,"column":35}},"8":{"start":{"line":16,"column":29},"end":{"line":17,"column":null}},"9":{"start":{"line":17,"column":26},"end":{"line":17,"column":45}},"10":{"start":{"line":19,"column":26},"end":{"line":19,"column":60}},"11":{"start":{"line":20,"column":24},"end":{"line":20,"column":56}},"12":{"start":{"line":23,"column":22},"end":{"line":23,"column":35}},"13":{"start":{"line":25,"column":26},"end":{"line":34,"column":3}},"14":{"start":{"line":26,"column":4},"end":{"line":33,"column":5}},"15":{"start":{"line":27,"column":6},"end":{"line":27,"column":40}},"16":{"start":{"line":30,"column":6},"end":{"line":32,"column":7}},"17":{"start":{"line":31,"column":8},"end":{"line":31,"column":40}},"18":{"start":{"line":36,"column":21},"end":{"line":38,"column":3}},"19":{"start":{"line":37,"column":4},"end":{"line":37,"column":77}},"20":{"start":{"line":37,"column":52},"end":{"line":37,"column":75}},"21":{"start":{"line":40,"column":2},"end":{"line":72,"column":4}},"22":{"start":{"line":50,"column":8},"end":{"line":51,"column":null}},"23":{"start":{"line":53,"column":25},"end":{"line":53,"column":48}},"24":{"start":{"line":60,"column":30},"end":{"line":60,"column":53}},"25":{"start":{"line":75,"column":0},"end":{"line":75,"column":32}}},"fnMap":{"0":{"name":"(anonymous_1)","decl":{"start":{"line":10,"column":25},"end":{"line":10,"column":26}},"loc":{"start":{"line":14,"column":28},"end":{"line":73,"column":1}}},"1":{"name":"(anonymous_2)","decl":{"start":{"line":17,"column":4},"end":{"line":17,"column":5}},"loc":{"start":{"line":17,"column":26},"end":{"line":17,"column":45}}},"2":{"name":"(anonymous_3)","decl":{"start":{"line":25,"column":26},"end":{"line":25,"column":27}},"loc":{"start":{"line":25,"column":45},"end":{"line":34,"column":3}}},"3":{"name":"(anonymous_4)","decl":{"start":{"line":36,"column":21},"end":{"line":36,"column":22}},"loc":{"start":{"line":36,"column":42},"end":{"line":38,"column":3}}},"4":{"name":"(anonymous_5)","decl":{"start":{"line":37,"column":32},"end":{"line":37,"column":33}},"loc":{"start":{"line":37,"column":52},"end":{"line":37,"column":75}}},"5":{"name":"(anonymous_6)","decl":{"start":{"line":49,"column":23},"end":{"line":49,"column":24}},"loc":{"start":{"line":50,"column":8},"end":{"line":51,"column":null}}},"6":{"name":"(anonymous_7)","decl":{"start":{"line":53,"column":19},"end":{"line":53,"column":22}},"loc":{"start":{"line":53,"column":25},"end":{"line":53,"column":48}}},"7":{"name":"(anonymous_8)","decl":{"start":{"line":60,"column":24},"end":{"line":60,"column":27}},"loc":{"start":{"line":60,"column":30},"end":{"line":60,"column":53}}}},"branchMap":{"0":{"loc":{"start":{"line":23,"column":22},"end":{"line":23,"column":35}},"type":"binary-expr","locations":[{"start":{"line":23,"column":22},"end":{"line":23,"column":29}},{"start":{"line":23,"column":33},"end":{"line":23,"column":35}}]},"1":{"loc":{"start":{"line":26,"column":4},"end":{"line":33,"column":5}},"type":"if","locations":[{"start":{"line":26,"column":4},"end":{"line":33,"column":5}},{"start":{"line":28,"column":11},"end":{"line":33,"column":5}}]},"2":{"loc":{"start":{"line":30,"column":6},"end":{"line":32,"column":7}},"type":"if","locations":[{"start":{"line":30,"column":6},"end":{"line":32,"column":7}},{"start":{},"end":{}}]},"3":{"loc":{"start":{"line":30,"column":10},"end":{"line":30,"column":36}},"type":"binary-expr","locations":[{"start":{"line":30,"column":10},"end":{"line":30,"column":21}},{"start":{"line":30,"column":25},"end":{"line":30,"column":36}}]},"4":{"loc":{"start":{"line":44,"column":7},"end":{"line":45,"column":null}},"type":"binary-expr","locations":[{"start":{"line":44,"column":7},"end":{"line":44,"column":15}},{"start":{"line":44,"column":19},"end":{"line":44,"column":41}},{"start":{"line":44,"column":45},"end":{"line":44,"column":59}},{"start":{"line":45,"column":8},"end":{"line":45,"column":27}}]},"5":{"loc":{"start":{"line":47,"column":7},"end":{"line":47,"column":28}},"type":"binary-expr","locations":[{"start":{"line":47,"column":7},"end":{"line":47,"column":14}},{"start":{"line":47,"column":18},"end":{"line":47,"column":28}}]},"6":{"loc":{"start":{"line":48,"column":7},"end":{"line":48,"column":69}},"type":"binary-expr","locations":[{"start":{"line":48,"column":7},"end":{"line":48,"column":15}},{"start":{"line":48,"column":19},"end":{"line":48,"column":43}},{"start":{"line":48,"column":47},"end":{"line":48,"column":69}}]},"7":{"loc":{"start":{"line":52,"column":36},"end":{"line":52,"column":69}},"type":"cond-expr","locations":[{"start":{"line":52,"column":52},"end":{"line":52,"column":64}},{"start":{"line":52,"column":67},"end":{"line":52,"column":69}}]},"8":{"loc":{"start":{"line":52,"column":73},"end":{"line":52,"column":114}},"type":"cond-expr","locations":[{"start":{"line":52,"column":99},"end":{"line":52,"column":109}},{"start":{"line":52,"column":112},"end":{"line":52,"column":114}}]},"9":{"loc":{"start":{"line":56,"column":11},"end":{"line":62,"column":null}},"type":"binary-expr","locations":[{"start":{"line":56,"column":11},"end":{"line":56,"column":24}},{"start":{"line":57,"column":12},"end":{"line":61,"column":null}}]},"10":{"loc":{"start":{"line":64,"column":39},"end":{"line":64,"column":61}},"type":"binary-expr","locations":[{"start":{"line":64,"column":39},"end":{"line":64,"column":52}},{"start":{"line":64,"column":56},"end":{"line":64,"column":61}}]},"11":{"loc":{"start":{"line":66,"column":23},"end":{"line":66,"column":56}},"type":"binary-expr","locations":[{"start":{"line":66,"column":23},"end":{"line":66,"column":47}},{"start":{"line":66,"column":51},"end":{"line":66,"column":56}}]},"12":{"loc":{"start":{"line":67,"column":13},"end":{"line":67,"column":43}},"type":"binary-expr","locations":[{"start":{"line":67,"column":13},"end":{"line":67,"column":34}},{"start":{"line":67,"column":38},"end":{"line":67,"column":43}}]},"13":{"loc":{"start":{"line":51,"column":15},"end":{"line":51,"column":43}},"type":"binary-expr","locations":[{"start":{"line":51,"column":15},"end":{"line":51,"column":26}},{"start":{"line":51,"column":30},"end":{"line":51,"column":43}}]}},"s":{"0":2,"1":2,"2":2,"3":2,"4":2,"5":2,"6":2,"7":107,"8":107,"9":199,"10":107,"11":107,"12":107,"13":107,"14":0,"15":0,"16":0,"17":0,"18":107,"19":228,"20":0,"21":107,"22":228,"23":0,"24":0,"25":2},"f":{"0":107,"1":199,"2":0,"3":228,"4":0,"5":228,"6":0,"7":0},"b":{"0":[107,2],"1":[0,0],"2":[0,0],"3":[0,0],"4":[107,65,33,33],"5":[107,42],"6":[107,65,32],"7":[0,228],"8":[0,228],"9":[228,0],"10":[228,4],"11":[228,5],"12":[228,6],"13":[228,2]}}
,"C:\\Users\\User\\Documents\\react\\react\\rs-react-app\\src\\components\\main\\ResultsHeader.tsx": {"path":"C:\\Users\\User\\Documents\\react\\react\\rs-react-app\\src\\components\\main\\ResultsHeader.tsx","statementMap":{"0":{"start":{"line":1,"column":22},"end":{"line":8,"column":1}},"1":{"start":{"line":2,"column":2},"end":{"line":7,"column":4}},"2":{"start":{"line":10,"column":0},"end":{"line":10,"column":29}}},"fnMap":{"0":{"name":"(anonymous_0)","decl":{"start":{"line":1,"column":22},"end":{"line":1,"column":25}},"loc":{"start":{"line":1,"column":27},"end":{"line":8,"column":1}}}},"branchMap":{},"s":{"0":2,"1":107,"2":2},"f":{"0":107},"b":{}}
,"C:\\Users\\User\\Documents\\react\\react\\rs-react-app\\src\\components\\main\\ResultsItemHint.tsx": {"path":"C:\\Users\\User\\Documents\\react\\react\\rs-react-app\\src\\components\\main\\ResultsItemHint.tsx","statementMap":{"0":{"start":{"line":1,"column":0},"end":{"line":1,"column":26}},"1":{"start":{"line":2,"column":0},"end":{"line":2,"column":31}},"2":{"start":{"line":4,"column":34},"end":{"line":13,"column":1}},"3":{"start":{"line":5,"column":2},"end":{"line":12,"column":4}},"4":{"start":{"line":15,"column":0},"end":{"line":15,"column":31}}},"fnMap":{"0":{"name":"(anonymous_1)","decl":{"start":{"line":4,"column":34},"end":{"line":4,"column":37}},"loc":{"start":{"line":4,"column":39},"end":{"line":13,"column":1}}}},"branchMap":{},"s":{"0":2,"1":2,"2":2,"3":33,"4":2},"f":{"0":33},"b":{}}
,"C:\\Users\\User\\Documents\\react\\react\\rs-react-app\\src\\components\\main\\SelectionControls.tsx": {"path":"C:\\Users\\User\\Documents\\react\\react\\rs-react-app\\src\\components\\main\\SelectionControls.tsx","statementMap":{"0":{"start":{"line":1,"column":0},"end":{"line":1,"column":26}},"1":{"start":{"line":2,"column":0},"end":{"line":2,"column":67}},"2":{"start":{"line":3,"column":0},"end":{"line":3,"column":null}},"3":{"start":{"line":9,"column":0},"end":{"line":9,"column":33}},"4":{"start":{"line":11,"column":60},"end":{"line":66,"column":1}},"5":{"start":{"line":14,"column":19},"end":{"line":14,"column":35}},"6":{"start":{"line":15,"column":45},"end":{"line":16,"column":null}},"7":{"start":{"line":16,"column":15},"end":{"line":16,"column":34}},"8":{"start":{"line":19,"column":36},"end":{"line":21,"column":3}},"9":{"start":{"line":20,"column":4},"end":{"line":20,"column":47}},"10":{"start":{"line":23,"column":26},"end":{"line":25,"column":3}},"11":{"start":{"line":24,"column":4},"end":{"line":24,"column":42}},"12":{"start":{"line":27,"column":31},"end":{"line":29,"column":3}},"13":{"start":{"line":28,"column":4},"end":{"line":28,"column":31}},"14":{"start":{"line":31,"column":2},"end":{"line":65,"column":4}},"15":{"start":{"line":68,"column":0},"end":{"line":68,"column":33}}},"fnMap":{"0":{"name":"(anonymous_1)","decl":{"start":{"line":11,"column":60},"end":{"line":11,"column":61}},"loc":{"start":{"line":13,"column":5},"end":{"line":66,"column":1}}},"1":{"name":"(anonymous_2)","decl":{"start":{"line":16,"column":4},"end":{"line":16,"column":5}},"loc":{"start":{"line":16,"column":15},"end":{"line":16,"column":34}}},"2":{"name":"(anonymous_3)","decl":{"start":{"line":19,"column":36},"end":{"line":19,"column":39}},"loc":{"start":{"line":19,"column":41},"end":{"line":21,"column":3}}},"3":{"name":"(anonymous_4)","decl":{"start":{"line":23,"column":26},"end":{"line":23,"column":29}},"loc":{"start":{"line":23,"column":31},"end":{"line":25,"column":3}}},"4":{"name":"(anonymous_5)","decl":{"start":{"line":27,"column":31},"end":{"line":27,"column":34}},"loc":{"start":{"line":27,"column":36},"end":{"line":29,"column":3}}}},"branchMap":{"0":{"loc":{"start":{"line":35,"column":40},"end":{"line":35,"column":79}},"type":"cond-expr","locations":[{"start":{"line":35,"column":71},"end":{"line":35,"column":74}},{"start":{"line":35,"column":77},"end":{"line":35,"column":79}}]},"1":{"loc":{"start":{"line":42,"column":11},"end":{"line":42,"column":60}},"type":"cond-expr","locations":[{"start":{"line":42,"column":27},"end":{"line":42,"column":43}},{"start":{"line":42,"column":46},"end":{"line":42,"column":60}}]},"2":{"loc":{"start":{"line":46,"column":7},"end":{"line":62,"column":null}},"type":"binary-expr","locations":[{"start":{"line":46,"column":7},"end":{"line":46,"column":20}},{"start":{"line":47,"column":8},"end":{"line":61,"column":null}}]}},"s":{"0":2,"1":2,"2":2,"3":2,"4":2,"5":107,"6":107,"7":199,"8":107,"9":0,"10":107,"11":0,"12":107,"13":0,"14":107,"15":2},"f":{"0":107,"1":199,"2":0,"3":0,"4":0},"b":{"0":[107,0],"1":[0,107],"2":[107,0]}}
,"C:\\Users\\User\\Documents\\react\\react\\rs-react-app\\src\\contexts\\ThemeContext.tsx": {"path":"C:\\Users\\User\\Documents\\react\\react\\rs-react-app\\src\\contexts\\ThemeContext.tsx","statementMap":{"0":{"start":{"line":1,"column":0},"end":{"line":1,"column":78}},"1":{"start":{"line":8,"column":21},"end":{"line":8,"column":75}},"2":{"start":{"line":10,"column":59},"end":{"line":55,"column":1}},"3":{"start":{"line":12,"column":33},"end":{"line":23,"column":4}},"4":{"start":{"line":13,"column":4},"end":{"line":21,"column":5}},"5":{"start":{"line":14,"column":6},"end":{"line":20,"column":7}},"6":{"start":{"line":15,"column":27},"end":{"line":15,"column":69}},"7":{"start":{"line":16,"column":8},"end":{"line":16,"column":37}},"8":{"start":{"line":19,"column":8},"end":{"line":19,"column":23}},"9":{"start":{"line":22,"column":4},"end":{"line":22,"column":19}},"10":{"start":{"line":26,"column":2},"end":{"line":36,"column":14}},"11":{"start":{"line":27,"column":17},"end":{"line":27,"column":41}},"12":{"start":{"line":28,"column":4},"end":{"line":28,"column":43}},"13":{"start":{"line":31,"column":4},"end":{"line":35,"column":5}},"14":{"start":{"line":32,"column":6},"end":{"line":32,"column":47}},"15":{"start":{"line":38,"column":22},"end":{"line":40,"column":3}},"16":{"start":{"line":39,"column":4},"end":{"line":39,"column":77}},"17":{"start":{"line":39,"column":34},"end":{"line":39,"column":74}},"18":{"start":{"line":42,"column":19},"end":{"line":44,"column":3}},"19":{"start":{"line":43,"column":4},"end":{"line":43,"column":28}},"20":{"start":{"line":46,"column":34},"end":{"line":50,"column":4}},"21":{"start":{"line":52,"column":2},"end":{"line":54,"column":4}},"22":{"start":{"line":10,"column":13},"end":{"line":10,"column":59}},"23":{"start":{"line":58,"column":24},"end":{"line":64,"column":1}},"24":{"start":{"line":59,"column":18},"end":{"line":59,"column":42}},"25":{"start":{"line":60,"column":2},"end":{"line":62,"column":3}},"26":{"start":{"line":61,"column":4},"end":{"line":61,"column":68}},"27":{"start":{"line":63,"column":2},"end":{"line":63,"column":17}},"28":{"start":{"line":58,"column":13},"end":{"line":58,"column":24}}},"fnMap":{"0":{"name":"(anonymous_9)","decl":{"start":{"line":10,"column":59},"end":{"line":10,"column":60}},"loc":{"start":{"line":10,"column":76},"end":{"line":55,"column":1}}},"1":{"name":"(anonymous_10)","decl":{"start":{"line":12,"column":49},"end":{"line":12,"column":52}},"loc":{"start":{"line":12,"column":54},"end":{"line":23,"column":3}}},"2":{"name":"(anonymous_11)","decl":{"start":{"line":26,"column":12},"end":{"line":26,"column":15}},"loc":{"start":{"line":26,"column":17},"end":{"line":36,"column":3}}},"3":{"name":"(anonymous_12)","decl":{"start":{"line":38,"column":22},"end":{"line":38,"column":25}},"loc":{"start":{"line":38,"column":27},"end":{"line":40,"column":3}}},"4":{"name":"(anonymous_13)","decl":{"start":{"line":39,"column":18},"end":{"line":39,"column":19}},"loc":{"start":{"line":39,"column":34},"end":{"line":39,"column":74}}},"5":{"name":"(anonymous_14)","decl":{"start":{"line":42,"column":19},"end":{"line":42,"column":20}},"loc":{"start":{"line":42,"column":39},"end":{"line":44,"column":3}}},"6":{"name":"(anonymous_15)","decl":{"start":{"line":58,"column":24},"end":{"line":58,"column":45}},"loc":{"start":{"line":58,"column":47},"end":{"line":64,"column":1}}}},"branchMap":{"0":{"loc":{"start":{"line":13,"column":4},"end":{"line":21,"column":5}},"type":"if","locations":[{"start":{"line":13,"column":4},"end":{"line":21,"column":5}},{"start":{},"end":{}}]},"1":{"loc":{"start":{"line":16,"column":15},"end":{"line":16,"column":36}},"type":"binary-expr","locations":[{"start":{"line":16,"column":15},"end":{"line":16,"column":25}},{"start":{"line":16,"column":29},"end":{"line":16,"column":36}}]},"2":{"loc":{"start":{"line":39,"column":34},"end":{"line":39,"column":74}},"type":"cond-expr","locations":[{"start":{"line":39,"column":58},"end":{"line":39,"column":64}},{"start":{"line":39,"column":67},"end":{"line":39,"column":74}}]},"3":{"loc":{"start":{"line":60,"column":2},"end":{"line":62,"column":3}},"type":"if","locations":[{"start":{"line":60,"column":2},"end":{"line":62,"column":3}},{"start":{},"end":{}}]}},"s":{"0":18,"1":18,"2":18,"3":205,"4":191,"5":191,"6":191,"7":189,"8":2,"9":0,"10":205,"11":182,"12":182,"13":182,"14":182,"15":205,"16":5,"17":5,"18":205,"19":2,"20":205,"21":205,"22":18,"23":18,"24":124,"25":123,"26":2,"27":121,"28":18},"f":{"0":205,"1":191,"2":182,"3":5,"4":5,"5":2,"6":124},"b":{"0":[191,0],"1":[189,183],"2":[4,1],"3":[2,121]}}
,"C:\\Users\\User\\Documents\\react\\react\\rs-react-app\\src\\hooks\\useLocalStorage.ts": {"path":"C:\\Users\\User\\Documents\\react\\react\\rs-react-app\\src\\hooks\\useLocalStorage.ts","statementMap":{"0":{"start":{"line":7,"column":0},"end":{"line":7,"column":16}},"1":{"start":{"line":86,"column":0},"end":{"line":86,"column":16}},"2":{"start":{"line":1,"column":0},"end":{"line":1,"column":46}},"3":{"start":{"line":12,"column":22},"end":{"line":28,"column":8}},"4":{"start":{"line":13,"column":4},"end":{"line":27,"column":5}},"5":{"start":{"line":15,"column":6},"end":{"line":19,"column":7}},"6":{"start":{"line":16,"column":8},"end":{"line":18,"column":10}},"7":{"start":{"line":21,"column":19},"end":{"line":21,"column":42}},"8":{"start":{"line":22,"column":6},"end":{"line":22,"column":46}},"9":{"start":{"line":23,"column":6},"end":{"line":23,"column":43}},"10":{"start":{"line":24,"column":6},"end":{"line":24,"column":18}},"11":{"start":{"line":26,"column":6},"end":{"line":26,"column":19}},"12":{"start":{"line":31,"column":40},"end":{"line":43,"column":4}},"13":{"start":{"line":32,"column":4},"end":{"line":34,"column":5}},"14":{"start":{"line":33,"column":6},"end":{"line":33,"column":26}},"15":{"start":{"line":36,"column":4},"end":{"line":42,"column":5}},"16":{"start":{"line":37,"column":19},"end":{"line":37,"column":51}},"17":{"start":{"line":38,"column":6},"end":{"line":38,"column":52}},"18":{"start":{"line":40,"column":6},"end":{"line":40,"column":71}},"19":{"start":{"line":41,"column":6},"end":{"line":41,"column":26}},"20":{"start":{"line":46,"column":19},"end":{"line":64,"column":null}},"21":{"start":{"line":48,"column":6},"end":{"line":62,"column":7}},"22":{"start":{"line":51,"column":10},"end":{"line":51,"column":64}},"23":{"start":{"line":54,"column":8},"end":{"line":54,"column":37}},"24":{"start":{"line":57,"column":8},"end":{"line":59,"column":9}},"25":{"start":{"line":58,"column":10},"end":{"line":58,"column":73}},"26":{"start":{"line":61,"column":8},"end":{"line":61,"column":76}},"27":{"start":{"line":68,"column":22},"end":{"line":77,"column":38}},"28":{"start":{"line":69,"column":4},"end":{"line":76,"column":5}},"29":{"start":{"line":70,"column":6},"end":{"line":70,"column":35}},"30":{"start":{"line":71,"column":6},"end":{"line":73,"column":7}},"31":{"start":{"line":72,"column":8},"end":{"line":72,"column":44}},"32":{"start":{"line":75,"column":6},"end":{"line":75,"column":73}},"33":{"start":{"line":79,"column":2},"end":{"line":79,"column":61}},"34":{"start":{"line":87,"column":14},"end":{"line":87,"column":34}},"35":{"start":{"line":90,"column":22},"end":{"line":106,"column":8}},"36":{"start":{"line":91,"column":4},"end":{"line":105,"column":5}},"37":{"start":{"line":93,"column":6},"end":{"line":97,"column":7}},"38":{"start":{"line":94,"column":8},"end":{"line":96,"column":10}},"39":{"start":{"line":99,"column":19},"end":{"line":99,"column":42}},"40":{"start":{"line":100,"column":6},"end":{"line":100,"column":46}},"41":{"start":{"line":101,"column":6},"end":{"line":101,"column":43}},"42":{"start":{"line":102,"column":6},"end":{"line":102,"column":18}},"43":{"start":{"line":104,"column":6},"end":{"line":104,"column":19}},"44":{"start":{"line":109,"column":43},"end":{"line":121,"column":4}},"45":{"start":{"line":110,"column":4},"end":{"line":112,"column":5}},"46":{"start":{"line":111,"column":6},"end":{"line":111,"column":16}},"47":{"start":{"line":114,"column":4},"end":{"line":120,"column":5}},"48":{"start":{"line":115,"column":19},"end":{"line":115,"column":51}},"49":{"start":{"line":116,"column":6},"end":{"line":116,"column":24}},"50":{"start":{"line":118,"column":6},"end":{"line":118,"column":71}},"51":{"start":{"line":119,"column":6},"end":{"line":119,"column":16}},"52":{"start":{"line":123,"column":24},"end":{"line":137,"column":null}},"53":{"start":{"line":125,"column":6},"end":{"line":135,"column":7}},"54":{"start":{"line":126,"column":28},"end":{"line":126,"column":39}},"55":{"start":{"line":127,"column":8},"end":{"line":127,"column":40}},"56":{"start":{"line":130,"column":8},"end":{"line":132,"column":9}},"57":{"start":{"line":131,"column":10},"end":{"line":131,"column":56}},"58":{"start":{"line":134,"column":8},"end":{"line":134,"column":76}},"59":{"start":{"line":140,"column":26},"end":{"line":149,"column":19}},"60":{"start":{"line":141,"column":4},"end":{"line":148,"column":5}},"61":{"start":{"line":142,"column":6},"end":{"line":142,"column":29}},"62":{"start":{"line":143,"column":6},"end":{"line":145,"column":7}},"63":{"start":{"line":144,"column":8},"end":{"line":144,"column":44}},"64":{"start":{"line":147,"column":6},"end":{"line":147,"column":73}},"65":{"start":{"line":151,"column":25},"end":{"line":155,"column":null}},"66":{"start":{"line":153,"column":6},"end":{"line":153,"column":26}},"67":{"start":{"line":158,"column":2},"end":{"line":163,"column":4}}},"fnMap":{"0":{"name":"useLocalStorage","decl":{"start":{"line":7,"column":16},"end":{"line":7,"column":31}},"loc":{"start":{"line":9,"column":17},"end":{"line":80,"column":1}}},"1":{"name":"(anonymous_1)","decl":{"start":{"line":12,"column":34},"end":{"line":12,"column":46}},"loc":{"start":{"line":12,"column":48},"end":{"line":28,"column":3}}},"2":{"name":"(anonymous_2)","decl":{"start":{"line":31,"column":52},"end":{"line":31,"column":55}},"loc":{"start":{"line":31,"column":57},"end":{"line":43,"column":3}}},"3":{"name":"(anonymous_3)","decl":{"start":{"line":47,"column":4},"end":{"line":47,"column":5}},"loc":{"start":{"line":47,"column":35},"end":{"line":63,"column":5}}},"4":{"name":"(anonymous_4)","decl":{"start":{"line":68,"column":34},"end":{"line":68,"column":37}},"loc":{"start":{"line":68,"column":39},"end":{"line":77,"column":3}}},"5":{"name":"useSearchTerm","decl":{"start":{"line":86,"column":16},"end":{"line":86,"column":29}},"loc":{"start":{"line":86,"column":29},"end":{"line":164,"column":1}}},"6":{"name":"(anonymous_6)","decl":{"start":{"line":90,"column":34},"end":{"line":90,"column":46}},"loc":{"start":{"line":90,"column":48},"end":{"line":106,"column":3}}},"7":{"name":"(anonymous_7)","decl":{"start":{"line":109,"column":60},"end":{"line":109,"column":63}},"loc":{"start":{"line":109,"column":65},"end":{"line":121,"column":3}}},"8":{"name":"(anonymous_8)","decl":{"start":{"line":124,"column":4},"end":{"line":124,"column":5}},"loc":{"start":{"line":124,"column":21},"end":{"line":136,"column":5}}},"9":{"name":"(anonymous_9)","decl":{"start":{"line":140,"column":38},"end":{"line":140,"column":41}},"loc":{"start":{"line":140,"column":43},"end":{"line":149,"column":3}}},"10":{"name":"(anonymous_10)","decl":{"start":{"line":152,"column":4},"end":{"line":152,"column":5}},"loc":{"start":{"line":152,"column":21},"end":{"line":154,"column":5}}}},"branchMap":{"0":{"loc":{"start":{"line":15,"column":6},"end":{"line":19,"column":7}},"type":"if","locations":[{"start":{"line":15,"column":6},"end":{"line":19,"column":7}},{"start":{},"end":{}}]},"1":{"loc":{"start":{"line":15,"column":10},"end":{"line":15,"column":72}},"type":"binary-expr","locations":[{"start":{"line":15,"column":10},"end":{"line":15,"column":37}},{"start":{"line":15,"column":41},"end":{"line":15,"column":72}}]},"2":{"loc":{"start":{"line":17,"column":10},"end":{"line":17,"column":76}},"type":"binary-expr","locations":[{"start":{"line":17,"column":10},"end":{"line":17,"column":39}},{"start":{"line":17,"column":43},"end":{"line":17,"column":76}}]},"3":{"loc":{"start":{"line":32,"column":4},"end":{"line":34,"column":5}},"type":"if","locations":[{"start":{"line":32,"column":4},"end":{"line":34,"column":5}},{"start":{},"end":{}}]},"4":{"loc":{"start":{"line":38,"column":13},"end":{"line":38,"column":51}},"type":"cond-expr","locations":[{"start":{"line":38,"column":20},"end":{"line":38,"column":36}},{"start":{"line":38,"column":39},"end":{"line":38,"column":51}}]},"5":{"loc":{"start":{"line":51,"column":10},"end":{"line":51,"column":64}},"type":"cond-expr","locations":[{"start":{"line":51,"column":38},"end":{"line":51,"column":56}},{"start":{"line":51,"column":59},"end":{"line":51,"column":64}}]},"6":{"loc":{"start":{"line":57,"column":8},"end":{"line":59,"column":9}},"type":"if","locations":[{"start":{"line":57,"column":8},"end":{"line":59,"column":9}},{"start":{},"end":{}}]},"7":{"loc":{"start":{"line":71,"column":6},"end":{"line":73,"column":7}},"type":"if","locations":[{"start":{"line":71,"column":6},"end":{"line":73,"column":7}},{"start":{},"end":{}}]},"8":{"loc":{"start":{"line":93,"column":6},"end":{"line":97,"column":7}},"type":"if","locations":[{"start":{"line":93,"column":6},"end":{"line":97,"column":7}},{"start":{},"end":{}}]},"9":{"loc":{"start":{"line":93,"column":10},"end":{"line":93,"column":72}},"type":"binary-expr","locations":[{"start":{"line":93,"column":10},"end":{"line":93,"column":37}},{"start":{"line":93,"column":41},"end":{"line":93,"column":72}}]},"10":{"loc":{"start":{"line":95,"column":10},"end":{"line":95,"column":76}},"type":"binary-expr","locations":[{"start":{"line":95,"column":10},"end":{"line":95,"column":39}},{"start":{"line":95,"column":43},"end":{"line":95,"column":76}}]},"11":{"loc":{"start":{"line":110,"column":4},"end":{"line":112,"column":5}},"type":"if","locations":[{"start":{"line":110,"column":4},"end":{"line":112,"column":5}},{"start":{},"end":{}}]},"12":{"loc":{"start":{"line":116,"column":13},"end":{"line":116,"column":23}},"type":"binary-expr","locations":[{"start":{"line":116,"column":13},"end":{"line":116,"column":17}},{"start":{"line":116,"column":21},"end":{"line":116,"column":23}}]},"13":{"loc":{"start":{"line":130,"column":8},"end":{"line":132,"column":9}},"type":"if","locations":[{"start":{"line":130,"column":8},"end":{"line":132,"column":9}},{"start":{},"end":{}}]},"14":{"loc":{"start":{"line":143,"column":6},"end":{"line":145,"column":7}},"type":"if","locations":[{"start":{"line":143,"column":6},"end":{"line":145,"column":7}},{"start":{},"end":{}}]}},"s":{"0":1,"1":1,"2":1,"3":0,"4":0,"5":0,"6":0,"7":0,"8":0,"9":0,"10":0,"11":0,"12":0,"13":0,"14":0,"15":0,"16":0,"17":0,"18":0,"19":0,"20":0,"21":0,"22":0,"23":0,"24":0,"25":0,"26":0,"27":0,"28":0,"29":0,"30":0,"31":0,"32":0,"33":0,"34":97,"35":97,"36":135,"37":135,"38":135,"39":0,"40":0,"41":0,"42":0,"43":0,"44":97,"45":24,"46":0,"47":24,"48":24,"49":23,"50":1,"51":1,"52":97,"53":14,"54":14,"55":14,"56":14,"57":14,"58":0,"59":97,"60":0,"61":0,"62":0,"63":0,"64":0,"65":97,"66":14,"67":97},"f":{"0":0,"1":0,"2":0,"3":0,"4":0,"5":97,"6":135,"7":24,"8":14,"9":0,"10":14},"b":{"0":[0,0],"1":[0,0],"2":[0,0],"3":[0,0],"4":[0,0],"5":[0,0],"6":[0,0],"7":[0,0],"8":[135,0],"9":[135,0],"10":[135,135],"11":[0,24],"12":[23,22],"13":[14,0],"14":[0,0]}}
,"C:\\Users\\User\\Documents\\react\\react\\rs-react-app\\src\\services\\LocalStorageService.ts": {"path":"C:\\Users\\User\\Documents\\react\\react\\rs-react-app\\src\\services\\LocalStorageService.ts","statementMap":{"0":{"start":{"line":4,"column":24},"end":{"line":4,"column":44}},"1":{"start":{"line":10,"column":2},"end":{"line":14,"column":3}},"2":{"start":{"line":11,"column":4},"end":{"line":11,"column":61}},"3":{"start":{"line":13,"column":4},"end":{"line":13,"column":71}},"4":{"start":{"line":21,"column":2},"end":{"line":26,"column":3}},"5":{"start":{"line":22,"column":4},"end":{"line":22,"column":55}},"6":{"start":{"line":24,"column":4},"end":{"line":24,"column":77}},"7":{"start":{"line":25,"column":4},"end":{"line":25,"column":14}},"8":{"start":{"line":33,"column":2},"end":{"line":37,"column":3}},"9":{"start":{"line":34,"column":4},"end":{"line":34,"column":45}},"10":{"start":{"line":36,"column":4},"end":{"line":36,"column":74}},"11":{"start":{"line":44,"column":2},"end":{"line":51,"column":3}},"12":{"start":{"line":45,"column":17},"end":{"line":45,"column":40}},"13":{"start":{"line":46,"column":4},"end":{"line":46,"column":37}},"14":{"start":{"line":47,"column":4},"end":{"line":47,"column":34}},"15":{"start":{"line":48,"column":4},"end":{"line":48,"column":16}},"16":{"start":{"line":50,"column":4},"end":{"line":50,"column":17}},"17":{"start":{"line":54,"column":13},"end":{"line":59,"column":2}}},"fnMap":{"0":{"name":"saveSearchTerm","decl":{"start":{"line":9,"column":9},"end":{"line":9,"column":23}},"loc":{"start":{"line":9,"column":42},"end":{"line":15,"column":1}}},"1":{"name":"getSavedSearchTerm","decl":{"start":{"line":20,"column":9},"end":{"line":20,"column":27}},"loc":{"start":{"line":20,"column":27},"end":{"line":27,"column":1}}},"2":{"name":"clearSearchTerm","decl":{"start":{"line":32,"column":9},"end":{"line":32,"column":24}},"loc":{"start":{"line":32,"column":24},"end":{"line":38,"column":1}}},"3":{"name":"isLocalStorageAvailable","decl":{"start":{"line":43,"column":9},"end":{"line":43,"column":32}},"loc":{"start":{"line":43,"column":32},"end":{"line":52,"column":1}}}},"branchMap":{"0":{"loc":{"start":{"line":22,"column":11},"end":{"line":22,"column":54}},"type":"binary-expr","locations":[{"start":{"line":22,"column":11},"end":{"line":22,"column":48}},{"start":{"line":22,"column":52},"end":{"line":22,"column":54}}]}},"s":{"0":1,"1":22,"2":22,"3":18,"4":109,"5":109,"6":3,"7":3,"8":5,"9":5,"10":4,"11":7,"12":7,"13":7,"14":2,"15":1,"16":6,"17":1},"f":{"0":22,"1":109,"2":5,"3":7},"b":{"0":[109,2]}}
[...]
,"C:\\Users\\User\\Documents\\react\\react\\rs-react-app\\src\\store\\slices\\seasonsSlice.ts": {"path":"C:\\Users\\User\\Documents\\react\\react\\rs-react-app\\src\\store\\slices\\seasonsSlice.ts","statementMap":{"0":{"start":{"line":1,"column":0},"end":{"line":1,"column":65}},"1":{"start":{"line":4,"column":0},"end":{"line":4,"column":60}},"2":{"start":{"line":5,"column":0},"end":{"line":5,"column":60}},"3":{"start":{"line":7,"column":35},"end":{"line":18,"column":2}},"4":{"start":{"line":21,"column":13},"end":{"line":65,"column":2}},"5":{"start":{"line":27,"column":4},"end":{"line":63,"column":5}},"6":{"start":{"line":29,"column":6},"end":{"line":36,"column":7}},"7":{"start":{"line":31,"column":28},"end":{"line":31,"column":52}},"8":{"start":{"line":32,"column":8},"end":{"line":35,"column":10}},"9":{"start":{"line":39,"column":23},"end":{"line":47,"column":null}},"10":{"start":{"line":50,"column":6},"end":{"line":52,"column":7}},"11":{"start":{"line":51,"column":8},"end":{"line":51,"column":66}},"12":{"start":{"line":54,"column":19},"end":{"line":54,"column":40}},"13":{"start":{"line":55,"column":6},"end":{"line":58,"column":8}},"14":{"start":{"line":60,"column":6},"end":{"line":62,"column":8}},"15":{"start":{"line":67,"column":21},"end":{"line":143,"column":2}},"16":{"start":{"line":72,"column":6},"end":{"line":72,"column":35}},"17":{"start":{"line":75,"column":6},"end":{"line":75,"column":25}},"18":{"start":{"line":76,"column":6},"end":{"line":76,"column":25}},"19":{"start":{"line":79,"column":6},"end":{"line":79,"column":35}},"20":{"start":{"line":80,"column":6},"end":{"line":80,"column":28}},"21":{"start":{"line":90,"column":6},"end":{"line":90,"column":45}},"22":{"start":{"line":91,"column":6},"end":{"line":91,"column":28}},"23":{"start":{"line":92,"column":6},"end":{"line":92,"column":49}},"24":{"start":{"line":95,"column":26},"end":{"line":95,"column":57}},"25":{"start":{"line":96,"column":25},"end":{"line":96,"column":54}},"26":{"start":{"line":97,"column":25},"end":{"line":97,"column":78}},"27":{"start":{"line":99,"column":6},"end":{"line":104,"column":8}},"28":{"start":{"line":107,"column":6},"end":{"line":107,"column":37}},"29":{"start":{"line":110,"column":6},"end":{"line":110,"column":52}},"30":{"start":{"line":114,"column":4},"end":{"line":141,"column":9}},"31":{"start":{"line":116,"column":8},"end":{"line":116,"column":29}},"32":{"start":{"line":117,"column":8},"end":{"line":117,"column":27}},"33":{"start":{"line":120,"column":8},"end":{"line":120,"column":30}},"34":{"start":{"line":121,"column":8},"end":{"line":121,"column":47}},"35":{"start":{"line":122,"column":8},"end":{"line":122,"column":27}},"36":{"start":{"line":125,"column":28},"end":{"line":125,"column":59}},"37":{"start":{"line":126,"column":27},"end":{"line":126,"column":56}},"38":{"start":{"line":127,"column":27},"end":{"line":128,"column":null}},"39":{"start":{"line":131,"column":8},"end":{"line":136,"column":10}},"40":{"start":{"line":139,"column":8},"end":{"line":139,"column":30}},"41":{"start":{"line":140,"column":8},"end":{"line":140,"column":47}},"42":{"start":{"line":145,"column":13},"end":{"line":151,"column":null}},"43":{"start":{"line":153,"column":0},"end":{"line":153,"column":36}}},"fnMap":{"0":{"name":"(anonymous_0)","decl":{"start":{"line":23,"column":2},"end":{"line":23,"column":7}},"loc":{"start":{"line":26,"column":6},"end":{"line":64,"column":3}}},"1":{"name":"(anonymous_1)","decl":{"start":{"line":71,"column":14},"end":{"line":71,"column":15}},"loc":{"start":{"line":71,"column":55},"end":{"line":73,"column":5}}},"2":{"name":"(anonymous_2)","decl":{"start":{"line":74,"column":18},"end":{"line":74,"column":19}},"loc":{"start":{"line":74,"column":28},"end":{"line":77,"column":5}}},"3":{"name":"(anonymous_3)","decl":{"start":{"line":78,"column":14},"end":{"line":78,"column":15}},"loc":{"start":{"line":78,"column":55},"end":{"line":81,"column":5}}},"4":{"name":"(anonymous_4)","decl":{"start":{"line":82,"column":16},"end":{"line":82,"column":null}},"loc":{"start":{"line":89,"column":8},"end":{"line":105,"column":5}}},"5":{"name":"(anonymous_5)","decl":{"start":{"line":106,"column":16},"end":{"line":106,"column":17}},"loc":{"start":{"line":106,"column":58},"end":{"line":108,"column":5}}},"6":{"name":"(anonymous_6)","decl":{"start":{"line":109,"column":20},"end":{"line":109,"column":21}},"loc":{"start":{"line":109,"column":61},"end":{"line":111,"column":5}}},"7":{"name":"(anonymous_7)","decl":{"start":{"line":113,"column":17},"end":{"line":113,"column":18}},"loc":{"start":{"line":113,"column":29},"end":{"line":142,"column":3}}},"8":{"name":"(anonymous_8)","decl":{"start":{"line":115,"column":42},"end":{"line":115,"column":43}},"loc":{"start":{"line":115,"column":52},"end":{"line":118,"column":7}}},"9":{"name":"(anonymous_9)","decl":{"start":{"line":119,"column":44},"end":{"line":119,"column":45}},"loc":{"start":{"line":119,"column":62},"end":{"line":137,"column":7}}},"10":{"name":"(anonymous_10)","decl":{"start":{"line":138,"column":43},"end":{"line":138,"column":44}},"loc":{"start":{"line":138,"column":61},"end":{"line":141,"column":7}}}},"branchMap":{"0":{"loc":{"start":{"line":24,"column":13},"end":{"line":24,"column":21}},"type":"default-arg","locations":[{"start":{"line":24,"column":20},"end":{"line":24,"column":21}}]},"1":{"loc":{"start":{"line":29,"column":6},"end":{"line":36,"column":7}},"type":"if","locations":[{"start":{"line":29,"column":6},"end":{"line":36,"column":7}},{"start":{},"end":{}}]},"2":{"loc":{"start":{"line":50,"column":6},"end":{"line":52,"column":7}},"type":"if","locations":[{"start":{"line":50,"column":6},"end":{"line":52,"column":7}},{"start":{},"end":{}}]},"3":{"loc":{"start":{"line":56,"column":17},"end":{"line":56,"column":35}},"type":"binary-expr","locations":[{"start":{"line":56,"column":17},"end":{"line":56,"column":29}},{"start":{"line":56,"column":33},"end":{"line":56,"column":35}}]},"4":{"loc":{"start":{"line":61,"column":8},"end":{"line":61,"column":68}},"type":"cond-expr","locations":[{"start":{"line":61,"column":33},"end":{"line":61,"column":46}},{"start":{"line":61,"column":49},"end":{"line":61,"column":68}}]},"5":{"loc":{"start":{"line":92,"column":20},"end":{"line":92,"column":48}},"type":"binary-expr","locations":[{"start":{"line":92,"column":20},"end":{"line":92,"column":40}},{"start":{"line":92,"column":44},"end":{"line":92,"column":48}}]},"6":{"loc":{"start":{"line":95,"column":26},"end":{"line":95,"column":57}},"type":"binary-expr","locations":[{"start":{"line":95,"column":26},"end":{"line":95,"column":52}},{"start":{"line":95,"column":56},"end":{"line":95,"column":57}}]},"7":{"loc":{"start":{"line":125,"column":28},"end":{"line":125,"column":59}},"type":"binary-expr","locations":[{"start":{"line":125,"column":28},"end":{"line":125,"column":54}},{"start":{"line":125,"column":58},"end":{"line":125,"column":59}}]}},"s":{"0":18,"1":18,"2":18,"3":18,"4":18,"5":0,"6":0,"7":0,"8":0,"9":0,"10":0,"11":0,"12":0,"13":0,"14":0,"15":18,"16":1,"17":0,"18":0,"19":0,"20":0,"21":34,"22":34,"23":34,"24":34,"25":34,"26":34,"27":34,"28":38,"29":24,"30":10,"31":0,"32":0,"33":0,"34":0,"35":0,"36":0,"37":0,"38":0,"39":0,"40":0,"41":0,"42":18,"43":18},"f":{"0":0,"1":1,"2":0,"3":0,"4":34,"5":38,"6":24,"7":10,"8":0,"9":0,"10":0},"b":{"0":[0],"1":[0,0],"2":[0,0],"3":[0,0],"4":[0,0],"5":[34,0],"6":[34,0],"7":[0,0]}}
,"C:\\Users\\User\\Documents\\react\\react\\rs-react-app\\src\\store\\slices\\selectedItemsSlice.ts": {"path":"C:\\Users\\User\\Documents\\react\\react\\rs-react-app\\src\\store\\slices\\selectedItemsSlice.ts","statementMap":{"0":{"start":{"line":1,"column":0},"end":{"line":1,"column":47}},"1":{"start":{"line":5,"column":41},"end":{"line":9,"column":2}},"2":{"start":{"line":11,"column":27},"end":{"line":56,"column":2}},"3":{"start":{"line":16,"column":21},"end":{"line":16,"column":35}},"4":{"start":{"line":17,"column":28},"end":{"line":18,"column":null}},"5":{"start":{"line":18,"column":18},"end":{"line":18,"column":41}},"6":{"start":{"line":21,"column":6},"end":{"line":27,"column":7}},"7":{"start":{"line":23,"column":8},"end":{"line":23,"column":55}},"8":{"start":{"line":26,"column":8},"end":{"line":26,"column":43}},"9":{"start":{"line":29,"column":6},"end":{"line":29,"column":40}},"10":{"start":{"line":33,"column":6},"end":{"line":33,"column":50}},"11":{"start":{"line":37,"column":6},"end":{"line":37,"column":33}},"12":{"start":{"line":38,"column":6},"end":{"line":38,"column":34}},"13":{"start":{"line":42,"column":6},"end":{"line":42,"column":43}},"14":{"start":{"line":43,"column":6},"end":{"line":47,"column":7}},"15":{"start":{"line":45,"column":8},"end":{"line":45,"column":35}},"16":{"start":{"line":46,"column":8},"end":{"line":46,"column":36}},"17":{"start":{"line":51,"column":6},"end":{"line":53,"column":8}},"18":{"start":{"line":52,"column":18},"end":{"line":52,"column":45}},"19":{"start":{"line":58,"column":13},"end":{"line":63,"column":null}},"20":{"start":{"line":66,"column":0},"end":{"line":66,"column":42}}},"fnMap":{"0":{"name":"(anonymous_0)","decl":{"start":{"line":15,"column":21},"end":{"line":15,"column":22}},"loc":{"start":{"line":15,"column":62},"end":{"line":30,"column":5}}},"1":{"name":"(anonymous_1)","decl":{"start":{"line":18,"column":8},"end":{"line":18,"column":9}},"loc":{"start":{"line":18,"column":18},"end":{"line":18,"column":41}}},"2":{"name":"(anonymous_2)","decl":{"start":{"line":32,"column":15},"end":{"line":32,"column":16}},"loc":{"start":{"line":32,"column":58},"end":{"line":34,"column":5}}},"3":{"name":"(anonymous_3)","decl":{"start":{"line":36,"column":20},"end":{"line":36,"column":21}},"loc":{"start":{"line":36,"column":30},"end":{"line":39,"column":5}}},"4":{"name":"(anonymous_4)","decl":{"start":{"line":41,"column":22},"end":{"line":41,"column":23}},"loc":{"start":{"line":41,"column":64},"end":{"line":48,"column":5}}},"5":{"name":"(anonymous_5)","decl":{"start":{"line":50,"column":20},"end":{"line":50,"column":21}},"loc":{"start":{"line":50,"column":61},"end":{"line":54,"column":5}}},"6":{"name":"(anonymous_6)","decl":{"start":{"line":52,"column":8},"end":{"line":52,"column":9}},"loc":{"start":{"line":52,"column":18},"end":{"line":52,"column":45}}}},"branchMap":{"0":{"loc":{"start":{"line":21,"column":6},"end":{"line":27,"column":7}},"type":"if","locations":[{"start":{"line":21,"column":6},"end":{"line":27,"column":7}},{"start":{"line":24,"column":13},"end":{"line":27,"column":7}}]},"1":{"loc":{"start":{"line":43,"column":6},"end":{"line":47,"column":7}},"type":"if","locations":[{"start":{"line":43,"column":6},"end":{"line":47,"column":7}},{"start":{},"end":{}}]}},"s":{"0":18,"1":18,"2":18,"3":3,"4":3,"5":2,"6":3,"7":1,"8":2,"9":3,"10":1,"11":2,"12":2,"13":2,"14":2,"15":1,"16":1,"17":2,"18":3,"19":18,"20":18},"f":{"0":3,"1":2,"2":1,"3":2,"4":2,"5":2,"6":3},"b":{"0":[1,2],"1":[1,1]}}
,"C:\\Users\\User\\Documents\\react\\react\\rs-react-app\\src\\utils\\fileDownload.ts": {"path":"C:\\Users\\User\\Documents\\react\\react\\rs-react-app\\src\\utils\\fileDownload.ts","statementMap":{"0":{"start":{"line":10,"column":28},"end":{"line":46,"column":1}},"1":{"start":{"line":15,"column":2},"end":{"line":45,"column":3}},"2":{"start":{"line":17,"column":17},"end":{"line":19,"column":6}},"3":{"start":{"line":22,"column":16},"end":{"line":22,"column":41}},"4":{"start":{"line":25,"column":19},"end":{"line":29,"column":6}},"5":{"start":{"line":32,"column":4},"end":{"line":32,"column":19}},"6":{"start":{"line":35,"column":4},"end":{"line":35,"column":29}},"7":{"start":{"line":37,"column":4},"end":{"line":37,"column":53}},"8":{"start":{"line":39,"column":17},"end":{"line":41,"column":6}},"9":{"start":{"line":42,"column":16},"end":{"line":42,"column":41}},"10":{"start":{"line":43,"column":4},"end":{"line":43,"column":31}},"11":{"start":{"line":44,"column":4},"end":{"line":44,"column":29}},"12":{"start":{"line":10,"column":13},"end":{"line":10,"column":28}},"13":{"start":{"line":51,"column":26},"end":{"line":79,"column":1}},"14":{"start":{"line":55,"column":2},"end":{"line":55,"column":35}},"15":{"start":{"line":55,"column":25},"end":{"line":55,"column":35}},"16":{"start":{"line":57,"column":18},"end":{"line":76,"column":4}},"17":{"start":{"line":60,"column":6},"end":{"line":74,"column":18}},"18":{"start":{"line":62,"column":24},"end":{"line":62,"column":76}},"19":{"start":{"line":63,"column":30},"end":{"line":63,"column":43}},"20":{"start":{"line":65,"column":10},"end":{"line":71,"column":11}},"21":{"start":{"line":70,"column":12},"end":{"line":70,"column":58}},"22":{"start":{"line":72,"column":10},"end":{"line":72,"column":29}},"23":{"start":{"line":78,"column":2},"end":{"line":78,"column":28}},"24":{"start":{"line":51,"column":13},"end":{"line":51,"column":26}}},"fnMap":{"0":{"name":"(anonymous_0)","decl":{"start":{"line":10,"column":28},"end":{"line":10,"column":29}},"loc":{"start":{"line":14,"column":28},"end":{"line":46,"column":1}}},"1":{"name":"(anonymous_1)","decl":{"start":{"line":51,"column":26},"end":{"line":51,"column":null}},"loc":{"start":{"line":54,"column":12},"end":{"line":79,"column":1}}},"2":{"name":"(anonymous_2)","decl":{"start":{"line":59,"column":16},"end":{"line":59,"column":17}},"loc":{"start":{"line":60,"column":6},"end":{"line":74,"column":18}}},"3":{"name":"(anonymous_3)","decl":{"start":{"line":61,"column":13},"end":{"line":61,"column":14}},"loc":{"start":{"line":61,"column":24},"end":{"line":73,"column":9}}}},"branchMap":{"0":{"loc":{"start":{"line":13,"column":2},"end":{"line":13,"column":25}},"type":"default-arg","locations":[{"start":{"line":13,"column":13},"end":{"line":13,"column":25}}]},"1":{"loc":{"start":{"line":17,"column":27},"end":{"line":17,"column":40}},"type":"binary-expr","locations":[{"start":{"line":17,"column":27},"end":{"line":17,"column":34}},{"start":{"line":17,"column":38},"end":{"line":17,"column":40}}]},"2":{"loc":{"start":{"line":39,"column":27},"end":{"line":39,"column":40}},"type":"binary-expr","locations":[{"start":{"line":39,"column":27},"end":{"line":39,"column":34}},{"start":{"line":39,"column":38},"end":{"line":39,"column":40}}]},"3":{"loc":{"start":{"line":55,"column":2},"end":{"line":55,"column":35}},"type":"if","locations":[{"start":{"line":55,"column":2},"end":{"line":55,"column":35}},{"start":{},"end":{}}]},"4":{"loc":{"start":{"line":62,"column":24},"end":{"line":62,"column":76}},"type":"binary-expr","locations":[{"start":{"line":62,"column":24},"end":{"line":62,"column":70}},{"start":{"line":62,"column":74},"end":{"line":62,"column":76}}]},"5":{"loc":{"start":{"line":65,"column":10},"end":{"line":71,"column":11}},"type":"if","locations":[{"start":{"line":65,"column":10},"end":{"line":71,"column":11}},{"start":{},"end":{}}]},"6":{"loc":{"start":{"line":66,"column":12},"end":{"line":68,"column":38}},"type":"binary-expr","locations":[{"start":{"line":66,"column":12},"end":{"line":66,"column":37}},{"start":{"line":67,"column":12},"end":{"line":67,"column":37}},{"start":{"line":68,"column":12},"end":{"line":68,"column":38}}]}},"s":{"0":2,"1":3,"2":3,"3":3,"4":3,"5":2,"6":2,"7":1,"8":1,"9":1,"10":1,"11":1,"12":2,"13":2,"14":8,"15":1,"16":7,"17":9,"18":20,"19":20,"20":20,"21":3,"22":17,"23":7,"24":2},"f":{"0":3,"1":8,"2":9,"3":20},"b":{"0":[2],"1":[3,0],"2":[1,0],"3":[1,7],"4":[20,2],"5":[3,17],"6":[20,19,18]}}
,"C:\\Users\\User\\Documents\\react\\react\\rs-react-app\\src\\utils\\pagination.ts": {"path":"C:\\Users\\User\\Documents\\react\\react\\rs-react-app\\src\\utils\\pagination.ts","statementMap":{"0":{"start":{"line":7,"column":0},"end":{"line":7,"column":16}},"1":{"start":{"line":30,"column":0},"end":{"line":30,"column":16}},"2":{"start":{"line":54,"column":0},"end":{"line":54,"column":16}},"3":{"start":{"line":63,"column":0},"end":{"line":63,"column":16}},"4":{"start":{"line":82,"column":0},"end":{"line":82,"column":16}},"5":{"start":{"line":101,"column":0},"end":{"line":101,"column":16}},"6":{"start":{"line":12,"column":21},"end":{"line":12,"column":57}},"7":{"start":{"line":13,"column":27},"end":{"line":13,"column":73}},"8":{"start":{"line":14,"column":21},"end":{"line":14,"column":58}},"9":{"start":{"line":15,"column":19},"end":{"line":15,"column":66}},"10":{"start":{"line":17,"column":2},"end":{"line":24,"column":4}},"11":{"start":{"line":35,"column":25},"end":{"line":38,"column":null}},"12":{"start":{"line":40,"column":25},"end":{"line":42,"column":null}},"13":{"start":{"line":45,"column":2},"end":{"line":48,"column":4}},"14":{"start":{"line":55,"column":20},"end":{"line":55,"column":44}},"15":{"start":{"line":56,"column":15},"end":{"line":56,"column":54}},"16":{"start":{"line":57,"column":2},"end":{"line":57,"column":44}},"17":{"start":{"line":68,"column":20},"end":{"line":68,"column":53}},"18":{"start":{"line":70,"column":2},"end":{"line":74,"column":3}},"19":{"start":{"line":71,"column":4},"end":{"line":71,"column":29}},"20":{"start":{"line":73,"column":4},"end":{"line":73,"column":43}},"21":{"start":{"line":76,"column":2},"end":{"line":76,"column":29}},"22":{"start":{"line":87,"column":20},"end":{"line":87,"column":53}},"23":{"start":{"line":89,"column":2},"end":{"line":93,"column":3}},"24":{"start":{"line":90,"column":4},"end":{"line":90,"column":40}},"25":{"start":{"line":92,"column":4},"end":{"line":92,"column":32}},"26":{"start":{"line":95,"column":2},"end":{"line":95,"column":29}},"27":{"start":{"line":104,"column":2},"end":{"line":104,"column":37}}},"fnMap":{"0":{"name":"calculatePagination","decl":{"start":{"line":7,"column":16},"end":{"line":7,"column":35}},"loc":{"start":{"line":10,"column":22},"end":{"line":25,"column":1}}},"1":{"name":"getPaginatedItems","decl":{"start":{"line":30,"column":16},"end":{"line":30,"column":33}},"loc":{"start":{"line":33,"column":22},"end":{"line":49,"column":1}}},"2":{"name":"getPageFromUrl","decl":{"start":{"line":54,"column":16},"end":{"line":54,"column":30}},"loc":{"start":{"line":54,"column":60},"end":{"line":58,"column":1}}},"3":{"name":"updateUrlWithPage","decl":{"start":{"line":63,"column":16},"end":{"line":63,"column":33}},"loc":{"start":{"line":66,"column":52},"end":{"line":77,"column":1}}},"4":{"name":"updateUrlWithDetails","decl":{"start":{"line":82,"column":16},"end":{"line":82,"column":36}},"loc":{"start":{"line":85,"column":52},"end":{"line":96,"column":1}}},"5":{"name":"getDetailsFromUrl","decl":{"start":{"line":101,"column":16},"end":{"line":101,"column":33}},"loc":{"start":{"line":102,"column":31},"end":{"line":105,"column":1}}}},"branchMap":{"0":{"loc":{"start":{"line":56,"column":15},"end":{"line":56,"column":54}},"type":"cond-expr","locations":[{"start":{"line":56,"column":27},"end":{"line":56,"column":50}},{"start":{"line":56,"column":53},"end":{"line":56,"column":54}}]},"1":{"loc":{"start":{"line":57,"column":9},"end":{"line":57,"column":43}},"type":"cond-expr","locations":[{"start":{"line":57,"column":35},"end":{"line":57,"column":36}},{"start":{"line":57,"column":39},"end":{"line":57,"column":43}}]},"2":{"loc":{"start":{"line":57,"column":9},"end":{"line":57,"column":32}},"type":"binary-expr","locations":[{"start":{"line":57,"column":9},"end":{"line":57,"column":20}},{"start":{"line":57,"column":24},"end":{"line":57,"column":32}}]},"3":{"loc":{"start":{"line":70,"column":2},"end":{"line":74,"column":3}},"type":"if","locations":[{"start":{"line":70,"column":2},"end":{"line":74,"column":3}},{"start":{"line":72,"column":9},"end":{"line":74,"column":3}}]},"4":{"loc":{"start":{"line":89,"column":2},"end":{"line":93,"column":3}},"type":"if","locations":[{"start":{"line":89,"column":2},"end":{"line":93,"column":3}},{"start":{"line":91,"column":9},"end":{"line":93,"column":3}}]}},"s":{"0":2,"1":2,"2":2,"3":2,"4":2,"5":2,"6":104,"7":104,"8":104,"9":104,"10":104,"11":100,"12":100,"13":100,"14":27,"15":27,"16":27,"17":2,"18":2,"19":1,"20":1,"21":2,"22":2,"23":2,"24":1,"25":1,"26":2,"27":26},"f":{"0":104,"1":100,"2":27,"3":2,"4":2,"5":26},"b":{"0":[2,25],"1":[1,26],"2":[27,26],"3":[1,1],"4":[1,1]}}
}
