TN:
SF:src\App.tsx
FN:25,(anonymous_1)
FN:30,(anonymous_2)
FN:32,(anonymous_3)
FN:34,(anonymous_4)
FN:40,(anonymous_5)
FN:47,(anonymous_6)
FN:54,(anonymous_7)
FN:64,(anonymous_8)
FN:83,(anonymous_9)
FN:104,(anonymous_10)
FN:117,(anonymous_11)
FN:149,(anonymous_12)
FNF:12
FNH:9
FNDA:132,(anonymous_1)
FNDA:252,(anonymous_2)
FNDA:252,(anonymous_3)
FNDA:252,(anonymous_4)
FNDA:26,(anonymous_5)
FNDA:54,(anonymous_6)
FNDA:15,(anonymous_7)
FNDA:0,(anonymous_8)
FNDA:0,(anonymous_9)
FNDA:0,(anonymous_10)
FNDA:39,(anonymous_11)
FNDA:24,(anonymous_12)
DA:1,1
DA:2,1
DA:3,1
DA:4,1
DA:5,1
DA:10,1
DA:15,1
DA:17,1
DA:23,1
DA:25,1
DA:26,132
DA:27,132
DA:28,132
DA:29,132
DA:30,252
DA:32,252
DA:33,132
DA:34,252
DA:36,132
DA:37,132
DA:39,132
DA:41,26
DA:46,132
DA:49,54
DA:54,132
DA:55,15
DA:56,15
DA:58,15
DA:59,15
DA:60,15
DA:63,132
DA:67,0
DA:69,0
DA:70,0
DA:71,0
DA:72,0
DA:74,0
DA:77,0
DA:82,132
DA:84,0
DA:87,0
DA:88,0
DA:91,0
DA:95,0
DA:96,0
DA:98,0
DA:104,132
DA:105,0
DA:108,0
DA:109,0
DA:110,0
DA:112,0
DA:117,132
DA:119,39
DA:120,39
DA:121,39
DA:126,39
DA:127,16
DA:131,39
DA:134,39
DA:149,132
DA:150,24
DA:154,0
DA:159,132
DA:165,132
DA:182,1
LF:66
LH:46
BRDA:47,0,0,0
BRDA:67,1,0,0
BRDA:67,1,1,0
BRDA:69,2,0,0
BRDA:69,2,1,0
BRDA:71,3,0,0
BRDA:71,3,1,0
BRDA:87,4,0,0
BRDA:87,4,1,0
BRDA:95,5,0,0
BRDA:95,5,1,0
BRDA:109,6,0,0
BRDA:109,6,1,0
BRDA:119,7,0,0
BRDA:119,7,1,39
BRDA:121,8,0,39
BRDA:121,8,1,39
BRDA:126,9,0,16
BRDA:126,9,1,23
BRDA:150,10,0,0
BRDA:150,10,1,24
BRDA:151,11,0,24
BRDA:151,11,1,24
BRDA:151,11,2,24
BRF:24
BRH:9
end_of_record
TN:
SF:src\__tests__\test-utils.tsx
FN:22,(anonymous_5)
FN:30,(anonymous_6)
FN:59,(anonymous_7)
FN:67,(anonymous_8)
FN:77,(anonymous_9)
FN:90,Wrapper
FNF:6
FNH:6
FNDA:71,(anonymous_5)
FNDA:54,(anonymous_6)
FNDA:165,(anonymous_7)
FNDA:165,(anonymous_8)
FNDA:165,(anonymous_9)
FNDA:188,Wrapper
DA:1,17
DA:2,17
DA:3,17
DA:4,17
DA:5,17
DA:7,17
DA:8,17
DA:9,17
DA:10,17
DA:14,17
DA:22,17
DA:23,71
DA:30,17
DA:31,54
DA:32,54
DA:33,54
DA:34,54
DA:35,54
DA:39,17
DA:59,17
DA:60,165
DA:68,165
DA:77,17
DA:91,188
DA:102,165
DA:105,17
DA:106,17
LF:27
LH:27
BRDA:79,0,0,147
BRDA:81,1,0,147
BRDA:82,2,0,165
BRF:3
BRH:3
end_of_record
TN:
SF:src\__tests__\mocks\api.ts
FN:5,(anonymous_0)
FN:10,(anonymous_1)
FN:14,(anonymous_2)
FN:27,(anonymous_3)
FN:35,(anonymous_4)
FN:39,(anonymous_5)
FN:44,(anonymous_6)
FNF:7
FNH:5
FNDA:41,(anonymous_0)
FNDA:13,(anonymous_1)
FNDA:13,(anonymous_2)
FNDA:2,(anonymous_3)
FNDA:0,(anonymous_4)
FNDA:0,(anonymous_5)
FNDA:24,(anonymous_6)
DA:2,17
DA:5,17
DA:6,41
DA:10,17
DA:11,13
DA:14,13
DA:27,17
DA:31,2
DA:35,0
DA:39,17
DA:40,0
DA:44,17
DA:45,24
LF:13
LH:11
BRDA:28,0,0,0
BRDA:29,1,0,1
BRF:2
BRH:1
end_of_record
TN:
SF:src\components\common\Pagination.tsx
FN:5,(anonymous_1)
FN:19,(anonymous_2)
FN:64,(anonymous_3)
FN:72,(anonymous_4)
FN:83,(anonymous_5)
FN:95,(anonymous_6)
FNF:6
FNH:3
FNDA:139,(anonymous_1)
FNDA:6,(anonymous_2)
FNDA:0,(anonymous_3)
FNDA:32,(anonymous_4)
FNDA:0,(anonymous_5)
FNDA:0,(anonymous_6)
DA:1,2
DA:3,2
DA:5,2
DA:12,139
DA:13,133
DA:16,6
DA:17,6
DA:19,6
DA:20,6
DA:21,6
DA:23,6
DA:25,5
DA:26,23
DA:30,1
DA:31,1
DA:33,1
DA:34,1
DA:35,1
DA:38,1
DA:39,5
DA:42,1
DA:43,1
DA:44,1
DA:48,6
DA:51,6
DA:53,6
DA:64,0
DA:73,32
DA:83,0
DA:95,0
DA:106,2
LF:31
LH:28
BRDA:12,0,0,133
BRDA:12,0,1,6
BRDA:23,1,0,5
BRDA:23,1,1,1
BRDA:33,2,0,1
BRDA:33,2,1,0
BRDA:35,3,0,1
BRDA:35,3,1,0
BRDA:42,4,0,1
BRDA:42,4,1,0
BRDA:43,5,0,1
BRDA:43,5,1,0
BRDA:73,6,0,2
BRDA:73,6,1,30
BRDA:81,7,0,6
BRDA:81,7,1,24
BRDA:85,8,0,6
BRDA:85,8,1,24
BRF:18
BRH:14
end_of_record
TN:
SF:src\components\common\ThemeToggle.tsx
FN:5,(anonymous_1)
FNF:1
FNH:1
FNDA:152,(anonymous_1)
DA:1,2
DA:2,2
DA:3,2
DA:5,2
DA:6,152
DA:8,152
DA:20,2
LF:7
LH:7
BRDA:12,0,0,149
BRDA:12,0,1,3
BRDA:13,1,0,149
BRDA:13,1,1,3
BRDA:15,2,0,149
BRDA:15,2,1,3
BRF:6
BRH:6
end_of_record
TN:
SF:src\components\details\ItemDetails.tsx
FN:7,(anonymous_1)
FN:10,(anonymous_2)
FN:13,(anonymous_3)
FN:127,(anonymous_4)
FNF:4
FNH:4
FNDA:142,(anonymous_1)
FNDA:272,(anonymous_2)
FNDA:1,(anonymous_3)
FNDA:10,(anonymous_4)
DA:1,2
DA:2,2
DA:3,2
DA:4,2
DA:5,2
DA:7,2
DA:8,142
DA:9,142
DA:10,272
DA:13,142
DA:14,1
DA:17,142
DA:18,134
DA:21,8
DA:128,10
DA:198,2
LF:16
LH:16
BRDA:17,0,0,134
BRDA:17,0,1,8
BRDA:37,1,0,8
BRDA:37,1,1,1
BRDA:44,2,0,8
BRDA:44,2,1,1
BRDA:49,3,0,0
BRDA:49,3,1,1
BRDA:49,4,0,1
BRDA:49,4,1,1
BRDA:64,5,0,8
BRDA:64,5,1,6
BRDA:64,5,2,6
BRDA:68,6,0,6
BRDA:68,6,1,2
BRDA:80,7,0,6
BRDA:80,7,1,5
BRDA:82,8,0,6
BRDA:82,8,1,2
BRDA:92,9,0,6
BRDA:92,9,1,2
BRDA:105,10,0,6
BRDA:105,10,1,1
BRDA:113,11,0,1
BRDA:113,11,1,1
BRDA:123,12,0,6
BRDA:123,12,1,3
BRDA:123,12,2,3
BRDA:135,13,0,3
BRDA:135,13,1,1
BRDA:145,14,0,6
BRDA:145,14,1,5
BRDA:145,14,2,5
BRDA:145,14,3,1
BRDA:151,15,0,1
BRDA:151,15,1,1
BRDA:157,16,0,1
BRDA:157,16,1,0
BRDA:163,17,0,1
BRDA:163,17,1,0
BRDA:169,18,0,1
BRDA:169,18,1,0
BRDA:175,19,0,1
BRDA:175,19,1,0
BRDA:181,20,0,1
BRDA:181,20,1,0
BRF:46
BRH:40
end_of_record
TN:
SF:src\components\download\DownloadFlyout.tsx
FN:8,(anonymous_1)
FN:10,(anonymous_2)
FN:16,(anonymous_3)
FN:20,(anonymous_4)
FN:21,(anonymous_5)
FN:33,(anonymous_6)
FN:50,(anonymous_7)
FN:52,(anonymous_8)
FNF:8
FNH:8
FNDA:142,(anonymous_1)
FNDA:272,(anonymous_2)
FNDA:1,(anonymous_3)
FNDA:5,(anonymous_4)
FNDA:7,(anonymous_5)
FNDA:5,(anonymous_6)
FNDA:7,(anonymous_7)
FNDA:56,(anonymous_8)
DA:1,2
DA:2,2
DA:3,2
DA:5,2
DA:6,2
DA:8,2
DA:9,142
DA:10,272
DA:12,142
DA:13,134
DA:16,8
DA:17,1
DA:20,8
DA:21,7
DA:33,8
DA:34,5
DA:45,5
DA:47,5
DA:51,7
DA:53,56
DA:55,56
DA:60,2
DA:62,54
DA:68,5
DA:70,5
DA:78,8
DA:80,8
DA:115,2
LF:28
LH:28
BRDA:12,0,0,134
BRDA:12,0,1,8
BRDA:22,1,0,7
BRDA:22,1,1,0
BRDA:23,2,0,7
BRDA:23,2,1,1
BRDA:25,3,0,7
BRDA:25,3,1,2
BRDA:26,4,0,7
BRDA:26,4,1,4
BRDA:27,5,0,7
BRDA:27,5,1,4
BRDA:28,6,0,7
BRDA:28,6,1,0
BRDA:29,7,0,7
BRDA:29,7,1,0
BRDA:55,8,0,2
BRDA:55,8,1,54
BRDA:56,9,0,56
BRDA:56,9,1,55
BRDA:56,9,2,55
BRDA:78,10,0,4
BRDA:78,10,1,4
BRF:23
BRH:20
end_of_record
TN:
SF:src\components\error\Error.tsx
FN:7,(anonymous_1)
FN:20,(anonymous_2)
FN:12,(anonymous_3)
FN:16,(anonymous_4)
FN:24,(anonymous_5)
FNF:5
FNH:5
FNDA:60,(anonymous_1)
FNDA:3,(anonymous_2)
FNDA:36,(anonymous_3)
FNDA:18,(anonymous_4)
FNDA:208,(anonymous_5)
DA:1,2
DA:3,2
DA:8,60
DA:9,59
DA:13,36
DA:17,18
DA:20,59
DA:21,3
DA:25,208
DA:26,36
DA:34,172
LF:11
LH:11
BRDA:25,0,0,36
BRDA:25,0,1,172
BRF:2
BRH:2
end_of_record
TN:
SF:src\components\error\ErrorButton.tsx
FN:1,(anonymous_0)
FN:2,(anonymous_1)
FNF:2
FNH:1
FNDA:151,(anonymous_0)
FNDA:0,(anonymous_1)
DA:1,2
DA:2,151
DA:3,0
DA:6,151
DA:13,2
LF:5
LH:4
BRF:0
BRH:0
end_of_record
TN:
SF:src\components\footer\Footer.tsx
FN:5,(anonymous_1)
FNF:1
FNH:1
FNDA:132,(anonymous_1)
DA:1,1
DA:2,1
DA:3,1
DA:5,1
DA:6,132
DA:39,1
LF:6
LH:6
BRF:0
BRH:0
end_of_record
TN:
SF:src\components\header\Header.tsx
FN:8,(anonymous_1)
FNF:1
FNH:1
FNDA:152,(anonymous_1)
DA:1,2
DA:2,2
DA:3,2
DA:4,2
DA:5,2
DA:8,2
DA:9,152
DA:40,2
LF:8
LH:8
BRF:0
BRH:0
end_of_record
TN:
SF:src\components\header\search\Button.tsx
FN:3,(anonymous_0)
FNF:1
FNH:1
FNDA:165,(anonymous_0)
DA:3,3
DA:4,165
DA:11,3
LF:3
LH:3
BRF:0
BRH:0
end_of_record
TN:
SF:src\components\header\search\Input.tsx
FN:3,(anonymous_0)
FN:10,(anonymous_1)
FNF:2
FNH:2
FNDA:163,(anonymous_0)
FNDA:4,(anonymous_1)
DA:3,3
DA:4,163
DA:11,4
DA:12,2
DA:19,3
LF:5
LH:5
BRDA:9,0,0,163
BRDA:9,0,1,1
BRDA:11,1,0,2
BRDA:11,1,1,2
BRF:4
BRH:4
end_of_record
TN:
SF:src\components\layout\AppContainer.tsx
FN:15,(anonymous_1)
FNF:1
FNH:1
FNDA:132,(anonymous_1)
DA:2,1
DA:3,1
DA:4,1
DA:5,1
DA:6,1
DA:7,1
DA:8,1
DA:9,1
DA:10,1
DA:15,1
DA:26,132
DA:64,1
LF:12
LH:12
BRDA:24,0,0,0
BRDA:27,1,0,0
BRDA:27,1,1,132
BRDA:39,2,0,132
BRDA:39,2,1,132
BRDA:39,2,2,132
BRF:6
BRH:4
end_of_record
TN:
SF:src\components\loader\Loader.tsx
FN:4,(anonymous_1)
FNF:1
FNH:1
FNDA:107,(anonymous_1)
DA:1,4
DA:2,4
DA:4,4
DA:5,107
DA:8,4
LF:5
LH:5
BRF:0
BRH:0
end_of_record
TN:
SF:src\components\main\ResultsContainer.tsx
FN:10,(anonymous_1)
FN:17,(anonymous_2)
FN:25,(anonymous_3)
FN:36,(anonymous_4)
FN:37,(anonymous_5)
FN:49,(anonymous_6)
FN:53,(anonymous_7)
FN:60,(anonymous_8)
FNF:8
FNH:4
FNDA:156,(anonymous_1)
FNDA:298,(anonymous_2)
FNDA:0,(anonymous_3)
FNDA:132,(anonymous_4)
FNDA:0,(anonymous_5)
FNDA:132,(anonymous_6)
FNDA:0,(anonymous_7)
FNDA:0,(anonymous_8)
DA:3,2
DA:4,2
DA:5,2
DA:6,2
DA:7,2
DA:8,2
DA:10,2
DA:15,156
DA:16,156
DA:17,298
DA:19,156
DA:20,156
DA:23,156
DA:25,156
DA:26,0
DA:27,0
DA:30,0
DA:31,0
DA:36,156
DA:37,132
DA:40,156
DA:50,132
DA:53,0
DA:60,0
DA:75,2
LF:25
LH:19
BRDA:23,0,0,156
BRDA:23,0,1,2
BRDA:26,1,0,0
BRDA:26,1,1,0
BRDA:30,2,0,0
BRDA:30,2,1,0
BRDA:30,3,0,0
BRDA:30,3,1,0
BRDA:44,4,0,156
BRDA:44,4,1,73
BRDA:44,4,2,19
BRDA:44,4,3,19
BRDA:47,5,0,156
BRDA:47,5,1,83
BRDA:48,6,0,156
BRDA:48,6,1,73
BRDA:48,6,2,54
BRDA:52,7,0,0
BRDA:52,7,1,132
BRDA:52,8,0,0
BRDA:52,8,1,132
BRDA:56,9,0,132
BRDA:56,9,1,0
BRDA:64,10,0,132
BRDA:64,10,1,4
BRDA:66,11,0,132
BRDA:66,11,1,5
BRDA:67,12,0,132
BRDA:67,12,1,6
BRDA:51,13,0,132
BRDA:51,13,1,2
BRF:31
BRH:22
end_of_record
TN:
SF:src\components\main\ResultsHeader.tsx
FN:1,(anonymous_0)
FNF:1
FNH:1
FNDA:156,(anonymous_0)
DA:1,2
DA:2,156
DA:10,2
LF:3
LH:3
BRF:0
BRH:0
end_of_record
TN:
SF:src\components\main\ResultsItemHint.tsx
FN:4,(anonymous_1)
FNF:1
FNH:1
FNDA:19,(anonymous_1)
DA:1,2
DA:2,2
DA:4,2
DA:5,19
DA:15,2
LF:5
LH:5
BRF:0
BRH:0
end_of_record
TN:
SF:src\components\main\SelectionControls.tsx
FN:11,(anonymous_1)
FN:16,(anonymous_2)
FN:19,(anonymous_3)
FN:23,(anonymous_4)
FN:27,(anonymous_5)
FNF:5
FNH:2
FNDA:156,(anonymous_1)
FNDA:298,(anonymous_2)
FNDA:0,(anonymous_3)
FNDA:0,(anonymous_4)
FNDA:0,(anonymous_5)
DA:1,2
DA:2,2
DA:3,2
DA:9,2
DA:11,2
DA:14,156
DA:15,156
DA:16,298
DA:19,156
DA:20,0
DA:23,156
DA:24,0
DA:27,156
DA:28,0
DA:31,156
DA:68,2
LF:16
LH:13
BRDA:35,0,0,156
BRDA:35,0,1,0
BRDA:42,1,0,0
BRDA:42,1,1,156
BRDA:46,2,0,156
BRDA:46,2,1,0
BRF:6
BRH:3
end_of_record
TN:
SF:src\contexts\ThemeContext.tsx
FN:10,(anonymous_9)
FN:12,(anonymous_10)
FN:26,(anonymous_11)
FN:38,(anonymous_12)
FN:39,(anonymous_13)
FN:42,(anonymous_14)
FN:58,(anonymous_15)
FNF:7
FNH:7
FNDA:206,(anonymous_9)
FNDA:192,(anonymous_10)
FNDA:183,(anonymous_11)
FNDA:5,(anonymous_12)
FNDA:5,(anonymous_13)
FNDA:2,(anonymous_14)
FNDA:173,(anonymous_15)
DA:1,17
DA:8,17
DA:10,17
DA:12,206
DA:13,192
DA:14,192
DA:15,192
DA:16,190
DA:19,2
DA:22,0
DA:26,206
DA:27,183
DA:28,183
DA:31,183
DA:32,183
DA:38,206
DA:39,5
DA:42,206
DA:43,2
DA:46,206
DA:52,206
DA:58,17
DA:59,173
DA:60,172
DA:61,2
DA:63,170
LF:26
LH:25
BRDA:13,0,0,192
BRDA:13,0,1,0
BRDA:16,1,0,190
BRDA:16,1,1,184
BRDA:39,2,0,4
BRDA:39,2,1,1
BRDA:60,3,0,2
BRDA:60,3,1,170
BRF:8
BRH:7
end_of_record
TN:
SF:src\hooks\useLocalStorage.ts
FN:7,useLocalStorage
FN:12,(anonymous_1)
FN:31,(anonymous_2)
FN:47,(anonymous_3)
FN:68,(anonymous_4)
FN:86,useSearchTerm
FN:90,(anonymous_6)
FN:109,(anonymous_7)
FN:124,(anonymous_8)
FN:140,(anonymous_9)
FN:152,(anonymous_10)
FNF:11
FNH:5
FNDA:0,useLocalStorage
FNDA:0,(anonymous_1)
FNDA:0,(anonymous_2)
FNDA:0,(anonymous_3)
FNDA:0,(anonymous_4)
FNDA:132,useSearchTerm
FNDA:171,(anonymous_6)
FNDA:24,(anonymous_7)
FNDA:15,(anonymous_8)
FNDA:0,(anonymous_9)
FNDA:15,(anonymous_10)
DA:1,1
DA:7,1
DA:12,0
DA:13,0
DA:15,0
DA:16,0
DA:21,0
DA:22,0
DA:23,0
DA:24,0
DA:26,0
DA:31,0
DA:32,0
DA:33,0
DA:36,0
DA:37,0
DA:38,0
DA:40,0
DA:41,0
DA:46,0
DA:48,0
DA:51,0
DA:54,0
DA:57,0
DA:58,0
DA:61,0
DA:68,0
DA:69,0
DA:70,0
DA:71,0
DA:72,0
DA:75,0
DA:79,0
DA:86,1
DA:87,132
DA:90,132
DA:91,171
DA:93,171
DA:94,171
DA:99,0
DA:100,0
DA:101,0
DA:102,0
DA:104,0
DA:109,132
DA:110,24
DA:111,0
DA:114,24
DA:115,24
DA:116,23
DA:118,1
DA:119,1
DA:123,132
DA:125,15
DA:126,15
DA:127,15
DA:130,15
DA:131,15
DA:134,0
DA:140,132
DA:141,0
DA:142,0
DA:143,0
DA:144,0
DA:147,0
DA:151,132
DA:153,15
DA:158,132
LF:68
LH:25
BRDA:15,0,0,0
BRDA:15,0,1,0
BRDA:15,1,0,0
BRDA:15,1,1,0
BRDA:17,2,0,0
BRDA:17,2,1,0
BRDA:32,3,0,0
BRDA:32,3,1,0
BRDA:38,4,0,0
BRDA:38,4,1,0
BRDA:51,5,0,0
BRDA:51,5,1,0
BRDA:57,6,0,0
BRDA:57,6,1,0
BRDA:71,7,0,0
BRDA:71,7,1,0
BRDA:93,8,0,171
BRDA:93,8,1,0
BRDA:93,9,0,171
BRDA:93,9,1,0
BRDA:95,10,0,171
BRDA:95,10,1,171
BRDA:110,11,0,0
BRDA:110,11,1,24
BRDA:116,12,0,23
BRDA:116,12,1,22
BRDA:130,13,0,15
BRDA:130,13,1,0
BRDA:143,14,0,0
BRDA:143,14,1,0
BRF:30
BRH:8
end_of_record
TN:
SF:src\services\LocalStorageService.ts
FN:9,saveSearchTerm
FN:20,getSavedSearchTerm
FN:32,clearSearchTerm
FN:43,isLocalStorageAvailable
FNF:4
FNH:4
FNDA:22,saveSearchTerm
FNDA:109,getSavedSearchTerm
FNDA:5,clearSearchTerm
FNDA:7,isLocalStorageAvailable
DA:4,1
DA:10,22
DA:11,22
DA:13,18
DA:21,109
DA:22,109
DA:24,3
DA:25,3
DA:33,5
DA:34,5
DA:36,4
DA:44,7
DA:45,7
DA:46,7
DA:47,2
DA:48,1
DA:50,6
DA:54,1
LF:18
LH:18
BRDA:22,0,0,109
BRDA:22,0,1,2
BRF:2
BRH:2
end_of_record
TN:
SF:src\store\hooks.ts
FN:6,(anonymous_0)
FNF:1
FNH:1
FNDA:728,(anonymous_0)
DA:1,4
DA:6,728
DA:7,4
LF:3
LH:3
BRF:0
BRH:0
end_of_record
TN:
SF:src\store\slices\itemDetailsSlice.ts
FN:18,(anonymous_0)
FN:23,(anonymous_1)
FN:36,(anonymous_2)
FN:83,(anonymous_3)
FN:97,(anonymous_4)
FN:130,(anonymous_5)
FN:134,(anonymous_6)
FN:139,(anonymous_7)
FN:143,(anonymous_8)
FN:146,(anonymous_9)
FN:150,(anonymous_10)
FN:156,(anonymous_11)
FN:162,(anonymous_12)
FN:166,(anonymous_13)
FN:172,(anonymous_14)
FNF:15
FNH:10
FNDA:7,(anonymous_0)
FNDA:2,(anonymous_1)
FNDA:10,(anonymous_2)
FNDA:0,(anonymous_3)
FNDA:0,(anonymous_4)
FNDA:1,(anonymous_5)
FNDA:17,(anonymous_6)
FNDA:1,(anonymous_7)
FNDA:11,(anonymous_8)
FNDA:0,(anonymous_9)
FNDA:0,(anonymous_10)
FNDA:0,(anonymous_11)
FNDA:5,(anonymous_12)
FNDA:1,(anonymous_13)
FNDA:3,(anonymous_14)
DA:1,17
DA:8,17
DA:16,17
DA:19,7
DA:21,7
DA:23,2
DA:26,2
DA:36,10
DA:52,2
DA:56,5
DA:60,2
DA:62,1
DA:63,1
DA:67,0
DA:70,1
DA:71,1
DA:73,3
DA:81,17
DA:84,0
DA:86,0
DA:97,0
DA:115,0
DA:117,0
DA:126,17
DA:131,1
DA:132,1
DA:135,17
DA:136,17
DA:137,17
DA:140,1
DA:144,11
DA:147,0
DA:148,0
DA:151,0
DA:152,0
DA:153,0
DA:154,0
DA:157,0
DA:158,0
DA:159,0
DA:163,5
DA:164,5
DA:167,1
DA:168,1
DA:169,1
DA:170,1
DA:173,3
DA:174,3
DA:175,3
DA:180,17
DA:185,17
LF:51
LH:36
BRDA:21,0,0,2
BRDA:21,0,1,5
BRDA:60,1,0,1
BRDA:60,1,1,1
BRDA:62,2,0,1
BRDA:62,2,1,0
BRDA:74,3,0,2
BRDA:74,3,1,1
BRDA:94,4,0,0
BRDA:94,4,1,0
BRDA:118,5,0,0
BRDA:118,5,1,0
BRF:12
BRH:7
end_of_record
TN:
SF:src\store\slices\seasonsSlice.ts
FN:21,(anonymous_0)
FN:59,(anonymous_1)
FN:62,(anonymous_2)
FN:66,(anonymous_3)
FN:70,(anonymous_4)
FN:94,(anonymous_5)
FN:97,(anonymous_6)
FN:101,(anonymous_7)
FN:103,(anonymous_8)
FN:107,(anonymous_9)
FN:126,(anonymous_10)
FNF:11
FNH:7
FNDA:54,(anonymous_0)
FNDA:42,(anonymous_1)
FNDA:0,(anonymous_2)
FNDA:0,(anonymous_3)
FNDA:0,(anonymous_4)
FNDA:0,(anonymous_5)
FNDA:39,(anonymous_6)
FNDA:10,(anonymous_7)
FNDA:54,(anonymous_8)
FNDA:16,(anonymous_9)
FNDA:38,(anonymous_10)
DA:1,17
DA:5,17
DA:19,17
DA:25,54
DA:27,54
DA:38,51
DA:39,2
DA:42,16
DA:43,16
DA:48,38
DA:55,17
DA:60,42
DA:63,0
DA:64,0
DA:67,0
DA:68,0
DA:78,0
DA:79,0
DA:80,0
DA:83,0
DA:84,0
DA:85,0
DA:87,0
DA:95,0
DA:98,39
DA:102,10
DA:104,54
DA:105,54
DA:108,16
DA:109,16
DA:110,16
DA:113,16
DA:114,16
DA:115,16
DA:119,16
DA:127,38
DA:128,38
DA:133,17
DA:141,17
LF:39
LH:27
BRDA:22,0,0,0
BRDA:38,1,0,2
BRDA:38,1,1,16
BRDA:44,2,0,16
BRDA:44,2,1,3
BRDA:49,3,0,38
BRDA:49,3,1,0
BRDA:80,4,0,0
BRDA:80,4,1,0
BRDA:83,5,0,0
BRDA:83,5,1,0
BRDA:113,6,0,16
BRDA:113,6,1,0
BRF:13
BRH:6
end_of_record
TN:
SF:src\store\slices\selectedItemsSlice.ts
FN:15,(anonymous_0)
FN:18,(anonymous_1)
FN:32,(anonymous_2)
FN:36,(anonymous_3)
FN:41,(anonymous_4)
FN:50,(anonymous_5)
FN:52,(anonymous_6)
FNF:7
FNH:7
FNDA:3,(anonymous_0)
FNDA:2,(anonymous_1)
FNDA:1,(anonymous_2)
FNDA:2,(anonymous_3)
FNDA:2,(anonymous_4)
FNDA:2,(anonymous_5)
FNDA:3,(anonymous_6)
DA:1,17
DA:5,17
DA:11,17
DA:16,3
DA:17,3
DA:18,2
DA:21,3
DA:23,1
DA:26,2
DA:29,3
DA:33,1
DA:37,2
DA:38,2
DA:42,2
DA:43,2
DA:45,1
DA:46,1
DA:51,2
DA:52,3
DA:58,17
DA:66,17
LF:21
LH:21
BRDA:21,0,0,1
BRDA:21,0,1,2
BRDA:43,1,0,1
BRDA:43,1,1,1
BRF:4
BRH:4
end_of_record
TN:
SF:src\utils\fileDownload.ts
FN:10,(anonymous_0)
FN:51,(anonymous_1)
FN:59,(anonymous_2)
FN:61,(anonymous_3)
FNF:4
FNH:4
FNDA:3,(anonymous_0)
FNDA:8,(anonymous_1)
FNDA:9,(anonymous_2)
FNDA:20,(anonymous_3)
DA:10,2
DA:15,3
DA:17,3
DA:22,3
DA:25,3
DA:32,2
DA:35,2
DA:37,1
DA:39,1
DA:42,1
DA:43,1
DA:44,1
DA:51,2
DA:55,8
DA:57,7
DA:60,9
DA:62,20
DA:63,20
DA:65,20
DA:70,3
DA:72,17
DA:78,7
LF:22
LH:22
BRDA:13,0,0,2
BRDA:17,1,0,3
BRDA:17,1,1,0
BRDA:39,2,0,1
BRDA:39,2,1,0
BRDA:55,3,0,1
BRDA:55,3,1,7
BRDA:62,4,0,20
BRDA:62,4,1,2
BRDA:65,5,0,3
BRDA:65,5,1,17
BRDA:66,6,0,20
BRDA:66,6,1,19
BRDA:66,6,2,18
BRF:14
BRH:12
end_of_record
TN:
SF:src\utils\pagination.ts
FN:7,calculatePagination
FN:30,getPaginatedItems
FN:54,getPageFromUrl
FN:63,updateUrlWithPage
FN:82,updateUrlWithDetails
FN:101,getDetailsFromUrl
FNF:6
FNH:6
FNDA:139,calculatePagination
FNDA:135,getPaginatedItems
FNDA:42,getPageFromUrl
FNDA:2,updateUrlWithPage
FNDA:2,updateUrlWithDetails
FNDA:26,getDetailsFromUrl
DA:7,2
DA:12,139
DA:13,139
DA:14,139
DA:15,139
DA:17,139
DA:30,2
DA:35,135
DA:40,135
DA:45,135
DA:54,2
DA:55,42
DA:56,42
DA:57,42
DA:63,2
DA:68,2
DA:70,2
DA:71,1
DA:73,1
DA:76,2
DA:82,2
DA:87,2
DA:89,2
DA:90,1
DA:92,1
DA:95,2
DA:101,2
DA:104,26
LF:28
LH:28
BRDA:56,0,0,2
BRDA:56,0,1,40
BRDA:57,1,0,1
BRDA:57,1,1,41
BRDA:57,2,0,42
BRDA:57,2,1,41
BRDA:70,3,0,1
BRDA:70,3,1,1
BRDA:89,4,0,1
BRDA:89,4,1,1
BRF:10
BRH:10
end_of_record
