TN:
SF:src\App.tsx
FN:28,(anonymous_1)
FN:33,(anonymous_2)
FN:35,(anonymous_3)
FN:37,(anonymous_4)
FN:43,(anonymous_5)
FN:50,(anonymous_6)
FN:56,(anonymous_7)
FN:76,(anonymous_8)
FN:86,(anonymous_9)
FN:105,(anonymous_10)
FN:126,(anonymous_11)
FN:139,(anonymous_12)
FN:171,(anonymous_13)
FNF:13
FNH:9
FNDA:97,(anonymous_1)
FNDA:167,(anonymous_2)
FNDA:167,(anonymous_3)
FNDA:167,(anonymous_4)
FNDA:0,(anonymous_5)
FNDA:38,(anonymous_6)
FNDA:38,(anonymous_7)
FNDA:14,(anonymous_8)
FNDA:0,(anonymous_9)
FNDA:0,(anonymous_10)
FNDA:0,(anonymous_11)
FNDA:24,(anonymous_12)
FNDA:24,(anonymous_13)
DA:1,1
DA:2,1
DA:3,1
DA:4,1
DA:5,1
DA:12,1
DA:17,1
DA:18,1
DA:19,1
DA:20,1
DA:26,1
DA:28,1
DA:29,97
DA:30,97
DA:31,97
DA:32,97
DA:33,167
DA:35,167
DA:36,97
DA:37,167
DA:39,97
DA:40,97
DA:42,97
DA:44,0
DA:49,97
DA:52,38
DA:53,38
DA:56,38
DA:59,34
DA:60,34
DA:67,34
DA:71,0
DA:76,97
DA:77,14
DA:78,14
DA:80,14
DA:81,14
DA:82,14
DA:85,97
DA:89,0
DA:91,0
DA:92,0
DA:93,0
DA:94,0
DA:96,0
DA:99,0
DA:104,97
DA:106,0
DA:109,0
DA:110,0
DA:113,0
DA:117,0
DA:118,0
DA:120,0
DA:126,97
DA:127,0
DA:130,0
DA:131,0
DA:132,0
DA:134,0
DA:139,97
DA:141,24
DA:142,24
DA:143,24
DA:148,24
DA:149,1
DA:153,24
DA:156,24
DA:171,97
DA:172,24
DA:176,0
DA:181,97
DA:187,97
DA:204,1
LF:74
LH:52
BRDA:50,0,0,0
BRDA:52,1,0,38
BRDA:52,1,1,0
BRDA:89,2,0,0
BRDA:89,2,1,0
BRDA:91,3,0,0
BRDA:91,3,1,0
BRDA:93,4,0,0
BRDA:93,4,1,0
BRDA:109,5,0,0
BRDA:109,5,1,0
BRDA:117,6,0,0
BRDA:117,6,1,0
BRDA:131,7,0,0
BRDA:131,7,1,0
BRDA:141,8,0,0
BRDA:141,8,1,24
BRDA:143,9,0,24
BRDA:143,9,1,24
BRDA:148,10,0,1
BRDA:148,10,1,23
BRDA:172,11,0,0
BRDA:172,11,1,24
BRDA:173,12,0,24
BRDA:173,12,1,24
BRDA:173,12,2,24
BRF:26
BRH:10
end_of_record
TN:
SF:src\__tests__\test-utils.tsx
FN:22,(anonymous_5)
FN:30,(anonymous_6)
FN:59,(anonymous_7)
FN:67,(anonymous_8)
FN:77,(anonymous_9)
FN:90,Wrapper
FNF:6
FNH:6
FNDA:72,(anonymous_5)
FNDA:54,(anonymous_6)
FNDA:164,(anonymous_7)
FNDA:164,(anonymous_8)
FNDA:164,(anonymous_9)
FNDA:187,Wrapper
DA:1,18
DA:2,18
DA:3,18
DA:4,18
DA:5,18
DA:7,18
DA:8,18
DA:9,18
DA:10,18
DA:14,18
DA:22,18
DA:23,72
DA:30,18
DA:31,54
DA:32,54
DA:33,54
DA:34,54
DA:35,54
DA:39,18
DA:59,18
DA:60,164
DA:68,164
DA:77,18
DA:91,187
DA:102,164
DA:105,18
DA:106,18
LF:27
LH:27
BRDA:79,0,0,146
BRDA:81,1,0,146
BRDA:82,2,0,164
BRF:3
BRH:3
end_of_record
TN:
SF:src\__tests__\mocks\api.ts
FN:5,(anonymous_0)
FN:10,(anonymous_1)
FN:14,(anonymous_2)
FN:27,(anonymous_3)
FN:35,(anonymous_4)
FN:39,(anonymous_5)
FN:44,(anonymous_6)
FNF:7
FNH:4
FNDA:42,(anonymous_0)
FNDA:10,(anonymous_1)
FNDA:0,(anonymous_2)
FNDA:2,(anonymous_3)
FNDA:0,(anonymous_4)
FNDA:0,(anonymous_5)
FNDA:24,(anonymous_6)
DA:2,18
DA:5,18
DA:6,42
DA:10,18
DA:11,10
DA:14,0
DA:27,18
DA:31,2
DA:35,0
DA:39,18
DA:40,0
DA:44,18
DA:45,24
LF:13
LH:10
BRDA:28,0,0,0
BRDA:29,1,0,1
BRF:2
BRH:1
end_of_record
TN:
SF:src\components\common\Pagination.tsx
FN:5,(anonymous_1)
FN:19,(anonymous_2)
FN:64,(anonymous_3)
FN:72,(anonymous_4)
FN:83,(anonymous_5)
FN:95,(anonymous_6)
FNF:6
FNH:3
FNDA:90,(anonymous_1)
FNDA:27,(anonymous_2)
FNDA:0,(anonymous_3)
FNDA:74,(anonymous_4)
FNDA:0,(anonymous_5)
FNDA:0,(anonymous_6)
DA:1,2
DA:3,2
DA:5,2
DA:12,90
DA:13,63
DA:16,27
DA:17,27
DA:19,27
DA:20,27
DA:21,27
DA:23,27
DA:25,26
DA:26,65
DA:30,1
DA:31,1
DA:33,1
DA:34,1
DA:35,1
DA:38,1
DA:39,5
DA:42,1
DA:43,1
DA:44,1
DA:48,27
DA:51,27
DA:53,27
DA:64,0
DA:73,74
DA:83,0
DA:95,0
DA:106,2
LF:31
LH:28
BRDA:12,0,0,63
BRDA:12,0,1,27
BRDA:23,1,0,26
BRDA:23,1,1,1
BRDA:33,2,0,1
BRDA:33,2,1,0
BRDA:35,3,0,1
BRDA:35,3,1,0
BRDA:42,4,0,1
BRDA:42,4,1,0
BRDA:43,5,0,1
BRDA:43,5,1,0
BRDA:73,6,0,2
BRDA:73,6,1,72
BRDA:81,7,0,27
BRDA:81,7,1,45
BRDA:85,8,0,27
BRDA:85,8,1,45
BRF:18
BRH:14
end_of_record
TN:
SF:src\components\common\ThemeToggle.tsx
FN:5,(anonymous_1)
FNF:1
FNH:1
FNDA:103,(anonymous_1)
DA:1,2
DA:2,2
DA:3,2
DA:5,2
DA:6,103
DA:8,103
DA:20,2
LF:7
LH:7
BRDA:12,0,0,101
BRDA:12,0,1,2
BRDA:13,1,0,101
BRDA:13,1,1,2
BRDA:15,2,0,101
BRDA:15,2,1,2
BRF:6
BRH:6
end_of_record
TN:
SF:src\components\details\ItemDetails.tsx
FN:7,(anonymous_1)
FN:10,(anonymous_2)
FN:13,(anonymous_3)
FN:127,(anonymous_4)
FNF:4
FNH:4
FNDA:93,(anonymous_1)
FNDA:173,(anonymous_2)
FNDA:1,(anonymous_3)
FNDA:10,(anonymous_4)
DA:1,2
DA:2,2
DA:3,2
DA:4,2
DA:5,2
DA:7,2
DA:8,93
DA:9,93
DA:10,173
DA:13,93
DA:14,1
DA:17,93
DA:18,85
DA:21,8
DA:128,10
DA:198,2
LF:16
LH:16
BRDA:17,0,0,85
BRDA:17,0,1,8
BRDA:37,1,0,8
BRDA:37,1,1,1
BRDA:44,2,0,8
BRDA:44,2,1,1
BRDA:49,3,0,0
BRDA:49,3,1,1
BRDA:49,4,0,1
BRDA:49,4,1,1
BRDA:64,5,0,8
BRDA:64,5,1,6
BRDA:64,5,2,6
BRDA:68,6,0,6
BRDA:68,6,1,2
BRDA:80,7,0,6
BRDA:80,7,1,5
BRDA:82,8,0,6
BRDA:82,8,1,2
BRDA:92,9,0,6
BRDA:92,9,1,2
BRDA:105,10,0,6
BRDA:105,10,1,1
BRDA:113,11,0,1
BRDA:113,11,1,1
BRDA:123,12,0,6
BRDA:123,12,1,3
BRDA:123,12,2,3
BRDA:135,13,0,3
BRDA:135,13,1,1
BRDA:145,14,0,6
BRDA:145,14,1,5
BRDA:145,14,2,5
BRDA:145,14,3,1
BRDA:151,15,0,1
BRDA:151,15,1,1
BRDA:157,16,0,1
BRDA:157,16,1,0
BRDA:163,17,0,1
BRDA:163,17,1,0
BRDA:169,18,0,1
BRDA:169,18,1,0
BRDA:175,19,0,1
BRDA:175,19,1,0
BRDA:181,20,0,1
BRDA:181,20,1,0
BRF:46
BRH:40
end_of_record
TN:
SF:src\components\download\DownloadFlyout.tsx
FN:8,(anonymous_1)
FN:10,(anonymous_2)
FN:16,(anonymous_3)
FN:20,(anonymous_4)
FN:21,(anonymous_5)
FN:33,(anonymous_6)
FN:50,(anonymous_7)
FN:52,(anonymous_8)
FNF:8
FNH:8
FNDA:93,(anonymous_1)
FNDA:173,(anonymous_2)
FNDA:1,(anonymous_3)
FNDA:5,(anonymous_4)
FNDA:7,(anonymous_5)
FNDA:5,(anonymous_6)
FNDA:7,(anonymous_7)
FNDA:56,(anonymous_8)
DA:1,2
DA:2,2
DA:3,2
DA:5,2
DA:6,2
DA:8,2
DA:9,93
DA:10,173
DA:12,93
DA:13,85
DA:16,8
DA:17,1
DA:20,8
DA:21,7
DA:33,8
DA:34,5
DA:45,5
DA:47,5
DA:51,7
DA:53,56
DA:55,56
DA:60,2
DA:62,54
DA:68,5
DA:70,5
DA:78,8
DA:80,8
DA:115,2
LF:28
LH:28
BRDA:12,0,0,85
BRDA:12,0,1,8
BRDA:22,1,0,7
BRDA:22,1,1,0
BRDA:23,2,0,7
BRDA:23,2,1,1
BRDA:25,3,0,7
BRDA:25,3,1,2
BRDA:26,4,0,7
BRDA:26,4,1,4
BRDA:27,5,0,7
BRDA:27,5,1,4
BRDA:28,6,0,7
BRDA:28,6,1,0
BRDA:29,7,0,7
BRDA:29,7,1,0
BRDA:55,8,0,2
BRDA:55,8,1,54
BRDA:56,9,0,56
BRDA:56,9,1,55
BRDA:56,9,2,55
BRDA:78,10,0,4
BRDA:78,10,1,4
BRF:23
BRH:20
end_of_record
TN:
SF:src\components\error\Error.tsx
FN:7,(anonymous_1)
FN:20,(anonymous_2)
FN:12,(anonymous_3)
FN:16,(anonymous_4)
FN:24,(anonymous_5)
FNF:5
FNH:5
FNDA:60,(anonymous_1)
FNDA:3,(anonymous_2)
FNDA:36,(anonymous_3)
FNDA:18,(anonymous_4)
FNDA:159,(anonymous_5)
DA:1,2
DA:3,2
DA:8,60
DA:9,59
DA:13,36
DA:17,18
DA:20,59
DA:21,3
DA:25,159
DA:26,36
DA:34,123
LF:11
LH:11
BRDA:25,0,0,36
BRDA:25,0,1,123
BRF:2
BRH:2
end_of_record
TN:
SF:src\components\error\ErrorButton.tsx
FN:1,(anonymous_0)
FN:2,(anonymous_1)
FNF:2
FNH:1
FNDA:102,(anonymous_0)
FNDA:0,(anonymous_1)
DA:1,2
DA:2,102
DA:3,0
DA:6,102
DA:13,2
LF:5
LH:4
BRF:0
BRH:0
end_of_record
TN:
SF:src\components\footer\Footer.tsx
FN:5,(anonymous_1)
FNF:1
FNH:1
FNDA:83,(anonymous_1)
DA:1,1
DA:2,1
DA:3,1
DA:5,1
DA:6,83
DA:39,1
LF:6
LH:6
BRF:0
BRH:0
end_of_record
TN:
SF:src\components\header\Header.tsx
FN:8,(anonymous_1)
FNF:1
FNH:1
FNDA:103,(anonymous_1)
DA:1,2
DA:2,2
DA:3,2
DA:4,2
DA:5,2
DA:8,2
DA:9,103
DA:40,2
LF:8
LH:8
BRF:0
BRH:0
end_of_record
TN:
SF:src\components\header\search\Button.tsx
FN:3,(anonymous_0)
FNF:1
FNH:1
FNDA:116,(anonymous_0)
DA:3,3
DA:4,116
DA:11,3
LF:3
LH:3
BRF:0
BRH:0
end_of_record
TN:
SF:src\components\header\search\Input.tsx
FN:3,(anonymous_0)
FNF:1
FNH:1
FNDA:113,(anonymous_0)
DA:3,3
DA:4,113
DA:14,3
LF:3
LH:3
BRDA:9,0,0,113
BRDA:9,0,1,1
BRF:2
BRH:2
end_of_record
TN:
SF:src\components\layout\AppContainer.tsx
FN:15,(anonymous_1)
FNF:1
FNH:1
FNDA:83,(anonymous_1)
DA:2,1
DA:3,1
DA:4,1
DA:5,1
DA:6,1
DA:7,1
DA:8,1
DA:9,1
DA:10,1
DA:15,1
DA:26,83
DA:64,1
LF:12
LH:12
BRDA:24,0,0,0
BRDA:27,1,0,0
BRDA:27,1,1,83
BRDA:39,2,0,83
BRDA:39,2,1,83
BRDA:39,2,2,83
BRF:6
BRH:4
end_of_record
TN:
SF:src\components\loader\Loader.tsx
FN:4,(anonymous_1)
FNF:1
FNH:1
FNDA:66,(anonymous_1)
DA:1,4
DA:2,4
DA:4,4
DA:5,66
DA:8,4
LF:5
LH:5
BRF:0
BRH:0
end_of_record
TN:
SF:src\components\main\ResultsContainer.tsx
FN:10,(anonymous_1)
FN:17,(anonymous_2)
FN:25,(anonymous_3)
FN:36,(anonymous_4)
FN:37,(anonymous_5)
FN:49,(anonymous_6)
FN:53,(anonymous_7)
FN:60,(anonymous_8)
FNF:8
FNH:4
FNDA:107,(anonymous_1)
FNDA:199,(anonymous_2)
FNDA:0,(anonymous_3)
FNDA:228,(anonymous_4)
FNDA:0,(anonymous_5)
FNDA:228,(anonymous_6)
FNDA:0,(anonymous_7)
FNDA:0,(anonymous_8)
DA:3,2
DA:4,2
DA:5,2
DA:6,2
DA:7,2
DA:8,2
DA:10,2
DA:15,107
DA:16,107
DA:17,199
DA:19,107
DA:20,107
DA:23,107
DA:25,107
DA:26,0
DA:27,0
DA:30,0
DA:31,0
DA:36,107
DA:37,228
DA:40,107
DA:50,228
DA:53,0
DA:60,0
DA:75,2
LF:25
LH:19
BRDA:23,0,0,107
BRDA:23,0,1,2
BRDA:26,1,0,0
BRDA:26,1,1,0
BRDA:30,2,0,0
BRDA:30,2,1,0
BRDA:30,3,0,0
BRDA:30,3,1,0
BRDA:44,4,0,107
BRDA:44,4,1,65
BRDA:44,4,2,33
BRDA:44,4,3,33
BRDA:47,5,0,107
BRDA:47,5,1,42
BRDA:48,6,0,107
BRDA:48,6,1,65
BRDA:48,6,2,32
BRDA:52,7,0,0
BRDA:52,7,1,228
BRDA:52,8,0,0
BRDA:52,8,1,228
BRDA:56,9,0,228
BRDA:56,9,1,0
BRDA:64,10,0,228
BRDA:64,10,1,4
BRDA:66,11,0,228
BRDA:66,11,1,5
BRDA:67,12,0,228
BRDA:67,12,1,6
BRDA:51,13,0,228
BRDA:51,13,1,2
BRF:31
BRH:22
end_of_record
TN:
SF:src\components\main\ResultsHeader.tsx
FN:1,(anonymous_0)
FNF:1
FNH:1
FNDA:107,(anonymous_0)
DA:1,2
DA:2,107
DA:10,2
LF:3
LH:3
BRF:0
BRH:0
end_of_record
TN:
SF:src\components\main\ResultsItemHint.tsx
FN:4,(anonymous_1)
FNF:1
FNH:1
FNDA:33,(anonymous_1)
DA:1,2
DA:2,2
DA:4,2
DA:5,33
DA:15,2
LF:5
LH:5
BRF:0
BRH:0
end_of_record
TN:
SF:src\components\main\SelectionControls.tsx
FN:11,(anonymous_1)
FN:16,(anonymous_2)
FN:19,(anonymous_3)
FN:23,(anonymous_4)
FN:27,(anonymous_5)
FNF:5
FNH:2
FNDA:107,(anonymous_1)
FNDA:199,(anonymous_2)
FNDA:0,(anonymous_3)
FNDA:0,(anonymous_4)
FNDA:0,(anonymous_5)
DA:1,2
DA:2,2
DA:3,2
DA:9,2
DA:11,2
DA:14,107
DA:15,107
DA:16,199
DA:19,107
DA:20,0
DA:23,107
DA:24,0
DA:27,107
DA:28,0
DA:31,107
DA:68,2
LF:16
LH:13
BRDA:35,0,0,107
BRDA:35,0,1,0
BRDA:42,1,0,0
BRDA:42,1,1,107
BRDA:46,2,0,107
BRDA:46,2,1,0
BRF:6
BRH:3
end_of_record
TN:
SF:src\contexts\ThemeContext.tsx
FN:10,(anonymous_9)
FN:12,(anonymous_10)
FN:26,(anonymous_11)
FN:38,(anonymous_12)
FN:39,(anonymous_13)
FN:42,(anonymous_14)
FN:58,(anonymous_15)
FNF:7
FNH:7
FNDA:205,(anonymous_9)
FNDA:191,(anonymous_10)
FNDA:182,(anonymous_11)
FNDA:5,(anonymous_12)
FNDA:5,(anonymous_13)
FNDA:2,(anonymous_14)
FNDA:124,(anonymous_15)
DA:1,18
DA:8,18
DA:10,18
DA:12,205
DA:13,191
DA:14,191
DA:15,191
DA:16,189
DA:19,2
DA:22,0
DA:26,205
DA:27,182
DA:28,182
DA:31,182
DA:32,182
DA:38,205
DA:39,5
DA:42,205
DA:43,2
DA:46,205
DA:52,205
DA:58,18
DA:59,124
DA:60,123
DA:61,2
DA:63,121
LF:26
LH:25
BRDA:13,0,0,191
BRDA:13,0,1,0
BRDA:16,1,0,189
BRDA:16,1,1,183
BRDA:39,2,0,4
BRDA:39,2,1,1
BRDA:60,3,0,2
BRDA:60,3,1,121
BRF:8
BRH:7
end_of_record
TN:
SF:src\hooks\useLocalStorage.ts
FN:7,useLocalStorage
FN:12,(anonymous_1)
FN:31,(anonymous_2)
FN:47,(anonymous_3)
FN:68,(anonymous_4)
FN:86,useSearchTerm
FN:90,(anonymous_6)
FN:109,(anonymous_7)
FN:124,(anonymous_8)
FN:140,(anonymous_9)
FN:152,(anonymous_10)
FNF:11
FNH:5
FNDA:0,useLocalStorage
FNDA:0,(anonymous_1)
FNDA:0,(anonymous_2)
FNDA:0,(anonymous_3)
FNDA:0,(anonymous_4)
FNDA:97,useSearchTerm
FNDA:135,(anonymous_6)
FNDA:24,(anonymous_7)
FNDA:14,(anonymous_8)
FNDA:0,(anonymous_9)
FNDA:14,(anonymous_10)
DA:1,1
DA:7,1
DA:12,0
DA:13,0
DA:15,0
DA:16,0
DA:21,0
DA:22,0
DA:23,0
DA:24,0
DA:26,0
DA:31,0
DA:32,0
DA:33,0
DA:36,0
DA:37,0
DA:38,0
DA:40,0
DA:41,0
DA:46,0
DA:48,0
DA:51,0
DA:54,0
DA:57,0
DA:58,0
DA:61,0
DA:68,0
DA:69,0
DA:70,0
DA:71,0
DA:72,0
DA:75,0
DA:79,0
DA:86,1
DA:87,97
DA:90,97
DA:91,135
DA:93,135
DA:94,135
DA:99,0
DA:100,0
DA:101,0
DA:102,0
DA:104,0
DA:109,97
DA:110,24
DA:111,0
DA:114,24
DA:115,24
DA:116,23
DA:118,1
DA:119,1
DA:123,97
DA:125,14
DA:126,14
DA:127,14
DA:130,14
DA:131,14
DA:134,0
DA:140,97
DA:141,0
DA:142,0
DA:143,0
DA:144,0
DA:147,0
DA:151,97
DA:153,14
DA:158,97
LF:68
LH:25
BRDA:15,0,0,0
BRDA:15,0,1,0
BRDA:15,1,0,0
BRDA:15,1,1,0
BRDA:17,2,0,0
BRDA:17,2,1,0
BRDA:32,3,0,0
BRDA:32,3,1,0
BRDA:38,4,0,0
BRDA:38,4,1,0
BRDA:51,5,0,0
BRDA:51,5,1,0
BRDA:57,6,0,0
BRDA:57,6,1,0
BRDA:71,7,0,0
BRDA:71,7,1,0
BRDA:93,8,0,135
BRDA:93,8,1,0
BRDA:93,9,0,135
BRDA:93,9,1,0
BRDA:95,10,0,135
BRDA:95,10,1,135
BRDA:110,11,0,0
BRDA:110,11,1,24
BRDA:116,12,0,23
BRDA:116,12,1,22
BRDA:130,13,0,14
BRDA:130,13,1,0
BRDA:143,14,0,0
BRDA:143,14,1,0
BRF:30
BRH:8
end_of_record
TN:
SF:src\services\LocalStorageService.ts
FN:9,saveSearchTerm
FN:20,getSavedSearchTerm
FN:32,clearSearchTerm
FN:43,isLocalStorageAvailable
FNF:4
FNH:4
FNDA:22,saveSearchTerm
FNDA:109,getSavedSearchTerm
FNDA:5,clearSearchTerm
FNDA:7,isLocalStorageAvailable
DA:4,1
DA:10,22
DA:11,22
DA:13,18
DA:21,109
DA:22,109
DA:24,3
DA:25,3
DA:33,5
DA:34,5
DA:36,4
DA:44,7
DA:45,7
DA:46,7
DA:47,2
DA:48,1
DA:50,6
DA:54,1
LF:18
LH:18
BRDA:22,0,0,109
BRDA:22,0,1,2
BRF:2
BRH:2
end_of_record
TN:
SF:src\services\apiConfig.ts
FN:20,shouldUseRealApi
FNF:1
FNH:1
FNDA:51,shouldUseRealApi
DA:7,18
DA:10,18
DA:20,18
DA:22,51
DA:23,51
DA:27,0
LF:6
LH:5
BRDA:7,0,0,18
BRDA:7,0,1,0
BRDA:22,1,0,51
BRDA:22,1,1,0
BRF:4
BRH:2
end_of_record
TN:
SF:src\services\mockData.ts
FN:90,filterMockSeasons
FN:97,(anonymous_1)
FNF:2
FNH:2
FNDA:47,filterMockSeasons
FNDA:91,(anonymous_1)
DA:7,18
DA:90,18
DA:91,47
DA:92,34
DA:95,13
DA:96,13
DA:98,91
LF:7
LH:7
BRDA:91,0,0,34
BRDA:91,0,1,13
BRDA:98,1,0,91
BRDA:98,1,1,91
BRF:4
BRH:4
end_of_record
TN:
SF:src\services\services.tsx
FN:22,(anonymous_0)
FN:38,(anonymous_1)
FN:45,(anonymous_2)
FN:86,(anonymous_3)
FN:95,(anonymous_4)
FN:135,(anonymous_5)
FN:146,(anonymous_6)
FN:159,(anonymous_7)
FN:167,(anonymous_8)
FN:174,(anonymous_9)
FN:181,(anonymous_10)
FN:187,(anonymous_11)
FN:195,(anonymous_12)
FN:195,(anonymous_13)
FN:200,(anonymous_14)
FN:205,(anonymous_15)
FN:205,(anonymous_16)
FN:216,(anonymous_17)
FN:223,(anonymous_18)
FN:223,(anonymous_19)
FNF:20
FNH:17
FNDA:35,(anonymous_0)
FNDA:5,(anonymous_1)
FNDA:13,(anonymous_2)
FNDA:0,(anonymous_3)
FNDA:0,(anonymous_4)
FNDA:0,(anonymous_5)
FNDA:4,(anonymous_6)
FNDA:2,(anonymous_7)
FNDA:2,(anonymous_8)
FNDA:6,(anonymous_9)
FNDA:2,(anonymous_10)
FNDA:1,(anonymous_11)
FNDA:1,(anonymous_12)
FNDA:1,(anonymous_13)
FNDA:2,(anonymous_14)
FNDA:2,(anonymous_15)
FNDA:2,(anonymous_16)
FNDA:1,(anonymous_17)
FNDA:1,(anonymous_18)
FNDA:1,(anonymous_19)
DA:6,1
DA:7,1
DA:8,1
DA:9,1
DA:18,1
DA:24,35
DA:25,35
DA:28,35
DA:29,35
DA:30,35
DA:31,35
DA:32,35
DA:39,5
DA:46,13
DA:49,13
DA:51,13
DA:52,13
DA:57,13
DA:60,0
DA:61,0
DA:62,0
DA:63,0
DA:66,0
DA:67,0
DA:74,0
DA:75,0
DA:90,0
DA:92,0
DA:93,0
DA:94,0
DA:95,0
DA:97,0
DA:106,0
DA:108,0
DA:109,0
DA:112,0
DA:113,0
DA:115,0
DA:118,0
DA:119,0
DA:120,0
DA:122,0
DA:123,0
DA:125,0
DA:126,0
DA:128,0
DA:129,0
DA:134,0
DA:135,0
DA:140,0
DA:147,4
DA:148,4
DA:151,4
DA:153,4
DA:160,2
DA:161,2
DA:168,2
DA:175,6
DA:182,2
DA:187,1
DA:190,1
DA:194,1
DA:195,1
DA:196,1
DA:197,1
DA:200,1
DA:201,2
DA:202,2
DA:205,2
DA:206,2
DA:207,2
DA:210,2
DA:212,2
DA:213,2
DA:216,1
DA:217,1
DA:219,1
DA:220,1
DA:223,1
DA:224,1
DA:225,1
LF:81
LH:49
BRDA:49,0,0,13
BRDA:49,0,1,0
BRDA:66,1,0,0
BRDA:66,1,1,0
BRDA:69,2,0,0
BRDA:69,2,1,0
BRDA:88,3,0,0
BRDA:108,4,0,0
BRDA:108,4,1,0
BRDA:118,5,0,0
BRDA:118,5,1,0
BRDA:119,6,0,0
BRDA:119,6,1,0
BRDA:122,7,0,0
BRDA:122,7,1,0
BRDA:125,8,0,0
BRDA:125,8,1,0
BRDA:128,9,0,0
BRDA:128,9,1,0
BRDA:134,10,0,0
BRDA:134,10,1,0
BRDA:140,11,0,0
BRDA:140,11,1,0
BRF:23
BRH:1
end_of_record
TN:
SF:src\store\hooks.ts
FN:6,(anonymous_0)
FNF:1
FNH:1
FNDA:497,(anonymous_0)
DA:1,4
DA:6,497
DA:7,4
LF:3
LH:3
BRF:0
BRH:0
end_of_record
TN:
SF:src\store\slices\itemDetailsSlice.ts
FN:18,(anonymous_0)
FN:23,(anonymous_1)
FN:36,(anonymous_2)
FN:83,(anonymous_3)
FN:97,(anonymous_4)
FN:130,(anonymous_5)
FN:134,(anonymous_6)
FN:139,(anonymous_7)
FN:143,(anonymous_8)
FN:146,(anonymous_9)
FN:150,(anonymous_10)
FN:156,(anonymous_11)
FN:162,(anonymous_12)
FN:166,(anonymous_13)
FN:172,(anonymous_14)
FNF:15
FNH:10
FNDA:7,(anonymous_0)
FNDA:2,(anonymous_1)
FNDA:10,(anonymous_2)
FNDA:0,(anonymous_3)
FNDA:0,(anonymous_4)
FNDA:1,(anonymous_5)
FNDA:16,(anonymous_6)
FNDA:1,(anonymous_7)
FNDA:11,(anonymous_8)
FNDA:0,(anonymous_9)
FNDA:0,(anonymous_10)
FNDA:0,(anonymous_11)
FNDA:5,(anonymous_12)
FNDA:1,(anonymous_13)
FNDA:3,(anonymous_14)
DA:1,18
DA:8,18
DA:16,18
DA:19,7
DA:21,7
DA:23,2
DA:26,2
DA:36,10
DA:52,2
DA:56,5
DA:60,2
DA:62,1
DA:63,1
DA:67,0
DA:70,1
DA:71,1
DA:73,3
DA:81,18
DA:84,0
DA:86,0
DA:97,0
DA:115,0
DA:117,0
DA:126,18
DA:131,1
DA:132,1
DA:135,16
DA:136,16
DA:137,16
DA:140,1
DA:144,11
DA:147,0
DA:148,0
DA:151,0
DA:152,0
DA:153,0
DA:154,0
DA:157,0
DA:158,0
DA:159,0
DA:163,5
DA:164,5
DA:167,1
DA:168,1
DA:169,1
DA:170,1
DA:173,3
DA:174,3
DA:175,3
DA:180,18
DA:185,18
LF:51
LH:36
BRDA:21,0,0,2
BRDA:21,0,1,5
BRDA:60,1,0,1
BRDA:60,1,1,1
BRDA:62,2,0,1
BRDA:62,2,1,0
BRDA:74,3,0,2
BRDA:74,3,1,1
BRDA:94,4,0,0
BRDA:94,4,1,0
BRDA:118,5,0,0
BRDA:118,5,1,0
BRF:12
BRH:7
end_of_record
TN:
SF:src\store\slices\seasonsSlice.ts
FN:23,(anonymous_0)
FN:71,(anonymous_1)
FN:74,(anonymous_2)
FN:78,(anonymous_3)
FN:82,(anonymous_4)
FN:106,(anonymous_5)
FN:109,(anonymous_6)
FN:113,(anonymous_7)
FN:115,(anonymous_8)
FN:119,(anonymous_9)
FN:138,(anonymous_10)
FNF:11
FNH:5
FNDA:0,(anonymous_0)
FNDA:1,(anonymous_1)
FNDA:0,(anonymous_2)
FNDA:0,(anonymous_3)
FNDA:34,(anonymous_4)
FNDA:38,(anonymous_5)
FNDA:24,(anonymous_6)
FNDA:10,(anonymous_7)
FNDA:0,(anonymous_8)
FNDA:0,(anonymous_9)
FNDA:0,(anonymous_10)
DA:1,18
DA:4,18
DA:5,18
DA:7,18
DA:21,18
DA:27,0
DA:29,0
DA:31,0
DA:32,0
DA:39,0
DA:50,0
DA:51,0
DA:54,0
DA:55,0
DA:60,0
DA:67,18
DA:72,1
DA:75,0
DA:76,0
DA:79,0
DA:80,0
DA:90,34
DA:91,34
DA:92,34
DA:95,34
DA:96,34
DA:97,34
DA:99,34
DA:107,38
DA:110,24
DA:114,10
DA:116,0
DA:117,0
DA:120,0
DA:121,0
DA:122,0
DA:125,0
DA:126,0
DA:127,0
DA:131,0
DA:139,0
DA:140,0
DA:145,18
DA:153,18
LF:44
LH:19
BRDA:24,0,0,0
BRDA:29,1,0,0
BRDA:29,1,1,0
BRDA:50,2,0,0
BRDA:50,2,1,0
BRDA:56,3,0,0
BRDA:56,3,1,0
BRDA:61,4,0,0
BRDA:61,4,1,0
BRDA:92,5,0,34
BRDA:92,5,1,0
BRDA:95,6,0,34
BRDA:95,6,1,0
BRDA:125,7,0,0
BRDA:125,7,1,0
BRF:15
BRH:2
end_of_record
TN:
SF:src\store\slices\selectedItemsSlice.ts
FN:15,(anonymous_0)
FN:18,(anonymous_1)
FN:32,(anonymous_2)
FN:36,(anonymous_3)
FN:41,(anonymous_4)
FN:50,(anonymous_5)
FN:52,(anonymous_6)
FNF:7
FNH:7
FNDA:3,(anonymous_0)
FNDA:2,(anonymous_1)
FNDA:1,(anonymous_2)
FNDA:2,(anonymous_3)
FNDA:2,(anonymous_4)
FNDA:2,(anonymous_5)
FNDA:3,(anonymous_6)
DA:1,18
DA:5,18
DA:11,18
DA:16,3
DA:17,3
DA:18,2
DA:21,3
DA:23,1
DA:26,2
DA:29,3
DA:33,1
DA:37,2
DA:38,2
DA:42,2
DA:43,2
DA:45,1
DA:46,1
DA:51,2
DA:52,3
DA:58,18
DA:66,18
LF:21
LH:21
BRDA:21,0,0,1
BRDA:21,0,1,2
BRDA:43,1,0,1
BRDA:43,1,1,1
BRF:4
BRH:4
end_of_record
TN:
SF:src\utils\fileDownload.ts
FN:10,(anonymous_0)
FN:51,(anonymous_1)
FN:59,(anonymous_2)
FN:61,(anonymous_3)
FNF:4
FNH:4
FNDA:3,(anonymous_0)
FNDA:8,(anonymous_1)
FNDA:9,(anonymous_2)
FNDA:20,(anonymous_3)
DA:10,2
DA:15,3
DA:17,3
DA:22,3
DA:25,3
DA:32,2
DA:35,2
DA:37,1
DA:39,1
DA:42,1
DA:43,1
DA:44,1
DA:51,2
DA:55,8
DA:57,7
DA:60,9
DA:62,20
DA:63,20
DA:65,20
DA:70,3
DA:72,17
DA:78,7
LF:22
LH:22
BRDA:13,0,0,2
BRDA:17,1,0,3
BRDA:17,1,1,0
BRDA:39,2,0,1
BRDA:39,2,1,0
BRDA:55,3,0,1
BRDA:55,3,1,7
BRDA:62,4,0,20
BRDA:62,4,1,2
BRDA:65,5,0,3
BRDA:65,5,1,17
BRDA:66,6,0,20
BRDA:66,6,1,19
BRDA:66,6,2,18
BRF:14
BRH:12
end_of_record
TN:
SF:src\utils\pagination.ts
FN:7,calculatePagination
FN:30,getPaginatedItems
FN:54,getPageFromUrl
FN:63,updateUrlWithPage
FN:82,updateUrlWithDetails
FN:101,getDetailsFromUrl
FNF:6
FNH:6
FNDA:104,calculatePagination
FNDA:100,getPaginatedItems
FNDA:27,getPageFromUrl
FNDA:2,updateUrlWithPage
FNDA:2,updateUrlWithDetails
FNDA:26,getDetailsFromUrl
DA:7,2
DA:12,104
DA:13,104
DA:14,104
DA:15,104
DA:17,104
DA:30,2
DA:35,100
DA:40,100
DA:45,100
DA:54,2
DA:55,27
DA:56,27
DA:57,27
DA:63,2
DA:68,2
DA:70,2
DA:71,1
DA:73,1
DA:76,2
DA:82,2
DA:87,2
DA:89,2
DA:90,1
DA:92,1
DA:95,2
DA:101,2
DA:104,26
LF:28
LH:28
BRDA:56,0,0,2
BRDA:56,0,1,25
BRDA:57,1,0,1
BRDA:57,1,1,26
BRDA:57,2,0,27
BRDA:57,2,1,26
BRDA:70,3,0,1
BRDA:70,3,1,1
BRDA:89,4,0,1
BRDA:89,4,1,1
BRF:10
BRH:10
end_of_record
